running egg_info
creating ../../build/encoder_uart_publisher/encoder_uart_publisher.egg-info
writing ../../build/encoder_uart_publisher/encoder_uart_publisher.egg-info/PKG-INFO
writing dependency_links to ../../build/encoder_uart_publisher/encoder_uart_publisher.egg-info/dependency_links.txt
writing entry points to ../../build/encoder_uart_publisher/encoder_uart_publisher.egg-info/entry_points.txt
writing requirements to ../../build/encoder_uart_publisher/encoder_uart_publisher.egg-info/requires.txt
writing top-level names to ../../build/encoder_uart_publisher/encoder_uart_publisher.egg-info/top_level.txt
writing manifest file '../../build/encoder_uart_publisher/encoder_uart_publisher.egg-info/SOURCES.txt'
reading manifest file '../../build/encoder_uart_publisher/encoder_uart_publisher.egg-info/SOURCES.txt'
writing manifest file '../../build/encoder_uart_publisher/encoder_uart_publisher.egg-info/SOURCES.txt'
running build
running build_py
creating /home/pyo/Workspace/turtlebot_ws/build/encoder_uart_publisher/build
creating /home/pyo/Workspace/turtlebot_ws/build/encoder_uart_publisher/build/lib
creating /home/pyo/Workspace/turtlebot_ws/build/encoder_uart_publisher/build/lib/encoder_uart_publisher
copying encoder_uart_publisher/__init__.py -> /home/pyo/Workspace/turtlebot_ws/build/encoder_uart_publisher/build/lib/encoder_uart_publisher
copying encoder_uart_publisher/encoder_node.py -> /home/pyo/Workspace/turtlebot_ws/build/encoder_uart_publisher/build/lib/encoder_uart_publisher
running install
running install_lib
creating /home/pyo/Workspace/turtlebot_ws/install/encoder_uart_publisher/lib/python3.10/site-packages/encoder_uart_publisher
copying /home/pyo/Workspace/turtlebot_ws/build/encoder_uart_publisher/build/lib/encoder_uart_publisher/__init__.py -> /home/pyo/Workspace/turtlebot_ws/install/encoder_uart_publisher/lib/python3.10/site-packages/encoder_uart_publisher
copying /home/pyo/Workspace/turtlebot_ws/build/encoder_uart_publisher/build/lib/encoder_uart_publisher/encoder_node.py -> /home/pyo/Workspace/turtlebot_ws/install/encoder_uart_publisher/lib/python3.10/site-packages/encoder_uart_publisher
byte-compiling /home/pyo/Workspace/turtlebot_ws/install/encoder_uart_publisher/lib/python3.10/site-packages/encoder_uart_publisher/__init__.py to __init__.cpython-310.pyc
byte-compiling /home/pyo/Workspace/turtlebot_ws/install/encoder_uart_publisher/lib/python3.10/site-packages/encoder_uart_publisher/encoder_node.py to encoder_node.cpython-310.pyc
running install_data
creating /home/pyo/Workspace/turtlebot_ws/install/encoder_uart_publisher/share/ament_index
creating /home/pyo/Workspace/turtlebot_ws/install/encoder_uart_publisher/share/ament_index/resource_index
creating /home/pyo/Workspace/turtlebot_ws/install/encoder_uart_publisher/share/ament_index/resource_index/packages
copying resource/encoder_uart_publisher -> /home/pyo/Workspace/turtlebot_ws/install/encoder_uart_publisher/share/ament_index/resource_index/packages
copying package.xml -> /home/pyo/Workspace/turtlebot_ws/install/encoder_uart_publisher/share/encoder_uart_publisher
running install_egg_info
Copying ../../build/encoder_uart_publisher/encoder_uart_publisher.egg-info to /home/pyo/Workspace/turtlebot_ws/install/encoder_uart_publisher/lib/python3.10/site-packages/encoder_uart_publisher-0.0.0-py3.10.egg-info
running install_scripts
Installing encoder_node script to /home/pyo/Workspace/turtlebot_ws/install/encoder_uart_publisher/lib/encoder_uart_publisher
writing list of installed files to '/home/pyo/Workspace/turtlebot_ws/build/encoder_uart_publisher/install.log'
