running egg_info
creating ../../build/encoder_odometry/encoder_odometry.egg-info
writing ../../build/encoder_odometry/encoder_odometry.egg-info/PKG-INFO
writing dependency_links to ../../build/encoder_odometry/encoder_odometry.egg-info/dependency_links.txt
writing entry points to ../../build/encoder_odometry/encoder_odometry.egg-info/entry_points.txt
writing requirements to ../../build/encoder_odometry/encoder_odometry.egg-info/requires.txt
writing top-level names to ../../build/encoder_odometry/encoder_odometry.egg-info/top_level.txt
writing manifest file '../../build/encoder_odometry/encoder_odometry.egg-info/SOURCES.txt'
reading manifest file '../../build/encoder_odometry/encoder_odometry.egg-info/SOURCES.txt'
writing manifest file '../../build/encoder_odometry/encoder_odometry.egg-info/SOURCES.txt'
running build
running build_py
creating /home/pyo/Workspace/turtlebot_ws/build/encoder_odometry/build
creating /home/pyo/Workspace/turtlebot_ws/build/encoder_odometry/build/lib
creating /home/pyo/Workspace/turtlebot_ws/build/encoder_odometry/build/lib/encoder_odometry
copying encoder_odometry/__init__.py -> /home/pyo/Workspace/turtlebot_ws/build/encoder_odometry/build/lib/encoder_odometry
copying encoder_odometry/encoder_odom_node.py -> /home/pyo/Workspace/turtlebot_ws/build/encoder_odometry/build/lib/encoder_odometry
running install
running install_lib
creating /home/pyo/Workspace/turtlebot_ws/install/encoder_odometry/lib/python3.10/site-packages/encoder_odometry
copying /home/pyo/Workspace/turtlebot_ws/build/encoder_odometry/build/lib/encoder_odometry/__init__.py -> /home/pyo/Workspace/turtlebot_ws/install/encoder_odometry/lib/python3.10/site-packages/encoder_odometry
copying /home/pyo/Workspace/turtlebot_ws/build/encoder_odometry/build/lib/encoder_odometry/encoder_odom_node.py -> /home/pyo/Workspace/turtlebot_ws/install/encoder_odometry/lib/python3.10/site-packages/encoder_odometry
byte-compiling /home/pyo/Workspace/turtlebot_ws/install/encoder_odometry/lib/python3.10/site-packages/encoder_odometry/__init__.py to __init__.cpython-310.pyc
byte-compiling /home/pyo/Workspace/turtlebot_ws/install/encoder_odometry/lib/python3.10/site-packages/encoder_odometry/encoder_odom_node.py to encoder_odom_node.cpython-310.pyc
running install_data
creating /home/pyo/Workspace/turtlebot_ws/install/encoder_odometry/share/ament_index
creating /home/pyo/Workspace/turtlebot_ws/install/encoder_odometry/share/ament_index/resource_index
creating /home/pyo/Workspace/turtlebot_ws/install/encoder_odometry/share/ament_index/resource_index/packages
copying resource/encoder_odometry -> /home/pyo/Workspace/turtlebot_ws/install/encoder_odometry/share/ament_index/resource_index/packages
copying package.xml -> /home/pyo/Workspace/turtlebot_ws/install/encoder_odometry/share/encoder_odometry
running install_egg_info
Copying ../../build/encoder_odometry/encoder_odometry.egg-info to /home/pyo/Workspace/turtlebot_ws/install/encoder_odometry/lib/python3.10/site-packages/encoder_odometry-0.0.0-py3.10.egg-info
running install_scripts
writing list of installed files to '/home/pyo/Workspace/turtlebot_ws/build/encoder_odometry/install.log'
