[0.970s] Invoking command in '/home/pyo/Workspace/turtlebot_ws/src/my_robot_controller': PYTHONPATH=/home/pyo/Workspace/turtlebot_ws/build/my_robot_controller/prefix_override:/usr/lib/python3/dist-packages/colcon_core/task/python/colcon_distutils_commands:/home/pyo/Workspace/turtlebot_ws/install/my_robot_controller/lib/python3.10/site-packages:${PYTHONPATH} /usr/bin/python3 -W ignore:setup.py install is deprecated -W ignore:easy_install command is deprecated setup.py egg_info --egg-base ../../build/my_robot_controller build --build-base /home/pyo/Workspace/turtlebot_ws/build/my_robot_controller/build install --record /home/pyo/Workspace/turtlebot_ws/build/my_robot_controller/install.log --single-version-externally-managed install_data
[1.209s] running egg_info
[1.210s] creating ../../build/my_robot_controller/my_robot_controller.egg-info
[1.210s] writing ../../build/my_robot_controller/my_robot_controller.egg-info/PKG-INFO
[1.210s] writing dependency_links to ../../build/my_robot_controller/my_robot_controller.egg-info/dependency_links.txt
[1.210s] writing entry points to ../../build/my_robot_controller/my_robot_controller.egg-info/entry_points.txt
[1.210s] writing requirements to ../../build/my_robot_controller/my_robot_controller.egg-info/requires.txt
[1.210s] writing top-level names to ../../build/my_robot_controller/my_robot_controller.egg-info/top_level.txt
[1.210s] writing manifest file '../../build/my_robot_controller/my_robot_controller.egg-info/SOURCES.txt'
[1.212s] reading manifest file '../../build/my_robot_controller/my_robot_controller.egg-info/SOURCES.txt'
[1.212s] writing manifest file '../../build/my_robot_controller/my_robot_controller.egg-info/SOURCES.txt'
[1.213s] running build
[1.213s] running build_py
[1.213s] creating /home/pyo/Workspace/turtlebot_ws/build/my_robot_controller/build
[1.213s] creating /home/pyo/Workspace/turtlebot_ws/build/my_robot_controller/build/lib
[1.213s] creating /home/pyo/Workspace/turtlebot_ws/build/my_robot_controller/build/lib/my_robot_controller
[1.213s] copying my_robot_controller/__init__.py -> /home/pyo/Workspace/turtlebot_ws/build/my_robot_controller/build/lib/my_robot_controller
[1.213s] copying my_robot_controller/cmd_vel_to_joints.py -> /home/pyo/Workspace/turtlebot_ws/build/my_robot_controller/build/lib/my_robot_controller
[1.213s] running install
[1.213s] running install_lib
[1.214s] creating /home/pyo/Workspace/turtlebot_ws/install/my_robot_controller/lib/python3.10/site-packages/my_robot_controller
[1.214s] copying /home/pyo/Workspace/turtlebot_ws/build/my_robot_controller/build/lib/my_robot_controller/__init__.py -> /home/pyo/Workspace/turtlebot_ws/install/my_robot_controller/lib/python3.10/site-packages/my_robot_controller
[1.214s] copying /home/pyo/Workspace/turtlebot_ws/build/my_robot_controller/build/lib/my_robot_controller/cmd_vel_to_joints.py -> /home/pyo/Workspace/turtlebot_ws/install/my_robot_controller/lib/python3.10/site-packages/my_robot_controller
[1.215s] byte-compiling /home/pyo/Workspace/turtlebot_ws/install/my_robot_controller/lib/python3.10/site-packages/my_robot_controller/__init__.py to __init__.cpython-310.pyc
[1.215s] byte-compiling /home/pyo/Workspace/turtlebot_ws/install/my_robot_controller/lib/python3.10/site-packages/my_robot_controller/cmd_vel_to_joints.py to cmd_vel_to_joints.cpython-310.pyc
[1.215s] running install_data
[1.215s] creating /home/pyo/Workspace/turtlebot_ws/install/my_robot_controller/share/ament_index
[1.216s] creating /home/pyo/Workspace/turtlebot_ws/install/my_robot_controller/share/ament_index/resource_index
[1.216s] creating /home/pyo/Workspace/turtlebot_ws/install/my_robot_controller/share/ament_index/resource_index/packages
[1.216s] copying resource/my_robot_controller -> /home/pyo/Workspace/turtlebot_ws/install/my_robot_controller/share/ament_index/resource_index/packages
[1.216s] copying package.xml -> /home/pyo/Workspace/turtlebot_ws/install/my_robot_controller/share/my_robot_controller
[1.216s] running install_egg_info
[1.218s] Copying ../../build/my_robot_controller/my_robot_controller.egg-info to /home/pyo/Workspace/turtlebot_ws/install/my_robot_controller/lib/python3.10/site-packages/my_robot_controller-0.0.0-py3.10.egg-info
[1.218s] running install_scripts
[1.241s] writing list of installed files to '/home/pyo/Workspace/turtlebot_ws/build/my_robot_controller/install.log'
[1.274s] Invoked command in '/home/pyo/Workspace/turtlebot_ws/src/my_robot_controller' returned '0': PYTHONPATH=/home/pyo/Workspace/turtlebot_ws/build/my_robot_controller/prefix_override:/usr/lib/python3/dist-packages/colcon_core/task/python/colcon_distutils_commands:/home/pyo/Workspace/turtlebot_ws/install/my_robot_controller/lib/python3.10/site-packages:${PYTHONPATH} /usr/bin/python3 -W ignore:setup.py install is deprecated -W ignore:easy_install command is deprecated setup.py egg_info --egg-base ../../build/my_robot_controller build --build-base /home/pyo/Workspace/turtlebot_ws/build/my_robot_controller/build install --record /home/pyo/Workspace/turtlebot_ws/build/my_robot_controller/install.log --single-version-externally-managed install_data
