[0.767s] Invoking command in '/home/pyo/Workspace/turtlebot_ws/src/my_robot_controller': PYTHONPATH=/home/pyo/Workspace/turtlebot_ws/build/my_robot_controller/prefix_override:/usr/lib/python3/dist-packages/colcon_core/task/python/colcon_distutils_commands:/home/pyo/Workspace/turtlebot_ws/install/my_robot_controller/lib/python3.10/site-packages:${PYTHONPATH} /usr/bin/python3 -W ignore:setup.py install is deprecated -W ignore:easy_install command is deprecated setup.py egg_info --egg-base ../../build/my_robot_controller build --build-base /home/pyo/Workspace/turtlebot_ws/build/my_robot_controller/build install --record /home/pyo/Workspace/turtlebot_ws/build/my_robot_controller/install.log --single-version-externally-managed install_data
[0.904s] running egg_info
[0.904s] writing ../../build/my_robot_controller/my_robot_controller.egg-info/PKG-INFO
[0.905s] writing dependency_links to ../../build/my_robot_controller/my_robot_controller.egg-info/dependency_links.txt
[0.905s] writing entry points to ../../build/my_robot_controller/my_robot_controller.egg-info/entry_points.txt
[0.905s] writing requirements to ../../build/my_robot_controller/my_robot_controller.egg-info/requires.txt
[0.905s] writing top-level names to ../../build/my_robot_controller/my_robot_controller.egg-info/top_level.txt
[0.906s] reading manifest file '../../build/my_robot_controller/my_robot_controller.egg-info/SOURCES.txt'
[0.906s] writing manifest file '../../build/my_robot_controller/my_robot_controller.egg-info/SOURCES.txt'
[0.906s] running build
[0.906s] running build_py
[0.906s] running install
[0.907s] running install_lib
[0.907s] running install_data
[0.907s] running install_egg_info
[0.908s] removing '/home/pyo/Workspace/turtlebot_ws/install/my_robot_controller/lib/python3.10/site-packages/my_robot_controller-0.0.0-py3.10.egg-info' (and everything under it)
[0.909s] Copying ../../build/my_robot_controller/my_robot_controller.egg-info to /home/pyo/Workspace/turtlebot_ws/install/my_robot_controller/lib/python3.10/site-packages/my_robot_controller-0.0.0-py3.10.egg-info
[0.909s] running install_scripts
[0.922s] Installing cmd_vel_odom_publisher script to /home/pyo/Workspace/turtlebot_ws/install/my_robot_controller/lib/my_robot_controller
[0.922s] Installing cmd_vel_to_joints script to /home/pyo/Workspace/turtlebot_ws/install/my_robot_controller/lib/my_robot_controller
[0.922s] writing list of installed files to '/home/pyo/Workspace/turtlebot_ws/build/my_robot_controller/install.log'
[0.945s] Invoked command in '/home/pyo/Workspace/turtlebot_ws/src/my_robot_controller' returned '0': PYTHONPATH=/home/pyo/Workspace/turtlebot_ws/build/my_robot_controller/prefix_override:/usr/lib/python3/dist-packages/colcon_core/task/python/colcon_distutils_commands:/home/pyo/Workspace/turtlebot_ws/install/my_robot_controller/lib/python3.10/site-packages:${PYTHONPATH} /usr/bin/python3 -W ignore:setup.py install is deprecated -W ignore:easy_install command is deprecated setup.py egg_info --egg-base ../../build/my_robot_controller build --build-base /home/pyo/Workspace/turtlebot_ws/build/my_robot_controller/build install --record /home/pyo/Workspace/turtlebot_ws/build/my_robot_controller/install.log --single-version-externally-managed install_data
