[0.109s] DEBUG:colcon:Command line arguments: ['/usr/bin/colcon', 'build']
[0.110s] DEBUG:colcon:Parsed command line arguments: Namespace(log_base=None, log_level=None, verb_name='build', build_base='build', install_base='install', merge_install=False, symlink_install=False, test_result_base=None, continue_on_error=False, executor='parallel', parallel_workers=18, event_handlers=None, ignore_user_meta=False, metas=['./colcon.meta'], base_paths=['.'], packages_ignore=None, packages_ignore_regex=None, paths=None, packages_up_to=None, packages_up_to_regex=None, packages_above=None, packages_above_and_dependencies=None, packages_above_depth=None, packages_select_by_dep=None, packages_skip_by_dep=None, packages_skip_up_to=None, packages_select_build_failed=False, packages_skip_build_finished=False, packages_select_test_failures=False, packages_skip_test_passed=False, packages_select=None, packages_skip=None, packages_select_regex=None, packages_skip_regex=None, packages_start=None, packages_end=None, allow_overriding=[], cmake_args=None, cmake_target=None, cmake_target_skip_unavailable=False, cmake_clean_cache=False, cmake_clean_first=False, cmake_force_configure=False, ament_cmake_args=None, catkin_cmake_args=None, catkin_skip_building_tests=False, mixin_files=None, mixin=None, verb_parser=<colcon_mixin.mixin.mixin_argument.MixinArgumentDecorator object at 0x72b03374f220>, verb_extension=<colcon_core.verb.build.BuildVerb object at 0x72b033898190>, main=<bound method BuildVerb.main of <colcon_core.verb.build.BuildVerb object at 0x72b033898190>>, mixin_verb=('build',))
[0.273s] Level 1:colcon.colcon_core.package_discovery:discover_packages(colcon_meta) check parameters
[0.273s] Level 1:colcon.colcon_core.package_discovery:discover_packages(recursive) check parameters
[0.273s] Level 1:colcon.colcon_core.package_discovery:discover_packages(ignore) check parameters
[0.273s] Level 1:colcon.colcon_core.package_discovery:discover_packages(path) check parameters
[0.273s] Level 1:colcon.colcon_core.package_discovery:discover_packages(colcon_meta) discover
[0.273s] Level 1:colcon.colcon_core.package_discovery:discover_packages(recursive) discover
[0.273s] INFO:colcon.colcon_core.package_discovery:Crawling recursively for packages in '/home/pyo/Workspace/turtlebot_ws'
[0.273s] Level 1:colcon.colcon_core.package_identification:_identify(.) by extensions ['ignore', 'ignore_ament_install']
[0.274s] Level 1:colcon.colcon_core.package_identification:_identify(.) by extension 'ignore'
[0.274s] Level 1:colcon.colcon_core.package_identification:_identify(.) by extension 'ignore_ament_install'
[0.274s] Level 1:colcon.colcon_core.package_identification:_identify(.) by extensions ['colcon_pkg']
[0.274s] Level 1:colcon.colcon_core.package_identification:_identify(.) by extension 'colcon_pkg'
[0.274s] Level 1:colcon.colcon_core.package_identification:_identify(.) by extensions ['colcon_meta']
[0.274s] Level 1:colcon.colcon_core.package_identification:_identify(.) by extension 'colcon_meta'
[0.274s] Level 1:colcon.colcon_core.package_identification:_identify(.) by extensions ['ros']
[0.274s] Level 1:colcon.colcon_core.package_identification:_identify(.) by extension 'ros'
[0.285s] Level 1:colcon.colcon_core.package_identification:_identify(.) by extensions ['cmake', 'python']
[0.285s] Level 1:colcon.colcon_core.package_identification:_identify(.) by extension 'cmake'
[0.285s] Level 1:colcon.colcon_core.package_identification:_identify(.) by extension 'python'
[0.285s] Level 1:colcon.colcon_core.package_identification:_identify(.) by extensions ['python_setup_py']
[0.285s] Level 1:colcon.colcon_core.package_identification:_identify(.) by extension 'python_setup_py'
[0.285s] Level 1:colcon.colcon_core.package_identification:_identify(build) by extensions ['ignore', 'ignore_ament_install']
[0.285s] Level 1:colcon.colcon_core.package_identification:_identify(build) by extension 'ignore'
[0.285s] Level 1:colcon.colcon_core.package_identification:_identify(build) ignored
[0.285s] Level 1:colcon.colcon_core.package_identification:_identify(install) by extensions ['ignore', 'ignore_ament_install']
[0.285s] Level 1:colcon.colcon_core.package_identification:_identify(install) by extension 'ignore'
[0.285s] Level 1:colcon.colcon_core.package_identification:_identify(install) ignored
[0.286s] Level 1:colcon.colcon_core.package_identification:_identify(log) by extensions ['ignore', 'ignore_ament_install']
[0.286s] Level 1:colcon.colcon_core.package_identification:_identify(log) by extension 'ignore'
[0.286s] Level 1:colcon.colcon_core.package_identification:_identify(log) ignored
[0.286s] Level 1:colcon.colcon_core.package_identification:_identify(src) by extensions ['ignore', 'ignore_ament_install']
[0.286s] Level 1:colcon.colcon_core.package_identification:_identify(src) by extension 'ignore'
[0.286s] Level 1:colcon.colcon_core.package_identification:_identify(src) by extension 'ignore_ament_install'
[0.286s] Level 1:colcon.colcon_core.package_identification:_identify(src) by extensions ['colcon_pkg']
[0.286s] Level 1:colcon.colcon_core.package_identification:_identify(src) by extension 'colcon_pkg'
[0.286s] Level 1:colcon.colcon_core.package_identification:_identify(src) by extensions ['colcon_meta']
[0.286s] Level 1:colcon.colcon_core.package_identification:_identify(src) by extension 'colcon_meta'
[0.286s] Level 1:colcon.colcon_core.package_identification:_identify(src) by extensions ['ros']
[0.286s] Level 1:colcon.colcon_core.package_identification:_identify(src) by extension 'ros'
[0.286s] Level 1:colcon.colcon_core.package_identification:_identify(src) by extensions ['cmake', 'python']
[0.286s] Level 1:colcon.colcon_core.package_identification:_identify(src) by extension 'cmake'
[0.286s] Level 1:colcon.colcon_core.package_identification:_identify(src) by extension 'python'
[0.286s] Level 1:colcon.colcon_core.package_identification:_identify(src) by extensions ['python_setup_py']
[0.286s] Level 1:colcon.colcon_core.package_identification:_identify(src) by extension 'python_setup_py'
[0.286s] Level 1:colcon.colcon_core.package_identification:_identify(src/encoder_odometry) by extensions ['ignore', 'ignore_ament_install']
[0.286s] Level 1:colcon.colcon_core.package_identification:_identify(src/encoder_odometry) by extension 'ignore'
[0.286s] Level 1:colcon.colcon_core.package_identification:_identify(src/encoder_odometry) by extension 'ignore_ament_install'
[0.286s] Level 1:colcon.colcon_core.package_identification:_identify(src/encoder_odometry) by extensions ['colcon_pkg']
[0.286s] Level 1:colcon.colcon_core.package_identification:_identify(src/encoder_odometry) by extension 'colcon_pkg'
[0.287s] Level 1:colcon.colcon_core.package_identification:_identify(src/encoder_odometry) by extensions ['colcon_meta']
[0.287s] Level 1:colcon.colcon_core.package_identification:_identify(src/encoder_odometry) by extension 'colcon_meta'
[0.287s] Level 1:colcon.colcon_core.package_identification:_identify(src/encoder_odometry) by extensions ['ros']
[0.287s] Level 1:colcon.colcon_core.package_identification:_identify(src/encoder_odometry) by extension 'ros'
[0.289s] DEBUG:colcon.colcon_core.package_identification:Package 'src/encoder_odometry' with type 'ros.ament_python' and name 'encoder_odometry'
[0.289s] Level 1:colcon.colcon_core.package_identification:_identify(src/my_robot_controller) by extensions ['ignore', 'ignore_ament_install']
[0.289s] Level 1:colcon.colcon_core.package_identification:_identify(src/my_robot_controller) by extension 'ignore'
[0.289s] Level 1:colcon.colcon_core.package_identification:_identify(src/my_robot_controller) by extension 'ignore_ament_install'
[0.289s] Level 1:colcon.colcon_core.package_identification:_identify(src/my_robot_controller) by extensions ['colcon_pkg']
[0.289s] Level 1:colcon.colcon_core.package_identification:_identify(src/my_robot_controller) by extension 'colcon_pkg'
[0.289s] Level 1:colcon.colcon_core.package_identification:_identify(src/my_robot_controller) by extensions ['colcon_meta']
[0.289s] Level 1:colcon.colcon_core.package_identification:_identify(src/my_robot_controller) by extension 'colcon_meta'
[0.289s] Level 1:colcon.colcon_core.package_identification:_identify(src/my_robot_controller) by extensions ['ros']
[0.289s] Level 1:colcon.colcon_core.package_identification:_identify(src/my_robot_controller) by extension 'ros'
[0.290s] DEBUG:colcon.colcon_core.package_identification:Package 'src/my_robot_controller' with type 'ros.ament_python' and name 'my_robot_controller'
[0.290s] Level 1:colcon.colcon_core.package_identification:_identify(src/my_robot_description) by extensions ['ignore', 'ignore_ament_install']
[0.290s] Level 1:colcon.colcon_core.package_identification:_identify(src/my_robot_description) by extension 'ignore'
[0.290s] Level 1:colcon.colcon_core.package_identification:_identify(src/my_robot_description) by extension 'ignore_ament_install'
[0.290s] Level 1:colcon.colcon_core.package_identification:_identify(src/my_robot_description) by extensions ['colcon_pkg']
[0.290s] Level 1:colcon.colcon_core.package_identification:_identify(src/my_robot_description) by extension 'colcon_pkg'
[0.290s] Level 1:colcon.colcon_core.package_identification:_identify(src/my_robot_description) by extensions ['colcon_meta']
[0.290s] Level 1:colcon.colcon_core.package_identification:_identify(src/my_robot_description) by extension 'colcon_meta'
[0.290s] Level 1:colcon.colcon_core.package_identification:_identify(src/my_robot_description) by extensions ['ros']
[0.291s] Level 1:colcon.colcon_core.package_identification:_identify(src/my_robot_description) by extension 'ros'
[0.292s] DEBUG:colcon.colcon_core.package_identification:Package 'src/my_robot_description' with type 'ros.ament_cmake' and name 'my_robot_description'
[0.292s] Level 1:colcon.colcon_core.package_discovery:discover_packages(recursive) using defaults
[0.292s] Level 1:colcon.colcon_core.package_discovery:discover_packages(ignore) discover
[0.292s] Level 1:colcon.colcon_core.package_discovery:discover_packages(ignore) using defaults
[0.292s] Level 1:colcon.colcon_core.package_discovery:discover_packages(path) discover
[0.292s] Level 1:colcon.colcon_core.package_discovery:discover_packages(path) using defaults
[0.323s] Level 1:colcon.colcon_core.package_discovery:discover_packages(prefix_path) check parameters
[0.323s] Level 1:colcon.colcon_core.package_discovery:discover_packages(prefix_path) discover
[0.325s] DEBUG:colcon.colcon_installed_package_information.package_discovery:Found 4 installed packages in /home/pyo/Workspace/turtlebot_ws/install
[0.326s] DEBUG:colcon.colcon_installed_package_information.package_discovery:Found 9 installed packages in /home/pyo/opx_robot_ws/install
[0.327s] DEBUG:colcon.colcon_installed_package_information.package_discovery:Found 364 installed packages in /opt/ros/humble
[0.329s] Level 1:colcon.colcon_core.package_discovery:discover_packages(prefix_path) using defaults
[0.372s] Level 5:colcon.colcon_core.verb:set package 'encoder_odometry' build argument 'cmake_args' from command line to 'None'
[0.372s] Level 5:colcon.colcon_core.verb:set package 'encoder_odometry' build argument 'cmake_target' from command line to 'None'
[0.373s] Level 5:colcon.colcon_core.verb:set package 'encoder_odometry' build argument 'cmake_target_skip_unavailable' from command line to 'False'
[0.373s] Level 5:colcon.colcon_core.verb:set package 'encoder_odometry' build argument 'cmake_clean_cache' from command line to 'False'
[0.373s] Level 5:colcon.colcon_core.verb:set package 'encoder_odometry' build argument 'cmake_clean_first' from command line to 'False'
[0.373s] Level 5:colcon.colcon_core.verb:set package 'encoder_odometry' build argument 'cmake_force_configure' from command line to 'False'
[0.373s] Level 5:colcon.colcon_core.verb:set package 'encoder_odometry' build argument 'ament_cmake_args' from command line to 'None'
[0.373s] Level 5:colcon.colcon_core.verb:set package 'encoder_odometry' build argument 'catkin_cmake_args' from command line to 'None'
[0.373s] Level 5:colcon.colcon_core.verb:set package 'encoder_odometry' build argument 'catkin_skip_building_tests' from command line to 'False'
[0.373s] DEBUG:colcon.colcon_core.verb:Building package 'encoder_odometry' with the following arguments: {'ament_cmake_args': None, 'build_base': '/home/pyo/Workspace/turtlebot_ws/build/encoder_odometry', 'catkin_cmake_args': None, 'catkin_skip_building_tests': False, 'cmake_args': None, 'cmake_clean_cache': False, 'cmake_clean_first': False, 'cmake_force_configure': False, 'cmake_target': None, 'cmake_target_skip_unavailable': False, 'install_base': '/home/pyo/Workspace/turtlebot_ws/install/encoder_odometry', 'merge_install': False, 'path': '/home/pyo/Workspace/turtlebot_ws/src/encoder_odometry', 'symlink_install': False, 'test_result_base': None}
[0.373s] Level 5:colcon.colcon_core.verb:set package 'my_robot_controller' build argument 'cmake_args' from command line to 'None'
[0.373s] Level 5:colcon.colcon_core.verb:set package 'my_robot_controller' build argument 'cmake_target' from command line to 'None'
[0.373s] Level 5:colcon.colcon_core.verb:set package 'my_robot_controller' build argument 'cmake_target_skip_unavailable' from command line to 'False'
[0.373s] Level 5:colcon.colcon_core.verb:set package 'my_robot_controller' build argument 'cmake_clean_cache' from command line to 'False'
[0.373s] Level 5:colcon.colcon_core.verb:set package 'my_robot_controller' build argument 'cmake_clean_first' from command line to 'False'
[0.373s] Level 5:colcon.colcon_core.verb:set package 'my_robot_controller' build argument 'cmake_force_configure' from command line to 'False'
[0.373s] Level 5:colcon.colcon_core.verb:set package 'my_robot_controller' build argument 'ament_cmake_args' from command line to 'None'
[0.373s] Level 5:colcon.colcon_core.verb:set package 'my_robot_controller' build argument 'catkin_cmake_args' from command line to 'None'
[0.373s] Level 5:colcon.colcon_core.verb:set package 'my_robot_controller' build argument 'catkin_skip_building_tests' from command line to 'False'
[0.373s] DEBUG:colcon.colcon_core.verb:Building package 'my_robot_controller' with the following arguments: {'ament_cmake_args': None, 'build_base': '/home/pyo/Workspace/turtlebot_ws/build/my_robot_controller', 'catkin_cmake_args': None, 'catkin_skip_building_tests': False, 'cmake_args': None, 'cmake_clean_cache': False, 'cmake_clean_first': False, 'cmake_force_configure': False, 'cmake_target': None, 'cmake_target_skip_unavailable': False, 'install_base': '/home/pyo/Workspace/turtlebot_ws/install/my_robot_controller', 'merge_install': False, 'path': '/home/pyo/Workspace/turtlebot_ws/src/my_robot_controller', 'symlink_install': False, 'test_result_base': None}
[0.374s] Level 5:colcon.colcon_core.verb:set package 'my_robot_description' build argument 'cmake_args' from command line to 'None'
[0.374s] Level 5:colcon.colcon_core.verb:set package 'my_robot_description' build argument 'cmake_target' from command line to 'None'
[0.374s] Level 5:colcon.colcon_core.verb:set package 'my_robot_description' build argument 'cmake_target_skip_unavailable' from command line to 'False'
[0.374s] Level 5:colcon.colcon_core.verb:set package 'my_robot_description' build argument 'cmake_clean_cache' from command line to 'False'
[0.374s] Level 5:colcon.colcon_core.verb:set package 'my_robot_description' build argument 'cmake_clean_first' from command line to 'False'
[0.374s] Level 5:colcon.colcon_core.verb:set package 'my_robot_description' build argument 'cmake_force_configure' from command line to 'False'
[0.374s] Level 5:colcon.colcon_core.verb:set package 'my_robot_description' build argument 'ament_cmake_args' from command line to 'None'
[0.374s] Level 5:colcon.colcon_core.verb:set package 'my_robot_description' build argument 'catkin_cmake_args' from command line to 'None'
[0.374s] Level 5:colcon.colcon_core.verb:set package 'my_robot_description' build argument 'catkin_skip_building_tests' from command line to 'False'
[0.374s] DEBUG:colcon.colcon_core.verb:Building package 'my_robot_description' with the following arguments: {'ament_cmake_args': None, 'build_base': '/home/pyo/Workspace/turtlebot_ws/build/my_robot_description', 'catkin_cmake_args': None, 'catkin_skip_building_tests': False, 'cmake_args': None, 'cmake_clean_cache': False, 'cmake_clean_first': False, 'cmake_force_configure': False, 'cmake_target': None, 'cmake_target_skip_unavailable': False, 'install_base': '/home/pyo/Workspace/turtlebot_ws/install/my_robot_description', 'merge_install': False, 'path': '/home/pyo/Workspace/turtlebot_ws/src/my_robot_description', 'symlink_install': False, 'test_result_base': None}
[0.374s] INFO:colcon.colcon_core.executor:Executing jobs using 'parallel' executor
[0.375s] DEBUG:colcon.colcon_parallel_executor.executor.parallel:run_until_complete
[0.375s] INFO:colcon.colcon_ros.task.ament_python.build:Building ROS package in '/home/pyo/Workspace/turtlebot_ws/src/encoder_odometry' with build type 'ament_python'
[0.375s] Level 1:colcon.colcon_core.shell:create_environment_hook('encoder_odometry', 'ament_prefix_path')
[0.378s] INFO:colcon.colcon_core.plugin_system:Skipping extension 'colcon_core.shell.bat': Not used on non-Windows systems
[0.378s] INFO:colcon.colcon_core.shell:Creating environment hook '/home/pyo/Workspace/turtlebot_ws/install/encoder_odometry/share/encoder_odometry/hook/ament_prefix_path.ps1'
[0.379s] INFO:colcon.colcon_core.shell:Creating environment descriptor '/home/pyo/Workspace/turtlebot_ws/install/encoder_odometry/share/encoder_odometry/hook/ament_prefix_path.dsv'
[0.379s] INFO:colcon.colcon_core.shell:Creating environment hook '/home/pyo/Workspace/turtlebot_ws/install/encoder_odometry/share/encoder_odometry/hook/ament_prefix_path.sh'
[0.380s] INFO:colcon.colcon_core.shell:Skip shell extension 'powershell' for command environment: Not usable outside of PowerShell
[0.380s] DEBUG:colcon.colcon_core.shell:Skip shell extension 'dsv' for command environment
[0.384s] INFO:colcon.colcon_ros.task.ament_python.build:Building ROS package in '/home/pyo/Workspace/turtlebot_ws/src/my_robot_controller' with build type 'ament_python'
[0.384s] Level 1:colcon.colcon_core.shell:create_environment_hook('my_robot_controller', 'ament_prefix_path')
[0.384s] INFO:colcon.colcon_core.shell:Creating environment hook '/home/pyo/Workspace/turtlebot_ws/install/my_robot_controller/share/my_robot_controller/hook/ament_prefix_path.ps1'
[0.385s] INFO:colcon.colcon_core.shell:Creating environment descriptor '/home/pyo/Workspace/turtlebot_ws/install/my_robot_controller/share/my_robot_controller/hook/ament_prefix_path.dsv'
[0.385s] INFO:colcon.colcon_core.shell:Creating environment hook '/home/pyo/Workspace/turtlebot_ws/install/my_robot_controller/share/my_robot_controller/hook/ament_prefix_path.sh'
[0.385s] INFO:colcon.colcon_core.shell:Skip shell extension 'powershell' for command environment: Not usable outside of PowerShell
[0.386s] DEBUG:colcon.colcon_core.shell:Skip shell extension 'dsv' for command environment
[0.389s] INFO:colcon.colcon_ros.task.ament_cmake.build:Building ROS package in '/home/pyo/Workspace/turtlebot_ws/src/my_robot_description' with build type 'ament_cmake'
[0.389s] INFO:colcon.colcon_cmake.task.cmake.build:Building CMake package in '/home/pyo/Workspace/turtlebot_ws/src/my_robot_description'
[0.389s] INFO:colcon.colcon_core.shell:Skip shell extension 'powershell' for command environment: Not usable outside of PowerShell
[0.389s] DEBUG:colcon.colcon_core.shell:Skip shell extension 'dsv' for command environment
[0.660s] INFO:colcon.colcon_core.task.python.build:Building Python package in '/home/pyo/Workspace/turtlebot_ws/src/encoder_odometry'
[0.660s] INFO:colcon.colcon_core.shell:Skip shell extension 'powershell' for command environment: Not usable outside of PowerShell
[0.660s] DEBUG:colcon.colcon_core.shell:Skip shell extension 'dsv' for command environment
[0.935s] INFO:colcon.colcon_core.task.python.build:Building Python package in '/home/pyo/Workspace/turtlebot_ws/src/my_robot_controller'
[0.936s] INFO:colcon.colcon_core.shell:Skip shell extension 'powershell' for command environment: Not usable outside of PowerShell
[0.936s] DEBUG:colcon.colcon_core.shell:Skip shell extension 'dsv' for command environment
[0.946s] DEBUG:colcon.colcon_core.event_handler.log_command:Invoking command in '/home/pyo/Workspace/turtlebot_ws/build/my_robot_description': CMAKE_PREFIX_PATH=${CMAKE_PREFIX_PATH}:/home/pyo/Workspace/turtlebot_ws/install/encoder_uart_publisher:/home/pyo/Workspace/turtlebot_ws/install/encoder_odometry:/opt/ros/humble /usr/bin/cmake --build /home/pyo/Workspace/turtlebot_ws/build/my_robot_description -- -j18 -l18
[0.996s] DEBUG:colcon.colcon_core.event_handler.log_command:Invoked command in '/home/pyo/Workspace/turtlebot_ws/build/my_robot_description' returned '0': CMAKE_PREFIX_PATH=${CMAKE_PREFIX_PATH}:/home/pyo/Workspace/turtlebot_ws/install/encoder_uart_publisher:/home/pyo/Workspace/turtlebot_ws/install/encoder_odometry:/opt/ros/humble /usr/bin/cmake --build /home/pyo/Workspace/turtlebot_ws/build/my_robot_description -- -j18 -l18
[1.010s] DEBUG:colcon.colcon_core.event_handler.log_command:Invoking command in '/home/pyo/Workspace/turtlebot_ws/build/my_robot_description': CMAKE_PREFIX_PATH=${CMAKE_PREFIX_PATH}:/home/pyo/Workspace/turtlebot_ws/install/encoder_uart_publisher:/home/pyo/Workspace/turtlebot_ws/install/encoder_odometry:/opt/ros/humble /usr/bin/cmake --install /home/pyo/Workspace/turtlebot_ws/build/my_robot_description
[1.025s] Level 1:colcon.colcon_core.environment:create_environment_scripts_only(my_robot_description)
[1.025s] DEBUG:colcon.colcon_core.event_handler.log_command:Invoked command in '/home/pyo/Workspace/turtlebot_ws/build/my_robot_description' returned '0': CMAKE_PREFIX_PATH=${CMAKE_PREFIX_PATH}:/home/pyo/Workspace/turtlebot_ws/install/encoder_uart_publisher:/home/pyo/Workspace/turtlebot_ws/install/encoder_odometry:/opt/ros/humble /usr/bin/cmake --install /home/pyo/Workspace/turtlebot_ws/build/my_robot_description
[1.028s] Level 1:colcon.colcon_core.environment:checking '/home/pyo/Workspace/turtlebot_ws/install/my_robot_description' for CMake module files
[1.029s] Level 1:colcon.colcon_core.environment:checking '/home/pyo/Workspace/turtlebot_ws/install/my_robot_description' for CMake config files
[1.029s] Level 1:colcon.colcon_core.shell:create_environment_hook('my_robot_description', 'cmake_prefix_path')
[1.029s] INFO:colcon.colcon_core.shell:Creating environment hook '/home/pyo/Workspace/turtlebot_ws/install/my_robot_description/share/my_robot_description/hook/cmake_prefix_path.ps1'
[1.030s] INFO:colcon.colcon_core.shell:Creating environment descriptor '/home/pyo/Workspace/turtlebot_ws/install/my_robot_description/share/my_robot_description/hook/cmake_prefix_path.dsv'
[1.030s] INFO:colcon.colcon_core.shell:Creating environment hook '/home/pyo/Workspace/turtlebot_ws/install/my_robot_description/share/my_robot_description/hook/cmake_prefix_path.sh'
[1.031s] Level 1:colcon.colcon_core.environment:checking '/home/pyo/Workspace/turtlebot_ws/install/my_robot_description/bin'
[1.031s] Level 1:colcon.colcon_core.environment:checking '/home/pyo/Workspace/turtlebot_ws/install/my_robot_description/lib/pkgconfig/my_robot_description.pc'
[1.032s] Level 1:colcon.colcon_core.environment:checking '/home/pyo/Workspace/turtlebot_ws/install/my_robot_description/lib/python3.10/site-packages'
[1.032s] Level 1:colcon.colcon_core.environment:checking '/home/pyo/Workspace/turtlebot_ws/install/my_robot_description/bin'
[1.032s] INFO:colcon.colcon_core.shell:Creating package script '/home/pyo/Workspace/turtlebot_ws/install/my_robot_description/share/my_robot_description/package.ps1'
[1.033s] INFO:colcon.colcon_core.shell:Creating package descriptor '/home/pyo/Workspace/turtlebot_ws/install/my_robot_description/share/my_robot_description/package.dsv'
[1.034s] INFO:colcon.colcon_core.shell:Creating package script '/home/pyo/Workspace/turtlebot_ws/install/my_robot_description/share/my_robot_description/package.sh'
[1.035s] INFO:colcon.colcon_core.shell:Creating package script '/home/pyo/Workspace/turtlebot_ws/install/my_robot_description/share/my_robot_description/package.bash'
[1.035s] INFO:colcon.colcon_core.shell:Creating package script '/home/pyo/Workspace/turtlebot_ws/install/my_robot_description/share/my_robot_description/package.zsh'
[1.036s] Level 1:colcon.colcon_core.environment:create_file_with_runtime_dependencies(/home/pyo/Workspace/turtlebot_ws/install/my_robot_description/share/colcon-core/packages/my_robot_description)
[1.037s] Level 1:colcon.colcon_core.environment:create_environment_scripts_only(my_robot_description)
[1.037s] Level 1:colcon.colcon_core.environment:checking '/home/pyo/Workspace/turtlebot_ws/install/my_robot_description' for CMake module files
[1.038s] Level 1:colcon.colcon_core.environment:checking '/home/pyo/Workspace/turtlebot_ws/install/my_robot_description' for CMake config files
[1.038s] Level 1:colcon.colcon_core.shell:create_environment_hook('my_robot_description', 'cmake_prefix_path')
[1.038s] INFO:colcon.colcon_core.shell:Creating environment hook '/home/pyo/Workspace/turtlebot_ws/install/my_robot_description/share/my_robot_description/hook/cmake_prefix_path.ps1'
[1.039s] INFO:colcon.colcon_core.shell:Creating environment descriptor '/home/pyo/Workspace/turtlebot_ws/install/my_robot_description/share/my_robot_description/hook/cmake_prefix_path.dsv'
[1.039s] INFO:colcon.colcon_core.shell:Creating environment hook '/home/pyo/Workspace/turtlebot_ws/install/my_robot_description/share/my_robot_description/hook/cmake_prefix_path.sh'
[1.040s] Level 1:colcon.colcon_core.environment:checking '/home/pyo/Workspace/turtlebot_ws/install/my_robot_description/bin'
[1.040s] Level 1:colcon.colcon_core.environment:checking '/home/pyo/Workspace/turtlebot_ws/install/my_robot_description/lib/pkgconfig/my_robot_description.pc'
[1.040s] Level 1:colcon.colcon_core.environment:checking '/home/pyo/Workspace/turtlebot_ws/install/my_robot_description/lib/python3.10/site-packages'
[1.040s] Level 1:colcon.colcon_core.environment:checking '/home/pyo/Workspace/turtlebot_ws/install/my_robot_description/bin'
[1.041s] INFO:colcon.colcon_core.shell:Creating package script '/home/pyo/Workspace/turtlebot_ws/install/my_robot_description/share/my_robot_description/package.ps1'
[1.041s] INFO:colcon.colcon_core.shell:Creating package descriptor '/home/pyo/Workspace/turtlebot_ws/install/my_robot_description/share/my_robot_description/package.dsv'
[1.042s] INFO:colcon.colcon_core.shell:Creating package script '/home/pyo/Workspace/turtlebot_ws/install/my_robot_description/share/my_robot_description/package.sh'
[1.042s] INFO:colcon.colcon_core.shell:Creating package script '/home/pyo/Workspace/turtlebot_ws/install/my_robot_description/share/my_robot_description/package.bash'
[1.042s] INFO:colcon.colcon_core.shell:Creating package script '/home/pyo/Workspace/turtlebot_ws/install/my_robot_description/share/my_robot_description/package.zsh'
[1.043s] Level 1:colcon.colcon_core.environment:create_file_with_runtime_dependencies(/home/pyo/Workspace/turtlebot_ws/install/my_robot_description/share/colcon-core/packages/my_robot_description)
[1.336s] DEBUG:colcon.colcon_core.event_handler.log_command:Invoking command in '/home/pyo/Workspace/turtlebot_ws/src/encoder_odometry': PYTHONPATH=/home/pyo/Workspace/turtlebot_ws/build/encoder_odometry/prefix_override:/usr/lib/python3/dist-packages/colcon_core/task/python/colcon_distutils_commands:/home/pyo/Workspace/turtlebot_ws/install/encoder_odometry/lib/python3.10/site-packages:${PYTHONPATH} /usr/bin/python3 -W ignore:setup.py install is deprecated -W ignore:easy_install command is deprecated setup.py egg_info --egg-base ../../build/encoder_odometry build --build-base /home/pyo/Workspace/turtlebot_ws/build/encoder_odometry/build install --record /home/pyo/Workspace/turtlebot_ws/build/encoder_odometry/install.log --single-version-externally-managed install_data
[1.354s] DEBUG:colcon.colcon_core.event_handler.log_command:Invoking command in '/home/pyo/Workspace/turtlebot_ws/src/my_robot_controller': PYTHONPATH=/home/pyo/Workspace/turtlebot_ws/build/my_robot_controller/prefix_override:/usr/lib/python3/dist-packages/colcon_core/task/python/colcon_distutils_commands:/home/pyo/Workspace/turtlebot_ws/install/my_robot_controller/lib/python3.10/site-packages:${PYTHONPATH} /usr/bin/python3 -W ignore:setup.py install is deprecated -W ignore:easy_install command is deprecated setup.py egg_info --egg-base ../../build/my_robot_controller build --build-base /home/pyo/Workspace/turtlebot_ws/build/my_robot_controller/build install --record /home/pyo/Workspace/turtlebot_ws/build/my_robot_controller/install.log --single-version-externally-managed install_data
[1.648s] Level 1:colcon.colcon_core.environment:checking '/home/pyo/Workspace/turtlebot_ws/install/encoder_odometry' for CMake module files
[1.649s] DEBUG:colcon.colcon_core.event_handler.log_command:Invoked command in '/home/pyo/Workspace/turtlebot_ws/src/encoder_odometry' returned '0': PYTHONPATH=/home/pyo/Workspace/turtlebot_ws/build/encoder_odometry/prefix_override:/usr/lib/python3/dist-packages/colcon_core/task/python/colcon_distutils_commands:/home/pyo/Workspace/turtlebot_ws/install/encoder_odometry/lib/python3.10/site-packages:${PYTHONPATH} /usr/bin/python3 -W ignore:setup.py install is deprecated -W ignore:easy_install command is deprecated setup.py egg_info --egg-base ../../build/encoder_odometry build --build-base /home/pyo/Workspace/turtlebot_ws/build/encoder_odometry/build install --record /home/pyo/Workspace/turtlebot_ws/build/encoder_odometry/install.log --single-version-externally-managed install_data
[1.649s] Level 1:colcon.colcon_core.environment:checking '/home/pyo/Workspace/turtlebot_ws/install/encoder_odometry' for CMake config files
[1.650s] Level 1:colcon.colcon_core.environment:checking '/home/pyo/Workspace/turtlebot_ws/install/encoder_odometry/lib'
[1.650s] Level 1:colcon.colcon_core.environment:checking '/home/pyo/Workspace/turtlebot_ws/install/encoder_odometry/bin'
[1.650s] Level 1:colcon.colcon_core.environment:checking '/home/pyo/Workspace/turtlebot_ws/install/encoder_odometry/lib/pkgconfig/encoder_odometry.pc'
[1.651s] Level 1:colcon.colcon_core.environment:checking '/home/pyo/Workspace/turtlebot_ws/install/encoder_odometry/lib/python3.10/site-packages'
[1.651s] Level 1:colcon.colcon_core.shell:create_environment_hook('encoder_odometry', 'pythonpath')
[1.651s] INFO:colcon.colcon_core.shell:Creating environment hook '/home/pyo/Workspace/turtlebot_ws/install/encoder_odometry/share/encoder_odometry/hook/pythonpath.ps1'
[1.652s] INFO:colcon.colcon_core.shell:Creating environment descriptor '/home/pyo/Workspace/turtlebot_ws/install/encoder_odometry/share/encoder_odometry/hook/pythonpath.dsv'
[1.652s] INFO:colcon.colcon_core.shell:Creating environment hook '/home/pyo/Workspace/turtlebot_ws/install/encoder_odometry/share/encoder_odometry/hook/pythonpath.sh'
[1.653s] Level 1:colcon.colcon_core.environment:checking '/home/pyo/Workspace/turtlebot_ws/install/encoder_odometry/bin'
[1.653s] Level 1:colcon.colcon_core.environment:create_environment_scripts_only(encoder_odometry)
[1.653s] INFO:colcon.colcon_core.shell:Creating package script '/home/pyo/Workspace/turtlebot_ws/install/encoder_odometry/share/encoder_odometry/package.ps1'
[1.654s] INFO:colcon.colcon_core.shell:Creating package descriptor '/home/pyo/Workspace/turtlebot_ws/install/encoder_odometry/share/encoder_odometry/package.dsv'
[1.654s] INFO:colcon.colcon_core.shell:Creating package script '/home/pyo/Workspace/turtlebot_ws/install/encoder_odometry/share/encoder_odometry/package.sh'
[1.654s] INFO:colcon.colcon_core.shell:Creating package script '/home/pyo/Workspace/turtlebot_ws/install/encoder_odometry/share/encoder_odometry/package.bash'
[1.655s] INFO:colcon.colcon_core.shell:Creating package script '/home/pyo/Workspace/turtlebot_ws/install/encoder_odometry/share/encoder_odometry/package.zsh'
[1.655s] Level 1:colcon.colcon_core.environment:create_file_with_runtime_dependencies(/home/pyo/Workspace/turtlebot_ws/install/encoder_odometry/share/colcon-core/packages/encoder_odometry)
[1.657s] Level 1:colcon.colcon_core.environment:checking '/home/pyo/Workspace/turtlebot_ws/install/my_robot_controller' for CMake module files
[1.657s] Level 1:colcon.colcon_core.environment:checking '/home/pyo/Workspace/turtlebot_ws/install/my_robot_controller' for CMake config files
[1.658s] DEBUG:colcon.colcon_core.event_handler.log_command:Invoked command in '/home/pyo/Workspace/turtlebot_ws/src/my_robot_controller' returned '0': PYTHONPATH=/home/pyo/Workspace/turtlebot_ws/build/my_robot_controller/prefix_override:/usr/lib/python3/dist-packages/colcon_core/task/python/colcon_distutils_commands:/home/pyo/Workspace/turtlebot_ws/install/my_robot_controller/lib/python3.10/site-packages:${PYTHONPATH} /usr/bin/python3 -W ignore:setup.py install is deprecated -W ignore:easy_install command is deprecated setup.py egg_info --egg-base ../../build/my_robot_controller build --build-base /home/pyo/Workspace/turtlebot_ws/build/my_robot_controller/build install --record /home/pyo/Workspace/turtlebot_ws/build/my_robot_controller/install.log --single-version-externally-managed install_data
[1.658s] Level 1:colcon.colcon_core.environment:checking '/home/pyo/Workspace/turtlebot_ws/install/my_robot_controller/lib'
[1.658s] Level 1:colcon.colcon_core.environment:checking '/home/pyo/Workspace/turtlebot_ws/install/my_robot_controller/bin'
[1.659s] Level 1:colcon.colcon_core.environment:checking '/home/pyo/Workspace/turtlebot_ws/install/my_robot_controller/lib/pkgconfig/my_robot_controller.pc'
[1.659s] Level 1:colcon.colcon_core.environment:checking '/home/pyo/Workspace/turtlebot_ws/install/my_robot_controller/lib/python3.10/site-packages'
[1.659s] Level 1:colcon.colcon_core.shell:create_environment_hook('my_robot_controller', 'pythonpath')
[1.659s] INFO:colcon.colcon_core.shell:Creating environment hook '/home/pyo/Workspace/turtlebot_ws/install/my_robot_controller/share/my_robot_controller/hook/pythonpath.ps1'
[1.659s] INFO:colcon.colcon_core.shell:Creating environment descriptor '/home/pyo/Workspace/turtlebot_ws/install/my_robot_controller/share/my_robot_controller/hook/pythonpath.dsv'
[1.660s] INFO:colcon.colcon_core.shell:Creating environment hook '/home/pyo/Workspace/turtlebot_ws/install/my_robot_controller/share/my_robot_controller/hook/pythonpath.sh'
[1.660s] Level 1:colcon.colcon_core.environment:checking '/home/pyo/Workspace/turtlebot_ws/install/my_robot_controller/bin'
[1.660s] Level 1:colcon.colcon_core.environment:create_environment_scripts_only(my_robot_controller)
[1.660s] INFO:colcon.colcon_core.shell:Creating package script '/home/pyo/Workspace/turtlebot_ws/install/my_robot_controller/share/my_robot_controller/package.ps1'
[1.661s] INFO:colcon.colcon_core.shell:Creating package descriptor '/home/pyo/Workspace/turtlebot_ws/install/my_robot_controller/share/my_robot_controller/package.dsv'
[1.661s] INFO:colcon.colcon_core.shell:Creating package script '/home/pyo/Workspace/turtlebot_ws/install/my_robot_controller/share/my_robot_controller/package.sh'
[1.662s] INFO:colcon.colcon_core.shell:Creating package script '/home/pyo/Workspace/turtlebot_ws/install/my_robot_controller/share/my_robot_controller/package.bash'
[1.662s] INFO:colcon.colcon_core.shell:Creating package script '/home/pyo/Workspace/turtlebot_ws/install/my_robot_controller/share/my_robot_controller/package.zsh'
[1.662s] Level 1:colcon.colcon_core.environment:create_file_with_runtime_dependencies(/home/pyo/Workspace/turtlebot_ws/install/my_robot_controller/share/colcon-core/packages/my_robot_controller)
[1.662s] DEBUG:colcon.colcon_parallel_executor.executor.parallel:closing loop
[1.663s] DEBUG:colcon.colcon_parallel_executor.executor.parallel:loop closed
[1.663s] DEBUG:colcon.colcon_parallel_executor.executor.parallel:run_until_complete finished with '0'
[1.663s] DEBUG:colcon.colcon_core.event_reactor:joining thread
[1.670s] INFO:colcon.colcon_core.plugin_system:Skipping extension 'colcon_notification.desktop_notification.terminal_notifier': Not used on non-Darwin systems
[1.670s] INFO:colcon.colcon_core.plugin_system:Skipping extension 'colcon_notification.desktop_notification.win32': Not used on non-Windows systems
[1.670s] INFO:colcon.colcon_notification.desktop_notification:Sending desktop notification using 'notify2'
[1.684s] DEBUG:colcon.colcon_core.event_reactor:joined thread
[1.685s] INFO:colcon.colcon_core.shell:Creating prefix script '/home/pyo/Workspace/turtlebot_ws/install/local_setup.ps1'
[1.686s] INFO:colcon.colcon_core.shell:Creating prefix util module '/home/pyo/Workspace/turtlebot_ws/install/_local_setup_util_ps1.py'
[1.688s] INFO:colcon.colcon_core.shell:Creating prefix chain script '/home/pyo/Workspace/turtlebot_ws/install/setup.ps1'
[1.690s] INFO:colcon.colcon_core.shell:Creating prefix script '/home/pyo/Workspace/turtlebot_ws/install/local_setup.sh'
[1.691s] INFO:colcon.colcon_core.shell:Creating prefix util module '/home/pyo/Workspace/turtlebot_ws/install/_local_setup_util_sh.py'
[1.692s] INFO:colcon.colcon_core.shell:Creating prefix chain script '/home/pyo/Workspace/turtlebot_ws/install/setup.sh'
[1.693s] INFO:colcon.colcon_core.shell:Creating prefix script '/home/pyo/Workspace/turtlebot_ws/install/local_setup.bash'
[1.694s] INFO:colcon.colcon_core.shell:Creating prefix chain script '/home/pyo/Workspace/turtlebot_ws/install/setup.bash'
[1.695s] INFO:colcon.colcon_core.shell:Creating prefix script '/home/pyo/Workspace/turtlebot_ws/install/local_setup.zsh'
[1.696s] INFO:colcon.colcon_core.shell:Creating prefix chain script '/home/pyo/Workspace/turtlebot_ws/install/setup.zsh'
