[0.066s] DEBUG:colcon:Command line arguments: ['/usr/bin/colcon', 'build']
[0.066s] DEBUG:colcon:Parsed command line arguments: Namespace(log_base=None, log_level=None, verb_name='build', build_base='build', install_base='install', merge_install=False, symlink_install=False, test_result_base=None, continue_on_error=False, executor='parallel', parallel_workers=18, event_handlers=None, ignore_user_meta=False, metas=['./colcon.meta'], base_paths=['.'], packages_ignore=None, packages_ignore_regex=None, paths=None, packages_up_to=None, packages_up_to_regex=None, packages_above=None, packages_above_and_dependencies=None, packages_above_depth=None, packages_select_by_dep=None, packages_skip_by_dep=None, packages_skip_up_to=None, packages_select_build_failed=False, packages_skip_build_finished=False, packages_select_test_failures=False, packages_skip_test_passed=False, packages_select=None, packages_skip=None, packages_select_regex=None, packages_skip_regex=None, packages_start=None, packages_end=None, allow_overriding=[], cmake_args=None, cmake_target=None, cmake_target_skip_unavailable=False, cmake_clean_cache=False, cmake_clean_first=False, cmake_force_configure=False, ament_cmake_args=None, catkin_cmake_args=None, catkin_skip_building_tests=False, mixin_files=None, mixin=None, verb_parser=<colcon_mixin.mixin.mixin_argument.MixinArgumentDecorator object at 0x73810b322860>, verb_extension=<colcon_core.verb.build.BuildVerb object at 0x73810b46f820>, main=<bound method BuildVerb.main of <colcon_core.verb.build.BuildVerb object at 0x73810b46f820>>, mixin_verb=('build',))
[0.164s] Level 1:colcon.colcon_core.package_discovery:discover_packages(colcon_meta) check parameters
[0.164s] Level 1:colcon.colcon_core.package_discovery:discover_packages(recursive) check parameters
[0.165s] Level 1:colcon.colcon_core.package_discovery:discover_packages(ignore) check parameters
[0.165s] Level 1:colcon.colcon_core.package_discovery:discover_packages(path) check parameters
[0.165s] Level 1:colcon.colcon_core.package_discovery:discover_packages(colcon_meta) discover
[0.165s] Level 1:colcon.colcon_core.package_discovery:discover_packages(recursive) discover
[0.165s] INFO:colcon.colcon_core.package_discovery:Crawling recursively for packages in '/home/pyo/Workspace/turtlebot_ws'
[0.165s] Level 1:colcon.colcon_core.package_identification:_identify(.) by extensions ['ignore', 'ignore_ament_install']
[0.165s] Level 1:colcon.colcon_core.package_identification:_identify(.) by extension 'ignore'
[0.165s] Level 1:colcon.colcon_core.package_identification:_identify(.) by extension 'ignore_ament_install'
[0.165s] Level 1:colcon.colcon_core.package_identification:_identify(.) by extensions ['colcon_pkg']
[0.165s] Level 1:colcon.colcon_core.package_identification:_identify(.) by extension 'colcon_pkg'
[0.165s] Level 1:colcon.colcon_core.package_identification:_identify(.) by extensions ['colcon_meta']
[0.165s] Level 1:colcon.colcon_core.package_identification:_identify(.) by extension 'colcon_meta'
[0.165s] Level 1:colcon.colcon_core.package_identification:_identify(.) by extensions ['ros']
[0.165s] Level 1:colcon.colcon_core.package_identification:_identify(.) by extension 'ros'
[0.171s] Level 1:colcon.colcon_core.package_identification:_identify(.) by extensions ['cmake', 'python']
[0.172s] Level 1:colcon.colcon_core.package_identification:_identify(.) by extension 'cmake'
[0.172s] Level 1:colcon.colcon_core.package_identification:_identify(.) by extension 'python'
[0.172s] Level 1:colcon.colcon_core.package_identification:_identify(.) by extensions ['python_setup_py']
[0.172s] Level 1:colcon.colcon_core.package_identification:_identify(.) by extension 'python_setup_py'
[0.172s] Level 1:colcon.colcon_core.package_identification:_identify(build) by extensions ['ignore', 'ignore_ament_install']
[0.172s] Level 1:colcon.colcon_core.package_identification:_identify(build) by extension 'ignore'
[0.172s] Level 1:colcon.colcon_core.package_identification:_identify(build) ignored
[0.172s] Level 1:colcon.colcon_core.package_identification:_identify(install) by extensions ['ignore', 'ignore_ament_install']
[0.172s] Level 1:colcon.colcon_core.package_identification:_identify(install) by extension 'ignore'
[0.172s] Level 1:colcon.colcon_core.package_identification:_identify(install) ignored
[0.172s] Level 1:colcon.colcon_core.package_identification:_identify(log) by extensions ['ignore', 'ignore_ament_install']
[0.172s] Level 1:colcon.colcon_core.package_identification:_identify(log) by extension 'ignore'
[0.172s] Level 1:colcon.colcon_core.package_identification:_identify(log) ignored
[0.172s] Level 1:colcon.colcon_core.package_identification:_identify(src) by extensions ['ignore', 'ignore_ament_install']
[0.172s] Level 1:colcon.colcon_core.package_identification:_identify(src) by extension 'ignore'
[0.172s] Level 1:colcon.colcon_core.package_identification:_identify(src) by extension 'ignore_ament_install'
[0.172s] Level 1:colcon.colcon_core.package_identification:_identify(src) by extensions ['colcon_pkg']
[0.172s] Level 1:colcon.colcon_core.package_identification:_identify(src) by extension 'colcon_pkg'
[0.172s] Level 1:colcon.colcon_core.package_identification:_identify(src) by extensions ['colcon_meta']
[0.172s] Level 1:colcon.colcon_core.package_identification:_identify(src) by extension 'colcon_meta'
[0.172s] Level 1:colcon.colcon_core.package_identification:_identify(src) by extensions ['ros']
[0.172s] Level 1:colcon.colcon_core.package_identification:_identify(src) by extension 'ros'
[0.172s] Level 1:colcon.colcon_core.package_identification:_identify(src) by extensions ['cmake', 'python']
[0.172s] Level 1:colcon.colcon_core.package_identification:_identify(src) by extension 'cmake'
[0.172s] Level 1:colcon.colcon_core.package_identification:_identify(src) by extension 'python'
[0.172s] Level 1:colcon.colcon_core.package_identification:_identify(src) by extensions ['python_setup_py']
[0.172s] Level 1:colcon.colcon_core.package_identification:_identify(src) by extension 'python_setup_py'
[0.172s] Level 1:colcon.colcon_core.package_identification:_identify(src/bridge_uart) by extensions ['ignore', 'ignore_ament_install']
[0.172s] Level 1:colcon.colcon_core.package_identification:_identify(src/bridge_uart) by extension 'ignore'
[0.172s] Level 1:colcon.colcon_core.package_identification:_identify(src/bridge_uart) by extension 'ignore_ament_install'
[0.172s] Level 1:colcon.colcon_core.package_identification:_identify(src/bridge_uart) by extensions ['colcon_pkg']
[0.172s] Level 1:colcon.colcon_core.package_identification:_identify(src/bridge_uart) by extension 'colcon_pkg'
[0.172s] Level 1:colcon.colcon_core.package_identification:_identify(src/bridge_uart) by extensions ['colcon_meta']
[0.173s] Level 1:colcon.colcon_core.package_identification:_identify(src/bridge_uart) by extension 'colcon_meta'
[0.173s] Level 1:colcon.colcon_core.package_identification:_identify(src/bridge_uart) by extensions ['ros']
[0.173s] Level 1:colcon.colcon_core.package_identification:_identify(src/bridge_uart) by extension 'ros'
[0.174s] DEBUG:colcon.colcon_core.package_identification:Package 'src/bridge_uart' with type 'ros.ament_python' and name 'bridge_uart'
[0.174s] Level 1:colcon.colcon_core.package_identification:_identify(src/encoder_odometry) by extensions ['ignore', 'ignore_ament_install']
[0.174s] Level 1:colcon.colcon_core.package_identification:_identify(src/encoder_odometry) by extension 'ignore'
[0.174s] Level 1:colcon.colcon_core.package_identification:_identify(src/encoder_odometry) by extension 'ignore_ament_install'
[0.174s] Level 1:colcon.colcon_core.package_identification:_identify(src/encoder_odometry) by extensions ['colcon_pkg']
[0.174s] Level 1:colcon.colcon_core.package_identification:_identify(src/encoder_odometry) by extension 'colcon_pkg'
[0.174s] Level 1:colcon.colcon_core.package_identification:_identify(src/encoder_odometry) by extensions ['colcon_meta']
[0.174s] Level 1:colcon.colcon_core.package_identification:_identify(src/encoder_odometry) by extension 'colcon_meta'
[0.174s] Level 1:colcon.colcon_core.package_identification:_identify(src/encoder_odometry) by extensions ['ros']
[0.174s] Level 1:colcon.colcon_core.package_identification:_identify(src/encoder_odometry) by extension 'ros'
[0.174s] DEBUG:colcon.colcon_core.package_identification:Package 'src/encoder_odometry' with type 'ros.ament_python' and name 'encoder_odometry'
[0.175s] Level 1:colcon.colcon_core.package_identification:_identify(src/my_robot_controller) by extensions ['ignore', 'ignore_ament_install']
[0.175s] Level 1:colcon.colcon_core.package_identification:_identify(src/my_robot_controller) by extension 'ignore'
[0.175s] Level 1:colcon.colcon_core.package_identification:_identify(src/my_robot_controller) by extension 'ignore_ament_install'
[0.175s] Level 1:colcon.colcon_core.package_identification:_identify(src/my_robot_controller) by extensions ['colcon_pkg']
[0.175s] Level 1:colcon.colcon_core.package_identification:_identify(src/my_robot_controller) by extension 'colcon_pkg'
[0.175s] Level 1:colcon.colcon_core.package_identification:_identify(src/my_robot_controller) by extensions ['colcon_meta']
[0.175s] Level 1:colcon.colcon_core.package_identification:_identify(src/my_robot_controller) by extension 'colcon_meta'
[0.175s] Level 1:colcon.colcon_core.package_identification:_identify(src/my_robot_controller) by extensions ['ros']
[0.175s] Level 1:colcon.colcon_core.package_identification:_identify(src/my_robot_controller) by extension 'ros'
[0.175s] DEBUG:colcon.colcon_core.package_identification:Package 'src/my_robot_controller' with type 'ros.ament_python' and name 'my_robot_controller'
[0.175s] Level 1:colcon.colcon_core.package_identification:_identify(src/my_robot_description) by extensions ['ignore', 'ignore_ament_install']
[0.175s] Level 1:colcon.colcon_core.package_identification:_identify(src/my_robot_description) by extension 'ignore'
[0.175s] Level 1:colcon.colcon_core.package_identification:_identify(src/my_robot_description) by extension 'ignore_ament_install'
[0.175s] Level 1:colcon.colcon_core.package_identification:_identify(src/my_robot_description) by extensions ['colcon_pkg']
[0.175s] Level 1:colcon.colcon_core.package_identification:_identify(src/my_robot_description) by extension 'colcon_pkg'
[0.175s] Level 1:colcon.colcon_core.package_identification:_identify(src/my_robot_description) by extensions ['colcon_meta']
[0.175s] Level 1:colcon.colcon_core.package_identification:_identify(src/my_robot_description) by extension 'colcon_meta'
[0.175s] Level 1:colcon.colcon_core.package_identification:_identify(src/my_robot_description) by extensions ['ros']
[0.175s] Level 1:colcon.colcon_core.package_identification:_identify(src/my_robot_description) by extension 'ros'
[0.176s] DEBUG:colcon.colcon_core.package_identification:Package 'src/my_robot_description' with type 'ros.ament_cmake' and name 'my_robot_description'
[0.176s] Level 1:colcon.colcon_core.package_discovery:discover_packages(recursive) using defaults
[0.176s] Level 1:colcon.colcon_core.package_discovery:discover_packages(ignore) discover
[0.176s] Level 1:colcon.colcon_core.package_discovery:discover_packages(ignore) using defaults
[0.176s] Level 1:colcon.colcon_core.package_discovery:discover_packages(path) discover
[0.176s] Level 1:colcon.colcon_core.package_discovery:discover_packages(path) using defaults
[0.195s] Level 1:colcon.colcon_core.package_discovery:discover_packages(prefix_path) check parameters
[0.195s] Level 1:colcon.colcon_core.package_discovery:discover_packages(prefix_path) discover
[0.197s] DEBUG:colcon.colcon_installed_package_information.package_discovery:Found 9 installed packages in /home/pyo/opx_robot_ws/install
[0.197s] DEBUG:colcon.colcon_installed_package_information.package_discovery:Found 364 installed packages in /opt/ros/humble
[0.199s] Level 1:colcon.colcon_core.package_discovery:discover_packages(prefix_path) using defaults
[0.231s] Level 5:colcon.colcon_core.verb:set package 'bridge_uart' build argument 'cmake_args' from command line to 'None'
[0.231s] Level 5:colcon.colcon_core.verb:set package 'bridge_uart' build argument 'cmake_target' from command line to 'None'
[0.231s] Level 5:colcon.colcon_core.verb:set package 'bridge_uart' build argument 'cmake_target_skip_unavailable' from command line to 'False'
[0.231s] Level 5:colcon.colcon_core.verb:set package 'bridge_uart' build argument 'cmake_clean_cache' from command line to 'False'
[0.231s] Level 5:colcon.colcon_core.verb:set package 'bridge_uart' build argument 'cmake_clean_first' from command line to 'False'
[0.231s] Level 5:colcon.colcon_core.verb:set package 'bridge_uart' build argument 'cmake_force_configure' from command line to 'False'
[0.231s] Level 5:colcon.colcon_core.verb:set package 'bridge_uart' build argument 'ament_cmake_args' from command line to 'None'
[0.231s] Level 5:colcon.colcon_core.verb:set package 'bridge_uart' build argument 'catkin_cmake_args' from command line to 'None'
[0.231s] Level 5:colcon.colcon_core.verb:set package 'bridge_uart' build argument 'catkin_skip_building_tests' from command line to 'False'
[0.231s] DEBUG:colcon.colcon_core.verb:Building package 'bridge_uart' with the following arguments: {'ament_cmake_args': None, 'build_base': '/home/pyo/Workspace/turtlebot_ws/build/bridge_uart', 'catkin_cmake_args': None, 'catkin_skip_building_tests': False, 'cmake_args': None, 'cmake_clean_cache': False, 'cmake_clean_first': False, 'cmake_force_configure': False, 'cmake_target': None, 'cmake_target_skip_unavailable': False, 'install_base': '/home/pyo/Workspace/turtlebot_ws/install/bridge_uart', 'merge_install': False, 'path': '/home/pyo/Workspace/turtlebot_ws/src/bridge_uart', 'symlink_install': False, 'test_result_base': None}
[0.232s] Level 5:colcon.colcon_core.verb:set package 'encoder_odometry' build argument 'cmake_args' from command line to 'None'
[0.232s] Level 5:colcon.colcon_core.verb:set package 'encoder_odometry' build argument 'cmake_target' from command line to 'None'
[0.232s] Level 5:colcon.colcon_core.verb:set package 'encoder_odometry' build argument 'cmake_target_skip_unavailable' from command line to 'False'
[0.232s] Level 5:colcon.colcon_core.verb:set package 'encoder_odometry' build argument 'cmake_clean_cache' from command line to 'False'
[0.232s] Level 5:colcon.colcon_core.verb:set package 'encoder_odometry' build argument 'cmake_clean_first' from command line to 'False'
[0.232s] Level 5:colcon.colcon_core.verb:set package 'encoder_odometry' build argument 'cmake_force_configure' from command line to 'False'
[0.232s] Level 5:colcon.colcon_core.verb:set package 'encoder_odometry' build argument 'ament_cmake_args' from command line to 'None'
[0.232s] Level 5:colcon.colcon_core.verb:set package 'encoder_odometry' build argument 'catkin_cmake_args' from command line to 'None'
[0.232s] Level 5:colcon.colcon_core.verb:set package 'encoder_odometry' build argument 'catkin_skip_building_tests' from command line to 'False'
[0.232s] DEBUG:colcon.colcon_core.verb:Building package 'encoder_odometry' with the following arguments: {'ament_cmake_args': None, 'build_base': '/home/pyo/Workspace/turtlebot_ws/build/encoder_odometry', 'catkin_cmake_args': None, 'catkin_skip_building_tests': False, 'cmake_args': None, 'cmake_clean_cache': False, 'cmake_clean_first': False, 'cmake_force_configure': False, 'cmake_target': None, 'cmake_target_skip_unavailable': False, 'install_base': '/home/pyo/Workspace/turtlebot_ws/install/encoder_odometry', 'merge_install': False, 'path': '/home/pyo/Workspace/turtlebot_ws/src/encoder_odometry', 'symlink_install': False, 'test_result_base': None}
[0.232s] Level 5:colcon.colcon_core.verb:set package 'my_robot_controller' build argument 'cmake_args' from command line to 'None'
[0.232s] Level 5:colcon.colcon_core.verb:set package 'my_robot_controller' build argument 'cmake_target' from command line to 'None'
[0.232s] Level 5:colcon.colcon_core.verb:set package 'my_robot_controller' build argument 'cmake_target_skip_unavailable' from command line to 'False'
[0.232s] Level 5:colcon.colcon_core.verb:set package 'my_robot_controller' build argument 'cmake_clean_cache' from command line to 'False'
[0.232s] Level 5:colcon.colcon_core.verb:set package 'my_robot_controller' build argument 'cmake_clean_first' from command line to 'False'
[0.232s] Level 5:colcon.colcon_core.verb:set package 'my_robot_controller' build argument 'cmake_force_configure' from command line to 'False'
[0.232s] Level 5:colcon.colcon_core.verb:set package 'my_robot_controller' build argument 'ament_cmake_args' from command line to 'None'
[0.232s] Level 5:colcon.colcon_core.verb:set package 'my_robot_controller' build argument 'catkin_cmake_args' from command line to 'None'
[0.232s] Level 5:colcon.colcon_core.verb:set package 'my_robot_controller' build argument 'catkin_skip_building_tests' from command line to 'False'
[0.232s] DEBUG:colcon.colcon_core.verb:Building package 'my_robot_controller' with the following arguments: {'ament_cmake_args': None, 'build_base': '/home/pyo/Workspace/turtlebot_ws/build/my_robot_controller', 'catkin_cmake_args': None, 'catkin_skip_building_tests': False, 'cmake_args': None, 'cmake_clean_cache': False, 'cmake_clean_first': False, 'cmake_force_configure': False, 'cmake_target': None, 'cmake_target_skip_unavailable': False, 'install_base': '/home/pyo/Workspace/turtlebot_ws/install/my_robot_controller', 'merge_install': False, 'path': '/home/pyo/Workspace/turtlebot_ws/src/my_robot_controller', 'symlink_install': False, 'test_result_base': None}
[0.232s] Level 5:colcon.colcon_core.verb:set package 'my_robot_description' build argument 'cmake_args' from command line to 'None'
[0.232s] Level 5:colcon.colcon_core.verb:set package 'my_robot_description' build argument 'cmake_target' from command line to 'None'
[0.232s] Level 5:colcon.colcon_core.verb:set package 'my_robot_description' build argument 'cmake_target_skip_unavailable' from command line to 'False'
[0.232s] Level 5:colcon.colcon_core.verb:set package 'my_robot_description' build argument 'cmake_clean_cache' from command line to 'False'
[0.232s] Level 5:colcon.colcon_core.verb:set package 'my_robot_description' build argument 'cmake_clean_first' from command line to 'False'
[0.232s] Level 5:colcon.colcon_core.verb:set package 'my_robot_description' build argument 'cmake_force_configure' from command line to 'False'
[0.232s] Level 5:colcon.colcon_core.verb:set package 'my_robot_description' build argument 'ament_cmake_args' from command line to 'None'
[0.232s] Level 5:colcon.colcon_core.verb:set package 'my_robot_description' build argument 'catkin_cmake_args' from command line to 'None'
[0.232s] Level 5:colcon.colcon_core.verb:set package 'my_robot_description' build argument 'catkin_skip_building_tests' from command line to 'False'
[0.232s] DEBUG:colcon.colcon_core.verb:Building package 'my_robot_description' with the following arguments: {'ament_cmake_args': None, 'build_base': '/home/pyo/Workspace/turtlebot_ws/build/my_robot_description', 'catkin_cmake_args': None, 'catkin_skip_building_tests': False, 'cmake_args': None, 'cmake_clean_cache': False, 'cmake_clean_first': False, 'cmake_force_configure': False, 'cmake_target': None, 'cmake_target_skip_unavailable': False, 'install_base': '/home/pyo/Workspace/turtlebot_ws/install/my_robot_description', 'merge_install': False, 'path': '/home/pyo/Workspace/turtlebot_ws/src/my_robot_description', 'symlink_install': False, 'test_result_base': None}
[0.232s] INFO:colcon.colcon_core.executor:Executing jobs using 'parallel' executor
[0.233s] DEBUG:colcon.colcon_parallel_executor.executor.parallel:run_until_complete
[0.234s] INFO:colcon.colcon_ros.task.ament_python.build:Building ROS package in '/home/pyo/Workspace/turtlebot_ws/src/bridge_uart' with build type 'ament_python'
[0.234s] Level 1:colcon.colcon_core.shell:create_environment_hook('bridge_uart', 'ament_prefix_path')
[0.236s] INFO:colcon.colcon_core.plugin_system:Skipping extension 'colcon_core.shell.bat': Not used on non-Windows systems
[0.236s] INFO:colcon.colcon_core.shell:Creating environment hook '/home/pyo/Workspace/turtlebot_ws/install/bridge_uart/share/bridge_uart/hook/ament_prefix_path.ps1'
[0.236s] INFO:colcon.colcon_core.shell:Creating environment descriptor '/home/pyo/Workspace/turtlebot_ws/install/bridge_uart/share/bridge_uart/hook/ament_prefix_path.dsv'
[0.237s] INFO:colcon.colcon_core.shell:Creating environment hook '/home/pyo/Workspace/turtlebot_ws/install/bridge_uart/share/bridge_uart/hook/ament_prefix_path.sh'
[0.237s] INFO:colcon.colcon_core.shell:Skip shell extension 'powershell' for command environment: Not usable outside of PowerShell
[0.237s] DEBUG:colcon.colcon_core.shell:Skip shell extension 'dsv' for command environment
[0.239s] INFO:colcon.colcon_ros.task.ament_python.build:Building ROS package in '/home/pyo/Workspace/turtlebot_ws/src/encoder_odometry' with build type 'ament_python'
[0.239s] Level 1:colcon.colcon_core.shell:create_environment_hook('encoder_odometry', 'ament_prefix_path')
[0.240s] INFO:colcon.colcon_core.shell:Creating environment hook '/home/pyo/Workspace/turtlebot_ws/install/encoder_odometry/share/encoder_odometry/hook/ament_prefix_path.ps1'
[0.240s] INFO:colcon.colcon_core.shell:Creating environment descriptor '/home/pyo/Workspace/turtlebot_ws/install/encoder_odometry/share/encoder_odometry/hook/ament_prefix_path.dsv'
[0.240s] INFO:colcon.colcon_core.shell:Creating environment hook '/home/pyo/Workspace/turtlebot_ws/install/encoder_odometry/share/encoder_odometry/hook/ament_prefix_path.sh'
[0.240s] INFO:colcon.colcon_core.shell:Skip shell extension 'powershell' for command environment: Not usable outside of PowerShell
[0.240s] DEBUG:colcon.colcon_core.shell:Skip shell extension 'dsv' for command environment
[0.242s] INFO:colcon.colcon_ros.task.ament_python.build:Building ROS package in '/home/pyo/Workspace/turtlebot_ws/src/my_robot_controller' with build type 'ament_python'
[0.242s] Level 1:colcon.colcon_core.shell:create_environment_hook('my_robot_controller', 'ament_prefix_path')
[0.243s] INFO:colcon.colcon_core.shell:Creating environment hook '/home/pyo/Workspace/turtlebot_ws/install/my_robot_controller/share/my_robot_controller/hook/ament_prefix_path.ps1'
[0.243s] INFO:colcon.colcon_core.shell:Creating environment descriptor '/home/pyo/Workspace/turtlebot_ws/install/my_robot_controller/share/my_robot_controller/hook/ament_prefix_path.dsv'
[0.243s] INFO:colcon.colcon_core.shell:Creating environment hook '/home/pyo/Workspace/turtlebot_ws/install/my_robot_controller/share/my_robot_controller/hook/ament_prefix_path.sh'
[0.243s] INFO:colcon.colcon_core.shell:Skip shell extension 'powershell' for command environment: Not usable outside of PowerShell
[0.243s] DEBUG:colcon.colcon_core.shell:Skip shell extension 'dsv' for command environment
[0.245s] INFO:colcon.colcon_ros.task.ament_cmake.build:Building ROS package in '/home/pyo/Workspace/turtlebot_ws/src/my_robot_description' with build type 'ament_cmake'
[0.245s] INFO:colcon.colcon_cmake.task.cmake.build:Building CMake package in '/home/pyo/Workspace/turtlebot_ws/src/my_robot_description'
[0.245s] INFO:colcon.colcon_core.shell:Skip shell extension 'powershell' for command environment: Not usable outside of PowerShell
[0.245s] DEBUG:colcon.colcon_core.shell:Skip shell extension 'dsv' for command environment
[0.407s] INFO:colcon.colcon_core.task.python.build:Building Python package in '/home/pyo/Workspace/turtlebot_ws/src/bridge_uart'
[0.407s] INFO:colcon.colcon_core.shell:Skip shell extension 'powershell' for command environment: Not usable outside of PowerShell
[0.407s] DEBUG:colcon.colcon_core.shell:Skip shell extension 'dsv' for command environment
[0.565s] INFO:colcon.colcon_core.task.python.build:Building Python package in '/home/pyo/Workspace/turtlebot_ws/src/encoder_odometry'
[0.565s] INFO:colcon.colcon_core.shell:Skip shell extension 'powershell' for command environment: Not usable outside of PowerShell
[0.565s] DEBUG:colcon.colcon_core.shell:Skip shell extension 'dsv' for command environment
[0.719s] INFO:colcon.colcon_core.task.python.build:Building Python package in '/home/pyo/Workspace/turtlebot_ws/src/my_robot_controller'
[0.719s] INFO:colcon.colcon_core.shell:Skip shell extension 'powershell' for command environment: Not usable outside of PowerShell
[0.719s] DEBUG:colcon.colcon_core.shell:Skip shell extension 'dsv' for command environment
[0.725s] DEBUG:colcon.colcon_core.event_handler.log_command:Invoking command in '/home/pyo/Workspace/turtlebot_ws/build/my_robot_description': CMAKE_PREFIX_PATH=${CMAKE_PREFIX_PATH}:/opt/ros/humble /usr/bin/cmake --build /home/pyo/Workspace/turtlebot_ws/build/my_robot_description -- -j18 -l18
[0.769s] DEBUG:colcon.colcon_core.event_handler.log_command:Invoked command in '/home/pyo/Workspace/turtlebot_ws/build/my_robot_description' returned '0': CMAKE_PREFIX_PATH=${CMAKE_PREFIX_PATH}:/opt/ros/humble /usr/bin/cmake --build /home/pyo/Workspace/turtlebot_ws/build/my_robot_description -- -j18 -l18
[0.780s] DEBUG:colcon.colcon_core.event_handler.log_command:Invoking command in '/home/pyo/Workspace/turtlebot_ws/build/my_robot_description': CMAKE_PREFIX_PATH=${CMAKE_PREFIX_PATH}:/opt/ros/humble /usr/bin/cmake --install /home/pyo/Workspace/turtlebot_ws/build/my_robot_description
[0.792s] Level 1:colcon.colcon_core.environment:create_environment_scripts_only(my_robot_description)
[0.793s] DEBUG:colcon.colcon_core.event_handler.log_command:Invoked command in '/home/pyo/Workspace/turtlebot_ws/build/my_robot_description' returned '0': CMAKE_PREFIX_PATH=${CMAKE_PREFIX_PATH}:/opt/ros/humble /usr/bin/cmake --install /home/pyo/Workspace/turtlebot_ws/build/my_robot_description
[0.796s] Level 1:colcon.colcon_core.environment:checking '/home/pyo/Workspace/turtlebot_ws/install/my_robot_description' for CMake module files
[0.797s] Level 1:colcon.colcon_core.environment:checking '/home/pyo/Workspace/turtlebot_ws/install/my_robot_description' for CMake config files
[0.797s] Level 1:colcon.colcon_core.shell:create_environment_hook('my_robot_description', 'cmake_prefix_path')
[0.797s] INFO:colcon.colcon_core.shell:Creating environment hook '/home/pyo/Workspace/turtlebot_ws/install/my_robot_description/share/my_robot_description/hook/cmake_prefix_path.ps1'
[0.798s] INFO:colcon.colcon_core.shell:Creating environment descriptor '/home/pyo/Workspace/turtlebot_ws/install/my_robot_description/share/my_robot_description/hook/cmake_prefix_path.dsv'
[0.798s] INFO:colcon.colcon_core.shell:Creating environment hook '/home/pyo/Workspace/turtlebot_ws/install/my_robot_description/share/my_robot_description/hook/cmake_prefix_path.sh'
[0.799s] Level 1:colcon.colcon_core.environment:checking '/home/pyo/Workspace/turtlebot_ws/install/my_robot_description/bin'
[0.799s] Level 1:colcon.colcon_core.environment:checking '/home/pyo/Workspace/turtlebot_ws/install/my_robot_description/lib/pkgconfig/my_robot_description.pc'
[0.799s] Level 1:colcon.colcon_core.environment:checking '/home/pyo/Workspace/turtlebot_ws/install/my_robot_description/lib/python3.10/site-packages'
[0.799s] Level 1:colcon.colcon_core.environment:checking '/home/pyo/Workspace/turtlebot_ws/install/my_robot_description/bin'
[0.800s] INFO:colcon.colcon_core.shell:Creating package script '/home/pyo/Workspace/turtlebot_ws/install/my_robot_description/share/my_robot_description/package.ps1'
[0.801s] INFO:colcon.colcon_core.shell:Creating package descriptor '/home/pyo/Workspace/turtlebot_ws/install/my_robot_description/share/my_robot_description/package.dsv'
[0.802s] INFO:colcon.colcon_core.shell:Creating package script '/home/pyo/Workspace/turtlebot_ws/install/my_robot_description/share/my_robot_description/package.sh'
[0.802s] INFO:colcon.colcon_core.shell:Creating package script '/home/pyo/Workspace/turtlebot_ws/install/my_robot_description/share/my_robot_description/package.bash'
[0.803s] INFO:colcon.colcon_core.shell:Creating package script '/home/pyo/Workspace/turtlebot_ws/install/my_robot_description/share/my_robot_description/package.zsh'
[0.804s] Level 1:colcon.colcon_core.environment:create_file_with_runtime_dependencies(/home/pyo/Workspace/turtlebot_ws/install/my_robot_description/share/colcon-core/packages/my_robot_description)
[0.805s] Level 1:colcon.colcon_core.environment:create_environment_scripts_only(my_robot_description)
[0.805s] Level 1:colcon.colcon_core.environment:checking '/home/pyo/Workspace/turtlebot_ws/install/my_robot_description' for CMake module files
[0.805s] Level 1:colcon.colcon_core.environment:checking '/home/pyo/Workspace/turtlebot_ws/install/my_robot_description' for CMake config files
[0.806s] Level 1:colcon.colcon_core.shell:create_environment_hook('my_robot_description', 'cmake_prefix_path')
[0.806s] INFO:colcon.colcon_core.shell:Creating environment hook '/home/pyo/Workspace/turtlebot_ws/install/my_robot_description/share/my_robot_description/hook/cmake_prefix_path.ps1'
[0.806s] INFO:colcon.colcon_core.shell:Creating environment descriptor '/home/pyo/Workspace/turtlebot_ws/install/my_robot_description/share/my_robot_description/hook/cmake_prefix_path.dsv'
[0.806s] INFO:colcon.colcon_core.shell:Creating environment hook '/home/pyo/Workspace/turtlebot_ws/install/my_robot_description/share/my_robot_description/hook/cmake_prefix_path.sh'
[0.807s] Level 1:colcon.colcon_core.environment:checking '/home/pyo/Workspace/turtlebot_ws/install/my_robot_description/bin'
[0.807s] Level 1:colcon.colcon_core.environment:checking '/home/pyo/Workspace/turtlebot_ws/install/my_robot_description/lib/pkgconfig/my_robot_description.pc'
[0.807s] Level 1:colcon.colcon_core.environment:checking '/home/pyo/Workspace/turtlebot_ws/install/my_robot_description/lib/python3.10/site-packages'
[0.807s] Level 1:colcon.colcon_core.environment:checking '/home/pyo/Workspace/turtlebot_ws/install/my_robot_description/bin'
[0.808s] INFO:colcon.colcon_core.shell:Creating package script '/home/pyo/Workspace/turtlebot_ws/install/my_robot_description/share/my_robot_description/package.ps1'
[0.808s] INFO:colcon.colcon_core.shell:Creating package descriptor '/home/pyo/Workspace/turtlebot_ws/install/my_robot_description/share/my_robot_description/package.dsv'
[0.809s] INFO:colcon.colcon_core.shell:Creating package script '/home/pyo/Workspace/turtlebot_ws/install/my_robot_description/share/my_robot_description/package.sh'
[0.809s] INFO:colcon.colcon_core.shell:Creating package script '/home/pyo/Workspace/turtlebot_ws/install/my_robot_description/share/my_robot_description/package.bash'
[0.809s] INFO:colcon.colcon_core.shell:Creating package script '/home/pyo/Workspace/turtlebot_ws/install/my_robot_description/share/my_robot_description/package.zsh'
[0.810s] Level 1:colcon.colcon_core.environment:create_file_with_runtime_dependencies(/home/pyo/Workspace/turtlebot_ws/install/my_robot_description/share/colcon-core/packages/my_robot_description)
[1.005s] DEBUG:colcon.colcon_core.event_handler.log_command:Invoking command in '/home/pyo/Workspace/turtlebot_ws/src/encoder_odometry': PYTHONPATH=/home/pyo/Workspace/turtlebot_ws/build/encoder_odometry/prefix_override:/usr/lib/python3/dist-packages/colcon_core/task/python/colcon_distutils_commands:/home/pyo/Workspace/turtlebot_ws/install/encoder_odometry/lib/python3.10/site-packages:${PYTHONPATH} /usr/bin/python3 -W ignore:setup.py install is deprecated -W ignore:easy_install command is deprecated setup.py egg_info --egg-base ../../build/encoder_odometry build --build-base /home/pyo/Workspace/turtlebot_ws/build/encoder_odometry/build install --record /home/pyo/Workspace/turtlebot_ws/build/encoder_odometry/install.log --single-version-externally-managed install_data
[1.007s] DEBUG:colcon.colcon_core.event_handler.log_command:Invoking command in '/home/pyo/Workspace/turtlebot_ws/src/bridge_uart': PYTHONPATH=/home/pyo/Workspace/turtlebot_ws/build/bridge_uart/prefix_override:/usr/lib/python3/dist-packages/colcon_core/task/python/colcon_distutils_commands:/home/pyo/Workspace/turtlebot_ws/install/bridge_uart/lib/python3.10/site-packages:${PYTHONPATH} /usr/bin/python3 -W ignore:setup.py install is deprecated -W ignore:easy_install command is deprecated setup.py egg_info --egg-base ../../build/bridge_uart build --build-base /home/pyo/Workspace/turtlebot_ws/build/bridge_uart/build install --record /home/pyo/Workspace/turtlebot_ws/build/bridge_uart/install.log --single-version-externally-managed install_data
[1.009s] DEBUG:colcon.colcon_core.event_handler.log_command:Invoking command in '/home/pyo/Workspace/turtlebot_ws/src/my_robot_controller': PYTHONPATH=/home/pyo/Workspace/turtlebot_ws/build/my_robot_controller/prefix_override:/usr/lib/python3/dist-packages/colcon_core/task/python/colcon_distutils_commands:/home/pyo/Workspace/turtlebot_ws/install/my_robot_controller/lib/python3.10/site-packages:${PYTHONPATH} /usr/bin/python3 -W ignore:setup.py install is deprecated -W ignore:easy_install command is deprecated setup.py egg_info --egg-base ../../build/my_robot_controller build --build-base /home/pyo/Workspace/turtlebot_ws/build/my_robot_controller/build install --record /home/pyo/Workspace/turtlebot_ws/build/my_robot_controller/install.log --single-version-externally-managed install_data
[1.181s] Level 1:colcon.colcon_core.environment:checking '/home/pyo/Workspace/turtlebot_ws/install/encoder_odometry' for CMake module files
[1.182s] DEBUG:colcon.colcon_core.event_handler.log_command:Invoked command in '/home/pyo/Workspace/turtlebot_ws/src/encoder_odometry' returned '0': PYTHONPATH=/home/pyo/Workspace/turtlebot_ws/build/encoder_odometry/prefix_override:/usr/lib/python3/dist-packages/colcon_core/task/python/colcon_distutils_commands:/home/pyo/Workspace/turtlebot_ws/install/encoder_odometry/lib/python3.10/site-packages:${PYTHONPATH} /usr/bin/python3 -W ignore:setup.py install is deprecated -W ignore:easy_install command is deprecated setup.py egg_info --egg-base ../../build/encoder_odometry build --build-base /home/pyo/Workspace/turtlebot_ws/build/encoder_odometry/build install --record /home/pyo/Workspace/turtlebot_ws/build/encoder_odometry/install.log --single-version-externally-managed install_data
[1.182s] Level 1:colcon.colcon_core.environment:checking '/home/pyo/Workspace/turtlebot_ws/install/encoder_odometry' for CMake config files
[1.183s] Level 1:colcon.colcon_core.environment:checking '/home/pyo/Workspace/turtlebot_ws/install/encoder_odometry/lib'
[1.183s] Level 1:colcon.colcon_core.environment:checking '/home/pyo/Workspace/turtlebot_ws/install/encoder_odometry/bin'
[1.183s] Level 1:colcon.colcon_core.environment:checking '/home/pyo/Workspace/turtlebot_ws/install/encoder_odometry/lib/pkgconfig/encoder_odometry.pc'
[1.183s] Level 1:colcon.colcon_core.environment:checking '/home/pyo/Workspace/turtlebot_ws/install/encoder_odometry/lib/python3.10/site-packages'
[1.183s] Level 1:colcon.colcon_core.shell:create_environment_hook('encoder_odometry', 'pythonpath')
[1.184s] INFO:colcon.colcon_core.shell:Creating environment hook '/home/pyo/Workspace/turtlebot_ws/install/encoder_odometry/share/encoder_odometry/hook/pythonpath.ps1'
[1.184s] INFO:colcon.colcon_core.shell:Creating environment descriptor '/home/pyo/Workspace/turtlebot_ws/install/encoder_odometry/share/encoder_odometry/hook/pythonpath.dsv'
[1.185s] INFO:colcon.colcon_core.shell:Creating environment hook '/home/pyo/Workspace/turtlebot_ws/install/encoder_odometry/share/encoder_odometry/hook/pythonpath.sh'
[1.185s] Level 1:colcon.colcon_core.environment:checking '/home/pyo/Workspace/turtlebot_ws/install/encoder_odometry/bin'
[1.185s] Level 1:colcon.colcon_core.environment:create_environment_scripts_only(encoder_odometry)
[1.185s] INFO:colcon.colcon_core.shell:Creating package script '/home/pyo/Workspace/turtlebot_ws/install/encoder_odometry/share/encoder_odometry/package.ps1'
[1.186s] INFO:colcon.colcon_core.shell:Creating package descriptor '/home/pyo/Workspace/turtlebot_ws/install/encoder_odometry/share/encoder_odometry/package.dsv'
[1.186s] INFO:colcon.colcon_core.shell:Creating package script '/home/pyo/Workspace/turtlebot_ws/install/encoder_odometry/share/encoder_odometry/package.sh'
[1.186s] INFO:colcon.colcon_core.shell:Creating package script '/home/pyo/Workspace/turtlebot_ws/install/encoder_odometry/share/encoder_odometry/package.bash'
[1.186s] INFO:colcon.colcon_core.shell:Creating package script '/home/pyo/Workspace/turtlebot_ws/install/encoder_odometry/share/encoder_odometry/package.zsh'
[1.187s] Level 1:colcon.colcon_core.environment:create_file_with_runtime_dependencies(/home/pyo/Workspace/turtlebot_ws/install/encoder_odometry/share/colcon-core/packages/encoder_odometry)
[1.188s] Level 1:colcon.colcon_core.environment:checking '/home/pyo/Workspace/turtlebot_ws/install/my_robot_controller' for CMake module files
[1.188s] DEBUG:colcon.colcon_core.event_handler.log_command:Invoked command in '/home/pyo/Workspace/turtlebot_ws/src/my_robot_controller' returned '0': PYTHONPATH=/home/pyo/Workspace/turtlebot_ws/build/my_robot_controller/prefix_override:/usr/lib/python3/dist-packages/colcon_core/task/python/colcon_distutils_commands:/home/pyo/Workspace/turtlebot_ws/install/my_robot_controller/lib/python3.10/site-packages:${PYTHONPATH} /usr/bin/python3 -W ignore:setup.py install is deprecated -W ignore:easy_install command is deprecated setup.py egg_info --egg-base ../../build/my_robot_controller build --build-base /home/pyo/Workspace/turtlebot_ws/build/my_robot_controller/build install --record /home/pyo/Workspace/turtlebot_ws/build/my_robot_controller/install.log --single-version-externally-managed install_data
[1.188s] Level 1:colcon.colcon_core.environment:checking '/home/pyo/Workspace/turtlebot_ws/install/my_robot_controller' for CMake config files
[1.189s] Level 1:colcon.colcon_core.environment:checking '/home/pyo/Workspace/turtlebot_ws/install/my_robot_controller/lib'
[1.189s] Level 1:colcon.colcon_core.environment:checking '/home/pyo/Workspace/turtlebot_ws/install/my_robot_controller/bin'
[1.189s] Level 1:colcon.colcon_core.environment:checking '/home/pyo/Workspace/turtlebot_ws/install/my_robot_controller/lib/pkgconfig/my_robot_controller.pc'
[1.189s] Level 1:colcon.colcon_core.environment:checking '/home/pyo/Workspace/turtlebot_ws/install/my_robot_controller/lib/python3.10/site-packages'
[1.189s] Level 1:colcon.colcon_core.shell:create_environment_hook('my_robot_controller', 'pythonpath')
[1.189s] INFO:colcon.colcon_core.shell:Creating environment hook '/home/pyo/Workspace/turtlebot_ws/install/my_robot_controller/share/my_robot_controller/hook/pythonpath.ps1'
[1.190s] INFO:colcon.colcon_core.shell:Creating environment descriptor '/home/pyo/Workspace/turtlebot_ws/install/my_robot_controller/share/my_robot_controller/hook/pythonpath.dsv'
[1.190s] INFO:colcon.colcon_core.shell:Creating environment hook '/home/pyo/Workspace/turtlebot_ws/install/my_robot_controller/share/my_robot_controller/hook/pythonpath.sh'
[1.191s] Level 1:colcon.colcon_core.environment:checking '/home/pyo/Workspace/turtlebot_ws/install/my_robot_controller/bin'
[1.191s] Level 1:colcon.colcon_core.environment:create_environment_scripts_only(my_robot_controller)
[1.191s] INFO:colcon.colcon_core.shell:Creating package script '/home/pyo/Workspace/turtlebot_ws/install/my_robot_controller/share/my_robot_controller/package.ps1'
[1.192s] INFO:colcon.colcon_core.shell:Creating package descriptor '/home/pyo/Workspace/turtlebot_ws/install/my_robot_controller/share/my_robot_controller/package.dsv'
[1.192s] INFO:colcon.colcon_core.shell:Creating package script '/home/pyo/Workspace/turtlebot_ws/install/my_robot_controller/share/my_robot_controller/package.sh'
[1.192s] INFO:colcon.colcon_core.shell:Creating package script '/home/pyo/Workspace/turtlebot_ws/install/my_robot_controller/share/my_robot_controller/package.bash'
[1.193s] INFO:colcon.colcon_core.shell:Creating package script '/home/pyo/Workspace/turtlebot_ws/install/my_robot_controller/share/my_robot_controller/package.zsh'
[1.193s] Level 1:colcon.colcon_core.environment:create_file_with_runtime_dependencies(/home/pyo/Workspace/turtlebot_ws/install/my_robot_controller/share/colcon-core/packages/my_robot_controller)
[1.211s] Level 1:colcon.colcon_core.environment:checking '/home/pyo/Workspace/turtlebot_ws/install/bridge_uart' for CMake module files
[1.212s] DEBUG:colcon.colcon_core.event_handler.log_command:Invoked command in '/home/pyo/Workspace/turtlebot_ws/src/bridge_uart' returned '0': PYTHONPATH=/home/pyo/Workspace/turtlebot_ws/build/bridge_uart/prefix_override:/usr/lib/python3/dist-packages/colcon_core/task/python/colcon_distutils_commands:/home/pyo/Workspace/turtlebot_ws/install/bridge_uart/lib/python3.10/site-packages:${PYTHONPATH} /usr/bin/python3 -W ignore:setup.py install is deprecated -W ignore:easy_install command is deprecated setup.py egg_info --egg-base ../../build/bridge_uart build --build-base /home/pyo/Workspace/turtlebot_ws/build/bridge_uart/build install --record /home/pyo/Workspace/turtlebot_ws/build/bridge_uart/install.log --single-version-externally-managed install_data
[1.212s] Level 1:colcon.colcon_core.environment:checking '/home/pyo/Workspace/turtlebot_ws/install/bridge_uart' for CMake config files
[1.213s] Level 1:colcon.colcon_core.environment:checking '/home/pyo/Workspace/turtlebot_ws/install/bridge_uart/lib'
[1.213s] Level 1:colcon.colcon_core.environment:checking '/home/pyo/Workspace/turtlebot_ws/install/bridge_uart/bin'
[1.213s] Level 1:colcon.colcon_core.environment:checking '/home/pyo/Workspace/turtlebot_ws/install/bridge_uart/lib/pkgconfig/bridge_uart.pc'
[1.213s] Level 1:colcon.colcon_core.environment:checking '/home/pyo/Workspace/turtlebot_ws/install/bridge_uart/lib/python3.10/site-packages'
[1.213s] Level 1:colcon.colcon_core.shell:create_environment_hook('bridge_uart', 'pythonpath')
[1.213s] INFO:colcon.colcon_core.shell:Creating environment hook '/home/pyo/Workspace/turtlebot_ws/install/bridge_uart/share/bridge_uart/hook/pythonpath.ps1'
[1.214s] INFO:colcon.colcon_core.shell:Creating environment descriptor '/home/pyo/Workspace/turtlebot_ws/install/bridge_uart/share/bridge_uart/hook/pythonpath.dsv'
[1.214s] INFO:colcon.colcon_core.shell:Creating environment hook '/home/pyo/Workspace/turtlebot_ws/install/bridge_uart/share/bridge_uart/hook/pythonpath.sh'
[1.215s] Level 1:colcon.colcon_core.environment:checking '/home/pyo/Workspace/turtlebot_ws/install/bridge_uart/bin'
[1.215s] Level 1:colcon.colcon_core.environment:create_environment_scripts_only(bridge_uart)
[1.215s] INFO:colcon.colcon_core.shell:Creating package script '/home/pyo/Workspace/turtlebot_ws/install/bridge_uart/share/bridge_uart/package.ps1'
[1.215s] INFO:colcon.colcon_core.shell:Creating package descriptor '/home/pyo/Workspace/turtlebot_ws/install/bridge_uart/share/bridge_uart/package.dsv'
[1.215s] INFO:colcon.colcon_core.shell:Creating package script '/home/pyo/Workspace/turtlebot_ws/install/bridge_uart/share/bridge_uart/package.sh'
[1.216s] INFO:colcon.colcon_core.shell:Creating package script '/home/pyo/Workspace/turtlebot_ws/install/bridge_uart/share/bridge_uart/package.bash'
[1.216s] INFO:colcon.colcon_core.shell:Creating package script '/home/pyo/Workspace/turtlebot_ws/install/bridge_uart/share/bridge_uart/package.zsh'
[1.216s] Level 1:colcon.colcon_core.environment:create_file_with_runtime_dependencies(/home/pyo/Workspace/turtlebot_ws/install/bridge_uart/share/colcon-core/packages/bridge_uart)
[1.216s] DEBUG:colcon.colcon_parallel_executor.executor.parallel:closing loop
[1.216s] DEBUG:colcon.colcon_parallel_executor.executor.parallel:loop closed
[1.216s] DEBUG:colcon.colcon_parallel_executor.executor.parallel:run_until_complete finished with '0'
[1.216s] DEBUG:colcon.colcon_core.event_reactor:joining thread
[1.220s] INFO:colcon.colcon_core.plugin_system:Skipping extension 'colcon_notification.desktop_notification.terminal_notifier': Not used on non-Darwin systems
[1.220s] INFO:colcon.colcon_core.plugin_system:Skipping extension 'colcon_notification.desktop_notification.win32': Not used on non-Windows systems
[1.220s] INFO:colcon.colcon_notification.desktop_notification:Sending desktop notification using 'notify2'
[1.233s] DEBUG:colcon.colcon_core.event_reactor:joined thread
[1.234s] INFO:colcon.colcon_core.shell:Creating prefix script '/home/pyo/Workspace/turtlebot_ws/install/local_setup.ps1'
[1.235s] INFO:colcon.colcon_core.shell:Creating prefix util module '/home/pyo/Workspace/turtlebot_ws/install/_local_setup_util_ps1.py'
[1.236s] INFO:colcon.colcon_core.shell:Creating prefix chain script '/home/pyo/Workspace/turtlebot_ws/install/setup.ps1'
[1.236s] INFO:colcon.colcon_core.shell:Creating prefix script '/home/pyo/Workspace/turtlebot_ws/install/local_setup.sh'
[1.237s] INFO:colcon.colcon_core.shell:Creating prefix util module '/home/pyo/Workspace/turtlebot_ws/install/_local_setup_util_sh.py'
[1.237s] INFO:colcon.colcon_core.shell:Creating prefix chain script '/home/pyo/Workspace/turtlebot_ws/install/setup.sh'
[1.238s] INFO:colcon.colcon_core.shell:Creating prefix script '/home/pyo/Workspace/turtlebot_ws/install/local_setup.bash'
[1.238s] INFO:colcon.colcon_core.shell:Creating prefix chain script '/home/pyo/Workspace/turtlebot_ws/install/setup.bash'
[1.239s] INFO:colcon.colcon_core.shell:Creating prefix script '/home/pyo/Workspace/turtlebot_ws/install/local_setup.zsh'
[1.239s] INFO:colcon.colcon_core.shell:Creating prefix chain script '/home/pyo/Workspace/turtlebot_ws/install/setup.zsh'
