[0.661s] Invoking command in '/home/pyo/Workspace/turtlebot_ws/src/encoder_odometry': PYTHONPATH=/home/pyo/Workspace/turtlebot_ws/build/encoder_odometry/prefix_override:/usr/lib/python3/dist-packages/colcon_core/task/python/colcon_distutils_commands:/home/pyo/Workspace/turtlebot_ws/install/encoder_odometry/lib/python3.10/site-packages:${PYTHONPATH} /usr/bin/python3 -W ignore:setup.py install is deprecated -W ignore:easy_install command is deprecated setup.py egg_info --egg-base ../../build/encoder_odometry build --build-base /home/pyo/Workspace/turtlebot_ws/build/encoder_odometry/build install --record /home/pyo/Workspace/turtlebot_ws/build/encoder_odometry/install.log --single-version-externally-managed install_data
[0.907s] running egg_info
[0.907s] writing ../../build/encoder_odometry/encoder_odometry.egg-info/PKG-INFO
[0.908s] writing dependency_links to ../../build/encoder_odometry/encoder_odometry.egg-info/dependency_links.txt
[0.908s] writing entry points to ../../build/encoder_odometry/encoder_odometry.egg-info/entry_points.txt
[0.908s] writing requirements to ../../build/encoder_odometry/encoder_odometry.egg-info/requires.txt
[0.908s] writing top-level names to ../../build/encoder_odometry/encoder_odometry.egg-info/top_level.txt
[0.909s] reading manifest file '../../build/encoder_odometry/encoder_odometry.egg-info/SOURCES.txt'
[0.910s] writing manifest file '../../build/encoder_odometry/encoder_odometry.egg-info/SOURCES.txt'
[0.910s] running build
[0.910s] running build_py
[0.910s] running install
[0.911s] running install_lib
[0.912s] running install_data
[0.912s] running install_egg_info
[0.914s] removing '/home/pyo/Workspace/turtlebot_ws/install/encoder_odometry/lib/python3.10/site-packages/encoder_odometry-0.0.0-py3.10.egg-info' (and everything under it)
[0.914s] Copying ../../build/encoder_odometry/encoder_odometry.egg-info to /home/pyo/Workspace/turtlebot_ws/install/encoder_odometry/lib/python3.10/site-packages/encoder_odometry-0.0.0-py3.10.egg-info
[0.914s] running install_scripts
[0.937s] writing list of installed files to '/home/pyo/Workspace/turtlebot_ws/build/encoder_odometry/install.log'
[0.963s] Invoked command in '/home/pyo/Workspace/turtlebot_ws/src/encoder_odometry' returned '0': PYTHONPATH=/home/pyo/Workspace/turtlebot_ws/build/encoder_odometry/prefix_override:/usr/lib/python3/dist-packages/colcon_core/task/python/colcon_distutils_commands:/home/pyo/Workspace/turtlebot_ws/install/encoder_odometry/lib/python3.10/site-packages:${PYTHONPATH} /usr/bin/python3 -W ignore:setup.py install is deprecated -W ignore:easy_install command is deprecated setup.py egg_info --egg-base ../../build/encoder_odometry build --build-base /home/pyo/Workspace/turtlebot_ws/build/encoder_odometry/build install --record /home/pyo/Workspace/turtlebot_ws/build/encoder_odometry/install.log --single-version-externally-managed install_data
