[0.488s] Invoking command in '/home/pyo/Workspace/turtlebot_ws/build/my_robot_description': CMAKE_PREFIX_PATH=/home/pyo/Workspace/turtlebot_ws/install/my_robot_description:/home/pyo/Workspace/turtlebot_ws/install/my_robot_controller:/home/pyo/Workspace/turtlebot_ws/install/encoder_uart_publisher:/home/pyo/Workspace/turtlebot_ws/install/encoder_odometry:/home/pyo/Workspace/turtlebot_ws/install/bridge_uart:/opt/ros/humble:/home/pyo/Workspace/turtlebot_ws/install/keyboard_sim:/home/pyo/opx_robot_ws/install/open_manipulator:/home/pyo/opx_robot_ws/install/open_manipulator_x_teleop:/home/pyo/opx_robot_ws/install/open_manipulator_x_playground:/home/pyo/opx_robot_ws/install/open_manipulator_x_moveit_config:/home/pyo/opx_robot_ws/install/open_manipulator_x_gui:/home/pyo/opx_robot_ws/install/open_manipulator_x_bringup:/home/pyo/opx_robot_ws/install/open_manipulator_x_description:/home/pyo/opx_robot_ws/install/dynamixel_hardware_interface:/home/pyo/opx_robot_ws/install/dynamixel_interfaces /usr/bin/cmake --build /home/pyo/Workspace/turtlebot_ws/build/my_robot_description -- -j18 -l18
[0.532s] Invoked command in '/home/pyo/Workspace/turtlebot_ws/build/my_robot_description' returned '0': CMAKE_PREFIX_PATH=/home/pyo/Workspace/turtlebot_ws/install/my_robot_description:/home/pyo/Workspace/turtlebot_ws/install/my_robot_controller:/home/pyo/Workspace/turtlebot_ws/install/encoder_uart_publisher:/home/pyo/Workspace/turtlebot_ws/install/encoder_odometry:/home/pyo/Workspace/turtlebot_ws/install/bridge_uart:/opt/ros/humble:/home/pyo/Workspace/turtlebot_ws/install/keyboard_sim:/home/pyo/opx_robot_ws/install/open_manipulator:/home/pyo/opx_robot_ws/install/open_manipulator_x_teleop:/home/pyo/opx_robot_ws/install/open_manipulator_x_playground:/home/pyo/opx_robot_ws/install/open_manipulator_x_moveit_config:/home/pyo/opx_robot_ws/install/open_manipulator_x_gui:/home/pyo/opx_robot_ws/install/open_manipulator_x_bringup:/home/pyo/opx_robot_ws/install/open_manipulator_x_description:/home/pyo/opx_robot_ws/install/dynamixel_hardware_interface:/home/pyo/opx_robot_ws/install/dynamixel_interfaces /usr/bin/cmake --build /home/pyo/Workspace/turtlebot_ws/build/my_robot_description -- -j18 -l18
[0.542s] Invoking command in '/home/pyo/Workspace/turtlebot_ws/build/my_robot_description': CMAKE_PREFIX_PATH=/home/pyo/Workspace/turtlebot_ws/install/my_robot_description:/home/pyo/Workspace/turtlebot_ws/install/my_robot_controller:/home/pyo/Workspace/turtlebot_ws/install/encoder_uart_publisher:/home/pyo/Workspace/turtlebot_ws/install/encoder_odometry:/home/pyo/Workspace/turtlebot_ws/install/bridge_uart:/opt/ros/humble:/home/pyo/Workspace/turtlebot_ws/install/keyboard_sim:/home/pyo/opx_robot_ws/install/open_manipulator:/home/pyo/opx_robot_ws/install/open_manipulator_x_teleop:/home/pyo/opx_robot_ws/install/open_manipulator_x_playground:/home/pyo/opx_robot_ws/install/open_manipulator_x_moveit_config:/home/pyo/opx_robot_ws/install/open_manipulator_x_gui:/home/pyo/opx_robot_ws/install/open_manipulator_x_bringup:/home/pyo/opx_robot_ws/install/open_manipulator_x_description:/home/pyo/opx_robot_ws/install/dynamixel_hardware_interface:/home/pyo/opx_robot_ws/install/dynamixel_interfaces /usr/bin/cmake --install /home/pyo/Workspace/turtlebot_ws/build/my_robot_description
[0.551s] -- Install configuration: ""
[0.551s] -- Up-to-date: /home/pyo/Workspace/turtlebot_ws/install/my_robot_description/share/my_robot_description/launch
[0.551s] -- Up-to-date: /home/pyo/Workspace/turtlebot_ws/install/my_robot_description/share/my_robot_description/launch/display.launch.py
[0.551s] -- Up-to-date: /home/pyo/Workspace/turtlebot_ws/install/my_robot_description/share/my_robot_description/urdf
[0.551s] -- Up-to-date: /home/pyo/Workspace/turtlebot_ws/install/my_robot_description/share/my_robot_description/urdf/config.json
[0.551s] -- Up-to-date: /home/pyo/Workspace/turtlebot_ws/install/my_robot_description/share/my_robot_description/urdf/robot.urdf
[0.551s] -- Up-to-date: /home/pyo/Workspace/turtlebot_ws/install/my_robot_description/share/my_robot_description/urdf/assets
[0.551s] -- Up-to-date: /home/pyo/Workspace/turtlebot_ws/install/my_robot_description/share/my_robot_description/urdf/assets/shaft_coupler__jgb37_520.stl
[0.551s] -- Up-to-date: /home/pyo/Workspace/turtlebot_ws/install/my_robot_description/share/my_robot_description/urdf/assets/part_1__2.part
[0.551s] -- Up-to-date: /home/pyo/Workspace/turtlebot_ws/install/my_robot_description/share/my_robot_description/urdf/assets/geared_body__motor__jgb37_520.stl
[0.551s] -- Up-to-date: /home/pyo/Workspace/turtlebot_ws/install/my_robot_description/share/my_robot_description/urdf/assets/part_1.part
[0.551s] -- Up-to-date: /home/pyo/Workspace/turtlebot_ws/install/my_robot_description/share/my_robot_description/urdf/assets/plastic_cover__dc_motor__jgb37_520.stl
[0.551s] -- Up-to-date: /home/pyo/Workspace/turtlebot_ws/install/my_robot_description/share/my_robot_description/urdf/assets/plastic_cover__dc_motor__jgb37_520.part
[0.551s] -- Up-to-date: /home/pyo/Workspace/turtlebot_ws/install/my_robot_description/share/my_robot_description/urdf/assets/part_1__5.stl
[0.552s] -- Up-to-date: /home/pyo/Workspace/turtlebot_ws/install/my_robot_description/share/my_robot_description/urdf/assets/dc_motor__jgb37_520.part
[0.552s] -- Up-to-date: /home/pyo/Workspace/turtlebot_ws/install/my_robot_description/share/my_robot_description/urdf/assets/shaft_coupler__jgb37_520.part
[0.552s] -- Up-to-date: /home/pyo/Workspace/turtlebot_ws/install/my_robot_description/share/my_robot_description/urdf/assets/coupling_bracket__geared_body_to_dc_motor__jgb37_520.stl
[0.552s] -- Up-to-date: /home/pyo/Workspace/turtlebot_ws/install/my_robot_description/share/my_robot_description/urdf/assets/part_1__4.stl
[0.552s] -- Up-to-date: /home/pyo/Workspace/turtlebot_ws/install/my_robot_description/share/my_robot_description/urdf/assets/part_1__7.stl
[0.552s] -- Up-to-date: /home/pyo/Workspace/turtlebot_ws/install/my_robot_description/share/my_robot_description/urdf/assets/part_1__2.stl
[0.552s] -- Up-to-date: /home/pyo/Workspace/turtlebot_ws/install/my_robot_description/share/my_robot_description/urdf/assets/part_1.stl
[0.552s] -- Up-to-date: /home/pyo/Workspace/turtlebot_ws/install/my_robot_description/share/my_robot_description/urdf/assets/part_1__3.stl
[0.552s] -- Up-to-date: /home/pyo/Workspace/turtlebot_ws/install/my_robot_description/share/my_robot_description/urdf/assets/part_1__4.part
[0.552s] -- Up-to-date: /home/pyo/Workspace/turtlebot_ws/install/my_robot_description/share/my_robot_description/urdf/assets/motor_shaft__jgb37_520.part
[0.552s] -- Up-to-date: /home/pyo/Workspace/turtlebot_ws/install/my_robot_description/share/my_robot_description/urdf/assets/part_1__6.part
[0.552s] -- Up-to-date: /home/pyo/Workspace/turtlebot_ws/install/my_robot_description/share/my_robot_description/urdf/assets/part_1__7.part
[0.552s] -- Up-to-date: /home/pyo/Workspace/turtlebot_ws/install/my_robot_description/share/my_robot_description/urdf/assets/part_1__3.part
[0.552s] -- Up-to-date: /home/pyo/Workspace/turtlebot_ws/install/my_robot_description/share/my_robot_description/urdf/assets/part_1__5.part
[0.552s] -- Up-to-date: /home/pyo/Workspace/turtlebot_ws/install/my_robot_description/share/my_robot_description/urdf/assets/dc_motor__jgb37_520.stl
[0.552s] -- Up-to-date: /home/pyo/Workspace/turtlebot_ws/install/my_robot_description/share/my_robot_description/urdf/assets/base_link.stl
[0.553s] -- Up-to-date: /home/pyo/Workspace/turtlebot_ws/install/my_robot_description/share/my_robot_description/urdf/assets/motor_shaft__jgb37_520.stl
[0.553s] -- Up-to-date: /home/pyo/Workspace/turtlebot_ws/install/my_robot_description/share/my_robot_description/urdf/assets/base_link.part
[0.553s] -- Up-to-date: /home/pyo/Workspace/turtlebot_ws/install/my_robot_description/share/my_robot_description/urdf/assets/part_1__6.stl
[0.553s] -- Up-to-date: /home/pyo/Workspace/turtlebot_ws/install/my_robot_description/share/my_robot_description/urdf/assets/geared_body__motor__jgb37_520.part
[0.553s] -- Up-to-date: /home/pyo/Workspace/turtlebot_ws/install/my_robot_description/share/my_robot_description/urdf/assets/coupling_bracket__geared_body_to_dc_motor__jgb37_520.part
[0.553s] -- Up-to-date: /home/pyo/Workspace/turtlebot_ws/install/my_robot_description/share/ament_index/resource_index/package_run_dependencies/my_robot_description
[0.553s] -- Up-to-date: /home/pyo/Workspace/turtlebot_ws/install/my_robot_description/share/ament_index/resource_index/parent_prefix_path/my_robot_description
[0.553s] -- Up-to-date: /home/pyo/Workspace/turtlebot_ws/install/my_robot_description/share/my_robot_description/environment/ament_prefix_path.sh
[0.553s] -- Up-to-date: /home/pyo/Workspace/turtlebot_ws/install/my_robot_description/share/my_robot_description/environment/ament_prefix_path.dsv
[0.553s] -- Up-to-date: /home/pyo/Workspace/turtlebot_ws/install/my_robot_description/share/my_robot_description/environment/path.sh
[0.553s] -- Up-to-date: /home/pyo/Workspace/turtlebot_ws/install/my_robot_description/share/my_robot_description/environment/path.dsv
[0.553s] -- Up-to-date: /home/pyo/Workspace/turtlebot_ws/install/my_robot_description/share/my_robot_description/local_setup.bash
[0.553s] -- Up-to-date: /home/pyo/Workspace/turtlebot_ws/install/my_robot_description/share/my_robot_description/local_setup.sh
[0.553s] -- Up-to-date: /home/pyo/Workspace/turtlebot_ws/install/my_robot_description/share/my_robot_description/local_setup.zsh
[0.553s] -- Up-to-date: /home/pyo/Workspace/turtlebot_ws/install/my_robot_description/share/my_robot_description/local_setup.dsv
[0.553s] -- Installing: /home/pyo/Workspace/turtlebot_ws/install/my_robot_description/share/my_robot_description/package.dsv
[0.553s] -- Up-to-date: /home/pyo/Workspace/turtlebot_ws/install/my_robot_description/share/ament_index/resource_index/packages/my_robot_description
[0.553s] -- Up-to-date: /home/pyo/Workspace/turtlebot_ws/install/my_robot_description/share/my_robot_description/cmake/my_robot_descriptionConfig.cmake
[0.553s] -- Up-to-date: /home/pyo/Workspace/turtlebot_ws/install/my_robot_description/share/my_robot_description/cmake/my_robot_descriptionConfig-version.cmake
[0.554s] -- Up-to-date: /home/pyo/Workspace/turtlebot_ws/install/my_robot_description/share/my_robot_description/package.xml
[0.555s] Invoked command in '/home/pyo/Workspace/turtlebot_ws/build/my_robot_description' returned '0': CMAKE_PREFIX_PATH=/home/pyo/Workspace/turtlebot_ws/install/my_robot_description:/home/pyo/Workspace/turtlebot_ws/install/my_robot_controller:/home/pyo/Workspace/turtlebot_ws/install/encoder_uart_publisher:/home/pyo/Workspace/turtlebot_ws/install/encoder_odometry:/home/pyo/Workspace/turtlebot_ws/install/bridge_uart:/opt/ros/humble:/home/pyo/Workspace/turtlebot_ws/install/keyboard_sim:/home/pyo/opx_robot_ws/install/open_manipulator:/home/pyo/opx_robot_ws/install/open_manipulator_x_teleop:/home/pyo/opx_robot_ws/install/open_manipulator_x_playground:/home/pyo/opx_robot_ws/install/open_manipulator_x_moveit_config:/home/pyo/opx_robot_ws/install/open_manipulator_x_gui:/home/pyo/opx_robot_ws/install/open_manipulator_x_bringup:/home/pyo/opx_robot_ws/install/open_manipulator_x_description:/home/pyo/opx_robot_ws/install/dynamixel_hardware_interface:/home/pyo/opx_robot_ws/install/dynamixel_interfaces /usr/bin/cmake --install /home/pyo/Workspace/turtlebot_ws/build/my_robot_description
