[0.556s] Invoking command in '/home/pyo/Workspace/turtlebot_ws/build/my_robot_description': CMAKE_PREFIX_PATH=${CMAKE_PREFIX_PATH}:/home/pyo/Workspace/turtlebot_ws/install/encoder_uart_publisher:/home/pyo/Workspace/turtlebot_ws/install/encoder_odometry:/opt/ros/humble /usr/bin/cmake --build /home/pyo/Workspace/turtlebot_ws/build/my_robot_description -- -j18 -l18
[0.606s] Invoked command in '/home/pyo/Workspace/turtlebot_ws/build/my_robot_description' returned '0': CMAKE_PREFIX_PATH=${CMAKE_PREFIX_PATH}:/home/pyo/Workspace/turtlebot_ws/install/encoder_uart_publisher:/home/pyo/Workspace/turtlebot_ws/install/encoder_odometry:/opt/ros/humble /usr/bin/cmake --build /home/pyo/Workspace/turtlebot_ws/build/my_robot_description -- -j18 -l18
[0.621s] Invoking command in '/home/pyo/Workspace/turtlebot_ws/build/my_robot_description': CMAKE_PREFIX_PATH=${CMAKE_PREFIX_PATH}:/home/pyo/Workspace/turtlebot_ws/install/encoder_uart_publisher:/home/pyo/Workspace/turtlebot_ws/install/encoder_odometry:/opt/ros/humble /usr/bin/cmake --install /home/pyo/Workspace/turtlebot_ws/build/my_robot_description
[0.631s] -- Install configuration: ""
[0.632s] -- Up-to-date: /home/pyo/Workspace/turtlebot_ws/install/my_robot_description/share/my_robot_description/launch
[0.632s] -- Up-to-date: /home/pyo/Workspace/turtlebot_ws/install/my_robot_description/share/my_robot_description/launch/display.launch.py
[0.632s] -- Up-to-date: /home/pyo/Workspace/turtlebot_ws/install/my_robot_description/share/my_robot_description/urdf
[0.632s] -- Up-to-date: /home/pyo/Workspace/turtlebot_ws/install/my_robot_description/share/my_robot_description/urdf/config.json
[0.632s] -- Up-to-date: /home/pyo/Workspace/turtlebot_ws/install/my_robot_description/share/my_robot_description/urdf/robot.urdf
[0.632s] -- Up-to-date: /home/pyo/Workspace/turtlebot_ws/install/my_robot_description/share/my_robot_description/urdf/assets
[0.632s] -- Up-to-date: /home/pyo/Workspace/turtlebot_ws/install/my_robot_description/share/my_robot_description/urdf/assets/shaft_coupler__jgb37_520.stl
[0.632s] -- Up-to-date: /home/pyo/Workspace/turtlebot_ws/install/my_robot_description/share/my_robot_description/urdf/assets/part_1__2.part
[0.632s] -- Up-to-date: /home/pyo/Workspace/turtlebot_ws/install/my_robot_description/share/my_robot_description/urdf/assets/geared_body__motor__jgb37_520.stl
[0.632s] -- Up-to-date: /home/pyo/Workspace/turtlebot_ws/install/my_robot_description/share/my_robot_description/urdf/assets/part_1.part
[0.632s] -- Up-to-date: /home/pyo/Workspace/turtlebot_ws/install/my_robot_description/share/my_robot_description/urdf/assets/plastic_cover__dc_motor__jgb37_520.stl
[0.632s] -- Up-to-date: /home/pyo/Workspace/turtlebot_ws/install/my_robot_description/share/my_robot_description/urdf/assets/plastic_cover__dc_motor__jgb37_520.part
[0.633s] -- Up-to-date: /home/pyo/Workspace/turtlebot_ws/install/my_robot_description/share/my_robot_description/urdf/assets/part_1__5.stl
[0.633s] -- Up-to-date: /home/pyo/Workspace/turtlebot_ws/install/my_robot_description/share/my_robot_description/urdf/assets/dc_motor__jgb37_520.part
[0.633s] -- Up-to-date: /home/pyo/Workspace/turtlebot_ws/install/my_robot_description/share/my_robot_description/urdf/assets/shaft_coupler__jgb37_520.part
[0.633s] -- Up-to-date: /home/pyo/Workspace/turtlebot_ws/install/my_robot_description/share/my_robot_description/urdf/assets/coupling_bracket__geared_body_to_dc_motor__jgb37_520.stl
[0.633s] -- Up-to-date: /home/pyo/Workspace/turtlebot_ws/install/my_robot_description/share/my_robot_description/urdf/assets/part_1__4.stl
[0.633s] -- Up-to-date: /home/pyo/Workspace/turtlebot_ws/install/my_robot_description/share/my_robot_description/urdf/assets/part_1__7.stl
[0.633s] -- Up-to-date: /home/pyo/Workspace/turtlebot_ws/install/my_robot_description/share/my_robot_description/urdf/assets/part_1__2.stl
[0.633s] -- Up-to-date: /home/pyo/Workspace/turtlebot_ws/install/my_robot_description/share/my_robot_description/urdf/assets/part_1.stl
[0.633s] -- Up-to-date: /home/pyo/Workspace/turtlebot_ws/install/my_robot_description/share/my_robot_description/urdf/assets/part_1__3.stl
[0.633s] -- Up-to-date: /home/pyo/Workspace/turtlebot_ws/install/my_robot_description/share/my_robot_description/urdf/assets/part_1__4.part
[0.633s] -- Up-to-date: /home/pyo/Workspace/turtlebot_ws/install/my_robot_description/share/my_robot_description/urdf/assets/motor_shaft__jgb37_520.part
[0.633s] -- Up-to-date: /home/pyo/Workspace/turtlebot_ws/install/my_robot_description/share/my_robot_description/urdf/assets/part_1__6.part
[0.633s] -- Up-to-date: /home/pyo/Workspace/turtlebot_ws/install/my_robot_description/share/my_robot_description/urdf/assets/part_1__7.part
[0.633s] -- Up-to-date: /home/pyo/Workspace/turtlebot_ws/install/my_robot_description/share/my_robot_description/urdf/assets/part_1__3.part
[0.633s] -- Up-to-date: /home/pyo/Workspace/turtlebot_ws/install/my_robot_description/share/my_robot_description/urdf/assets/part_1__5.part
[0.633s] -- Up-to-date: /home/pyo/Workspace/turtlebot_ws/install/my_robot_description/share/my_robot_description/urdf/assets/dc_motor__jgb37_520.stl
[0.633s] -- Up-to-date: /home/pyo/Workspace/turtlebot_ws/install/my_robot_description/share/my_robot_description/urdf/assets/base_link.stl
[0.633s] -- Up-to-date: /home/pyo/Workspace/turtlebot_ws/install/my_robot_description/share/my_robot_description/urdf/assets/motor_shaft__jgb37_520.stl
[0.634s] -- Up-to-date: /home/pyo/Workspace/turtlebot_ws/install/my_robot_description/share/my_robot_description/urdf/assets/base_link.part
[0.634s] -- Up-to-date: /home/pyo/Workspace/turtlebot_ws/install/my_robot_description/share/my_robot_description/urdf/assets/part_1__6.stl
[0.634s] -- Up-to-date: /home/pyo/Workspace/turtlebot_ws/install/my_robot_description/share/my_robot_description/urdf/assets/geared_body__motor__jgb37_520.part
[0.634s] -- Up-to-date: /home/pyo/Workspace/turtlebot_ws/install/my_robot_description/share/my_robot_description/urdf/assets/coupling_bracket__geared_body_to_dc_motor__jgb37_520.part
[0.634s] -- Up-to-date: /home/pyo/Workspace/turtlebot_ws/install/my_robot_description/share/ament_index/resource_index/package_run_dependencies/my_robot_description
[0.634s] -- Up-to-date: /home/pyo/Workspace/turtlebot_ws/install/my_robot_description/share/ament_index/resource_index/parent_prefix_path/my_robot_description
[0.634s] -- Up-to-date: /home/pyo/Workspace/turtlebot_ws/install/my_robot_description/share/my_robot_description/environment/ament_prefix_path.sh
[0.634s] -- Up-to-date: /home/pyo/Workspace/turtlebot_ws/install/my_robot_description/share/my_robot_description/environment/ament_prefix_path.dsv
[0.634s] -- Up-to-date: /home/pyo/Workspace/turtlebot_ws/install/my_robot_description/share/my_robot_description/environment/path.sh
[0.634s] -- Up-to-date: /home/pyo/Workspace/turtlebot_ws/install/my_robot_description/share/my_robot_description/environment/path.dsv
[0.634s] -- Up-to-date: /home/pyo/Workspace/turtlebot_ws/install/my_robot_description/share/my_robot_description/local_setup.bash
[0.634s] -- Up-to-date: /home/pyo/Workspace/turtlebot_ws/install/my_robot_description/share/my_robot_description/local_setup.sh
[0.634s] -- Up-to-date: /home/pyo/Workspace/turtlebot_ws/install/my_robot_description/share/my_robot_description/local_setup.zsh
[0.634s] -- Up-to-date: /home/pyo/Workspace/turtlebot_ws/install/my_robot_description/share/my_robot_description/local_setup.dsv
[0.634s] -- Installing: /home/pyo/Workspace/turtlebot_ws/install/my_robot_description/share/my_robot_description/package.dsv
[0.634s] -- Up-to-date: /home/pyo/Workspace/turtlebot_ws/install/my_robot_description/share/ament_index/resource_index/packages/my_robot_description
[0.634s] -- Up-to-date: /home/pyo/Workspace/turtlebot_ws/install/my_robot_description/share/my_robot_description/cmake/my_robot_descriptionConfig.cmake
[0.634s] -- Up-to-date: /home/pyo/Workspace/turtlebot_ws/install/my_robot_description/share/my_robot_description/cmake/my_robot_descriptionConfig-version.cmake
[0.634s] -- Up-to-date: /home/pyo/Workspace/turtlebot_ws/install/my_robot_description/share/my_robot_description/package.xml
[0.636s] Invoked command in '/home/pyo/Workspace/turtlebot_ws/build/my_robot_description' returned '0': CMAKE_PREFIX_PATH=${CMAKE_PREFIX_PATH}:/home/pyo/Workspace/turtlebot_ws/install/encoder_uart_publisher:/home/pyo/Workspace/turtlebot_ws/install/encoder_odometry:/opt/ros/humble /usr/bin/cmake --install /home/pyo/Workspace/turtlebot_ws/build/my_robot_description
