-- The C compiler identification is GNU 11.4.0
-- The CXX compiler identification is GNU 11.4.0
-- Detecting C compiler ABI info
-- Detecting C compiler ABI info - done
-- Check for working C compiler: /usr/bin/cc - skipped
-- Detecting C compile features
-- Detecting C compile features - done
-- Detecting CXX compiler ABI info
-- Detecting CXX compiler ABI info - done
-- Check for working CXX compiler: /usr/bin/c++ - skipped
-- Detecting CXX compile features
-- Detecting CXX compile features - done
-- Found ament_cmake: 1.3.11 (/opt/ros/humble/share/ament_cmake/cmake)
-- Found Python3: /usr/bin/python3 (found version "3.10.12") found components: Interpreter 
-- Configuring done
-- Generating done
-- Build files have been written to: /home/pyo/Workspace/turtlebot_ws/build/keyboard_sim
-- Install configuration: ""
-- Installing: /home/pyo/Workspace/turtlebot_ws/install/keyboard_sim/share/keyboard_sim/launch
-- Installing: /home/pyo/Workspace/turtlebot_ws/install/keyboard_sim/share/keyboard_sim/launch/sim_launch.py
-- Installing: /home/pyo/Workspace/turtlebot_ws/install/keyboard_sim/share/keyboard_sim/urdf
-- Installing: /home/pyo/Workspace/turtlebot_ws/install/keyboard_sim/share/keyboard_sim/urdf/robot.urdf
-- Installing: /home/pyo/Workspace/turtlebot_ws/install/keyboard_sim/share/keyboard_sim/rviz
-- Installing: /home/pyo/Workspace/turtlebot_ws/install/keyboard_sim/share/keyboard_sim/rviz/robot_sim.rviz
-- Installing: /home/pyo/Workspace/turtlebot_ws/install/keyboard_sim/share/keyboard_sim/keyboard_sim
-- Installing: /home/pyo/Workspace/turtlebot_ws/install/keyboard_sim/share/keyboard_sim/keyboard_sim/fake_diff_drive_node.py
-- Installing: /home/pyo/Workspace/turtlebot_ws/install/keyboard_sim/share/ament_index/resource_index/package_run_dependencies/keyboard_sim
-- Installing: /home/pyo/Workspace/turtlebot_ws/install/keyboard_sim/share/ament_index/resource_index/parent_prefix_path/keyboard_sim
-- Installing: /home/pyo/Workspace/turtlebot_ws/install/keyboard_sim/share/keyboard_sim/environment/ament_prefix_path.sh
-- Installing: /home/pyo/Workspace/turtlebot_ws/install/keyboard_sim/share/keyboard_sim/environment/ament_prefix_path.dsv
-- Installing: /home/pyo/Workspace/turtlebot_ws/install/keyboard_sim/share/keyboard_sim/environment/path.sh
-- Installing: /home/pyo/Workspace/turtlebot_ws/install/keyboard_sim/share/keyboard_sim/environment/path.dsv
-- Installing: /home/pyo/Workspace/turtlebot_ws/install/keyboard_sim/share/keyboard_sim/local_setup.bash
-- Installing: /home/pyo/Workspace/turtlebot_ws/install/keyboard_sim/share/keyboard_sim/local_setup.sh
-- Installing: /home/pyo/Workspace/turtlebot_ws/install/keyboard_sim/share/keyboard_sim/local_setup.zsh
-- Installing: /home/pyo/Workspace/turtlebot_ws/install/keyboard_sim/share/keyboard_sim/local_setup.dsv
-- Installing: /home/pyo/Workspace/turtlebot_ws/install/keyboard_sim/share/keyboard_sim/package.dsv
-- Installing: /home/pyo/Workspace/turtlebot_ws/install/keyboard_sim/share/ament_index/resource_index/packages/keyboard_sim
-- Installing: /home/pyo/Workspace/turtlebot_ws/install/keyboard_sim/share/keyboard_sim/cmake/keyboard_simConfig.cmake
-- Installing: /home/pyo/Workspace/turtlebot_ws/install/keyboard_sim/share/keyboard_sim/cmake/keyboard_simConfig-version.cmake
-- Installing: /home/pyo/Workspace/turtlebot_ws/install/keyboard_sim/share/keyboard_sim/package.xml
