[0.014s] Invoking command in '/home/pyo/Workspace/turtlebot_ws/build/keyboard_sim': /usr/bin/cmake /home/pyo/Workspace/turtlebot_ws/src/keyboard_sim -DCATKIN_INSTALL_INTO_PREFIX_ROOT=0 -DCMAKE_INSTALL_PREFIX=/home/pyo/Workspace/turtlebot_ws/install/keyboard_sim
[0.100s] -- The C compiler identification is GNU 11.4.0
[0.188s] -- The CXX compiler identification is GNU 11.4.0
[0.199s] -- Detecting C compiler ABI info
[0.295s] -- Detecting C compiler ABI info - done
[0.304s] -- Check for working C compiler: /usr/bin/cc - skipped
[0.304s] -- Detecting C compile features
[0.305s] -- Detecting C compile features - done
[0.309s] -- Detecting CXX compiler ABI info
[0.419s] -- Detecting CXX compiler ABI info - done
[0.429s] -- Check for working CXX compiler: /usr/bin/c++ - skipped
[0.430s] -- Detecting CXX compile features
[0.430s] -- Detecting CXX compile features - done
[0.435s] -- Found ament_cmake: 1.3.11 (/opt/ros/humble/share/ament_cmake/cmake)
[0.635s] -- Found Python3: /usr/bin/python3 (found version "3.10.12") found components: Interpreter 
[0.846s] -- Configuring done
[0.849s] -- Generating done
[0.850s] [33mCMake Warning:
[0.850s]   Manually-specified variables were not used by the project:
[0.850s] 
[0.850s]     CATKIN_INSTALL_INTO_PREFIX_ROOT
[0.850s] 
[0.850s] [0m
[0.852s] -- Build files have been written to: /home/pyo/Workspace/turtlebot_ws/build/keyboard_sim
[0.858s] Invoked command in '/home/pyo/Workspace/turtlebot_ws/build/keyboard_sim' returned '0': /usr/bin/cmake /home/pyo/Workspace/turtlebot_ws/src/keyboard_sim -DCATKIN_INSTALL_INTO_PREFIX_ROOT=0 -DCMAKE_INSTALL_PREFIX=/home/pyo/Workspace/turtlebot_ws/install/keyboard_sim
[0.861s] Invoking command in '/home/pyo/Workspace/turtlebot_ws/build/keyboard_sim': /usr/bin/cmake --build /home/pyo/Workspace/turtlebot_ws/build/keyboard_sim -- -j18 -l18
[0.913s] Invoked command in '/home/pyo/Workspace/turtlebot_ws/build/keyboard_sim' returned '0': /usr/bin/cmake --build /home/pyo/Workspace/turtlebot_ws/build/keyboard_sim -- -j18 -l18
[0.927s] Invoking command in '/home/pyo/Workspace/turtlebot_ws/build/keyboard_sim': /usr/bin/cmake --install /home/pyo/Workspace/turtlebot_ws/build/keyboard_sim
[0.938s] -- Install configuration: ""
[0.938s] -- Installing: /home/pyo/Workspace/turtlebot_ws/install/keyboard_sim/share/keyboard_sim/launch
[0.939s] -- Installing: /home/pyo/Workspace/turtlebot_ws/install/keyboard_sim/share/keyboard_sim/launch/sim_launch.py
[0.939s] -- Installing: /home/pyo/Workspace/turtlebot_ws/install/keyboard_sim/share/keyboard_sim/urdf
[0.939s] -- Installing: /home/pyo/Workspace/turtlebot_ws/install/keyboard_sim/share/keyboard_sim/urdf/robot.urdf
[0.939s] -- Installing: /home/pyo/Workspace/turtlebot_ws/install/keyboard_sim/share/keyboard_sim/rviz
[0.939s] -- Installing: /home/pyo/Workspace/turtlebot_ws/install/keyboard_sim/share/keyboard_sim/rviz/robot_sim.rviz
[0.939s] -- Installing: /home/pyo/Workspace/turtlebot_ws/install/keyboard_sim/share/keyboard_sim/keyboard_sim
[0.939s] -- Installing: /home/pyo/Workspace/turtlebot_ws/install/keyboard_sim/share/keyboard_sim/keyboard_sim/fake_diff_drive_node.py
[0.939s] -- Installing: /home/pyo/Workspace/turtlebot_ws/install/keyboard_sim/share/ament_index/resource_index/package_run_dependencies/keyboard_sim
[0.939s] -- Installing: /home/pyo/Workspace/turtlebot_ws/install/keyboard_sim/share/ament_index/resource_index/parent_prefix_path/keyboard_sim
[0.940s] -- Installing: /home/pyo/Workspace/turtlebot_ws/install/keyboard_sim/share/keyboard_sim/environment/ament_prefix_path.sh
[0.940s] -- Installing: /home/pyo/Workspace/turtlebot_ws/install/keyboard_sim/share/keyboard_sim/environment/ament_prefix_path.dsv
[0.940s] -- Installing: /home/pyo/Workspace/turtlebot_ws/install/keyboard_sim/share/keyboard_sim/environment/path.sh
[0.940s] -- Installing: /home/pyo/Workspace/turtlebot_ws/install/keyboard_sim/share/keyboard_sim/environment/path.dsv
[0.940s] -- Installing: /home/pyo/Workspace/turtlebot_ws/install/keyboard_sim/share/keyboard_sim/local_setup.bash
[0.940s] -- Installing: /home/pyo/Workspace/turtlebot_ws/install/keyboard_sim/share/keyboard_sim/local_setup.sh
[0.940s] -- Installing: /home/pyo/Workspace/turtlebot_ws/install/keyboard_sim/share/keyboard_sim/local_setup.zsh
[0.940s] -- Installing: /home/pyo/Workspace/turtlebot_ws/install/keyboard_sim/share/keyboard_sim/local_setup.dsv
[0.941s] -- Installing: /home/pyo/Workspace/turtlebot_ws/install/keyboard_sim/share/keyboard_sim/package.dsv
[0.941s] -- Installing: /home/pyo/Workspace/turtlebot_ws/install/keyboard_sim/share/ament_index/resource_index/packages/keyboard_sim
[0.941s] -- Installing: /home/pyo/Workspace/turtlebot_ws/install/keyboard_sim/share/keyboard_sim/cmake/keyboard_simConfig.cmake
[0.941s] -- Installing: /home/pyo/Workspace/turtlebot_ws/install/keyboard_sim/share/keyboard_sim/cmake/keyboard_simConfig-version.cmake
[0.941s] -- Installing: /home/pyo/Workspace/turtlebot_ws/install/keyboard_sim/share/keyboard_sim/package.xml
[0.943s] Invoked command in '/home/pyo/Workspace/turtlebot_ws/build/keyboard_sim' returned '0': /usr/bin/cmake --install /home/pyo/Workspace/turtlebot_ws/build/keyboard_sim
