[0.069s] DEBUG:colcon:Command line arguments: ['/usr/bin/colcon', 'build']
[0.069s] DEBUG:colcon:Parsed command line arguments: Namespace(log_base=None, log_level=None, verb_name='build', build_base='build', install_base='install', merge_install=False, symlink_install=False, test_result_base=None, continue_on_error=False, executor='parallel', parallel_workers=18, event_handlers=None, ignore_user_meta=False, metas=['./colcon.meta'], base_paths=['.'], packages_ignore=None, packages_ignore_regex=None, paths=None, packages_up_to=None, packages_up_to_regex=None, packages_above=None, packages_above_and_dependencies=None, packages_above_depth=None, packages_select_by_dep=None, packages_skip_by_dep=None, packages_skip_up_to=None, packages_select_build_failed=False, packages_skip_build_finished=False, packages_select_test_failures=False, packages_skip_test_passed=False, packages_select=None, packages_skip=None, packages_select_regex=None, packages_skip_regex=None, packages_start=None, packages_end=None, allow_overriding=[], cmake_args=None, cmake_target=None, cmake_target_skip_unavailable=False, cmake_clean_cache=False, cmake_clean_first=False, cmake_force_configure=False, ament_cmake_args=None, catkin_cmake_args=None, catkin_skip_building_tests=False, mixin_files=None, mixin=None, verb_parser=<colcon_mixin.mixin.mixin_argument.MixinArgumentDecorator object at 0x7f78f964e6e0>, verb_extension=<colcon_core.verb.build.BuildVerb object at 0x7f78f97636a0>, main=<bound method BuildVerb.main of <colcon_core.verb.build.BuildVerb object at 0x7f78f97636a0>>, mixin_verb=('build',))
[0.177s] Level 1:colcon.colcon_core.package_discovery:discover_packages(colcon_meta) check parameters
[0.178s] Level 1:colcon.colcon_core.package_discovery:discover_packages(recursive) check parameters
[0.178s] Level 1:colcon.colcon_core.package_discovery:discover_packages(ignore) check parameters
[0.178s] Level 1:colcon.colcon_core.package_discovery:discover_packages(path) check parameters
[0.178s] Level 1:colcon.colcon_core.package_discovery:discover_packages(colcon_meta) discover
[0.178s] Level 1:colcon.colcon_core.package_discovery:discover_packages(recursive) discover
[0.178s] INFO:colcon.colcon_core.package_discovery:Crawling recursively for packages in '/home/pyo/Workspace/turtlebot_ws'
[0.178s] Level 1:colcon.colcon_core.package_identification:_identify(.) by extensions ['ignore', 'ignore_ament_install']
[0.178s] Level 1:colcon.colcon_core.package_identification:_identify(.) by extension 'ignore'
[0.178s] Level 1:colcon.colcon_core.package_identification:_identify(.) by extension 'ignore_ament_install'
[0.178s] Level 1:colcon.colcon_core.package_identification:_identify(.) by extensions ['colcon_pkg']
[0.178s] Level 1:colcon.colcon_core.package_identification:_identify(.) by extension 'colcon_pkg'
[0.178s] Level 1:colcon.colcon_core.package_identification:_identify(.) by extensions ['colcon_meta']
[0.178s] Level 1:colcon.colcon_core.package_identification:_identify(.) by extension 'colcon_meta'
[0.178s] Level 1:colcon.colcon_core.package_identification:_identify(.) by extensions ['ros']
[0.178s] Level 1:colcon.colcon_core.package_identification:_identify(.) by extension 'ros'
[0.186s] Level 1:colcon.colcon_core.package_identification:_identify(.) by extensions ['cmake', 'python']
[0.186s] Level 1:colcon.colcon_core.package_identification:_identify(.) by extension 'cmake'
[0.186s] Level 1:colcon.colcon_core.package_identification:_identify(.) by extension 'python'
[0.186s] Level 1:colcon.colcon_core.package_identification:_identify(.) by extensions ['python_setup_py']
[0.186s] Level 1:colcon.colcon_core.package_identification:_identify(.) by extension 'python_setup_py'
[0.186s] Level 1:colcon.colcon_core.package_identification:_identify(build) by extensions ['ignore', 'ignore_ament_install']
[0.186s] Level 1:colcon.colcon_core.package_identification:_identify(build) by extension 'ignore'
[0.186s] Level 1:colcon.colcon_core.package_identification:_identify(build) ignored
[0.186s] Level 1:colcon.colcon_core.package_identification:_identify(install) by extensions ['ignore', 'ignore_ament_install']
[0.186s] Level 1:colcon.colcon_core.package_identification:_identify(install) by extension 'ignore'
[0.186s] Level 1:colcon.colcon_core.package_identification:_identify(install) ignored
[0.186s] Level 1:colcon.colcon_core.package_identification:_identify(log) by extensions ['ignore', 'ignore_ament_install']
[0.186s] Level 1:colcon.colcon_core.package_identification:_identify(log) by extension 'ignore'
[0.186s] Level 1:colcon.colcon_core.package_identification:_identify(log) ignored
[0.186s] Level 1:colcon.colcon_core.package_identification:_identify(src) by extensions ['ignore', 'ignore_ament_install']
[0.186s] Level 1:colcon.colcon_core.package_identification:_identify(src) by extension 'ignore'
[0.186s] Level 1:colcon.colcon_core.package_identification:_identify(src) by extension 'ignore_ament_install'
[0.186s] Level 1:colcon.colcon_core.package_identification:_identify(src) by extensions ['colcon_pkg']
[0.186s] Level 1:colcon.colcon_core.package_identification:_identify(src) by extension 'colcon_pkg'
[0.186s] Level 1:colcon.colcon_core.package_identification:_identify(src) by extensions ['colcon_meta']
[0.186s] Level 1:colcon.colcon_core.package_identification:_identify(src) by extension 'colcon_meta'
[0.186s] Level 1:colcon.colcon_core.package_identification:_identify(src) by extensions ['ros']
[0.186s] Level 1:colcon.colcon_core.package_identification:_identify(src) by extension 'ros'
[0.186s] Level 1:colcon.colcon_core.package_identification:_identify(src) by extensions ['cmake', 'python']
[0.186s] Level 1:colcon.colcon_core.package_identification:_identify(src) by extension 'cmake'
[0.187s] Level 1:colcon.colcon_core.package_identification:_identify(src) by extension 'python'
[0.187s] Level 1:colcon.colcon_core.package_identification:_identify(src) by extensions ['python_setup_py']
[0.187s] Level 1:colcon.colcon_core.package_identification:_identify(src) by extension 'python_setup_py'
[0.187s] Level 1:colcon.colcon_core.package_identification:_identify(src/encoder_uart_publisher) by extensions ['ignore', 'ignore_ament_install']
[0.187s] Level 1:colcon.colcon_core.package_identification:_identify(src/encoder_uart_publisher) by extension 'ignore'
[0.187s] Level 1:colcon.colcon_core.package_identification:_identify(src/encoder_uart_publisher) by extension 'ignore_ament_install'
[0.187s] Level 1:colcon.colcon_core.package_identification:_identify(src/encoder_uart_publisher) by extensions ['colcon_pkg']
[0.187s] Level 1:colcon.colcon_core.package_identification:_identify(src/encoder_uart_publisher) by extension 'colcon_pkg'
[0.187s] Level 1:colcon.colcon_core.package_identification:_identify(src/encoder_uart_publisher) by extensions ['colcon_meta']
[0.187s] Level 1:colcon.colcon_core.package_identification:_identify(src/encoder_uart_publisher) by extension 'colcon_meta'
[0.187s] Level 1:colcon.colcon_core.package_identification:_identify(src/encoder_uart_publisher) by extensions ['ros']
[0.187s] Level 1:colcon.colcon_core.package_identification:_identify(src/encoder_uart_publisher) by extension 'ros'
[0.188s] DEBUG:colcon.colcon_core.package_identification:Package 'src/encoder_uart_publisher' with type 'ros.ament_python' and name 'encoder_uart_publisher'
[0.188s] Level 1:colcon.colcon_core.package_discovery:discover_packages(recursive) using defaults
[0.188s] Level 1:colcon.colcon_core.package_discovery:discover_packages(ignore) discover
[0.188s] Level 1:colcon.colcon_core.package_discovery:discover_packages(ignore) using defaults
[0.188s] Level 1:colcon.colcon_core.package_discovery:discover_packages(path) discover
[0.188s] Level 1:colcon.colcon_core.package_discovery:discover_packages(path) using defaults
[0.210s] Level 1:colcon.colcon_core.package_discovery:discover_packages(prefix_path) check parameters
[0.210s] Level 1:colcon.colcon_core.package_discovery:discover_packages(prefix_path) discover
[0.211s] DEBUG:colcon.colcon_installed_package_information.package_discovery:Found 9 installed packages in /home/pyo/opx_robot_ws/install
[0.212s] DEBUG:colcon.colcon_installed_package_information.package_discovery:Found 364 installed packages in /opt/ros/humble
[0.214s] Level 1:colcon.colcon_core.package_discovery:discover_packages(prefix_path) using defaults
[0.248s] Level 5:colcon.colcon_core.verb:set package 'encoder_uart_publisher' build argument 'cmake_args' from command line to 'None'
[0.248s] Level 5:colcon.colcon_core.verb:set package 'encoder_uart_publisher' build argument 'cmake_target' from command line to 'None'
[0.248s] Level 5:colcon.colcon_core.verb:set package 'encoder_uart_publisher' build argument 'cmake_target_skip_unavailable' from command line to 'False'
[0.248s] Level 5:colcon.colcon_core.verb:set package 'encoder_uart_publisher' build argument 'cmake_clean_cache' from command line to 'False'
[0.248s] Level 5:colcon.colcon_core.verb:set package 'encoder_uart_publisher' build argument 'cmake_clean_first' from command line to 'False'
[0.248s] Level 5:colcon.colcon_core.verb:set package 'encoder_uart_publisher' build argument 'cmake_force_configure' from command line to 'False'
[0.248s] Level 5:colcon.colcon_core.verb:set package 'encoder_uart_publisher' build argument 'ament_cmake_args' from command line to 'None'
[0.248s] Level 5:colcon.colcon_core.verb:set package 'encoder_uart_publisher' build argument 'catkin_cmake_args' from command line to 'None'
[0.248s] Level 5:colcon.colcon_core.verb:set package 'encoder_uart_publisher' build argument 'catkin_skip_building_tests' from command line to 'False'
[0.248s] DEBUG:colcon.colcon_core.verb:Building package 'encoder_uart_publisher' with the following arguments: {'ament_cmake_args': None, 'build_base': '/home/pyo/Workspace/turtlebot_ws/build/encoder_uart_publisher', 'catkin_cmake_args': None, 'catkin_skip_building_tests': False, 'cmake_args': None, 'cmake_clean_cache': False, 'cmake_clean_first': False, 'cmake_force_configure': False, 'cmake_target': None, 'cmake_target_skip_unavailable': False, 'install_base': '/home/pyo/Workspace/turtlebot_ws/install/encoder_uart_publisher', 'merge_install': False, 'path': '/home/pyo/Workspace/turtlebot_ws/src/encoder_uart_publisher', 'symlink_install': False, 'test_result_base': None}
[0.248s] INFO:colcon.colcon_core.executor:Executing jobs using 'parallel' executor
[0.249s] DEBUG:colcon.colcon_parallel_executor.executor.parallel:run_until_complete
[0.249s] INFO:colcon.colcon_ros.task.ament_python.build:Building ROS package in '/home/pyo/Workspace/turtlebot_ws/src/encoder_uart_publisher' with build type 'ament_python'
[0.249s] Level 1:colcon.colcon_core.shell:create_environment_hook('encoder_uart_publisher', 'ament_prefix_path')
[0.251s] INFO:colcon.colcon_core.plugin_system:Skipping extension 'colcon_core.shell.bat': Not used on non-Windows systems
[0.251s] INFO:colcon.colcon_core.shell:Creating environment hook '/home/pyo/Workspace/turtlebot_ws/install/encoder_uart_publisher/share/encoder_uart_publisher/hook/ament_prefix_path.ps1'
[0.252s] INFO:colcon.colcon_core.shell:Creating environment descriptor '/home/pyo/Workspace/turtlebot_ws/install/encoder_uart_publisher/share/encoder_uart_publisher/hook/ament_prefix_path.dsv'
[0.252s] INFO:colcon.colcon_core.shell:Creating environment hook '/home/pyo/Workspace/turtlebot_ws/install/encoder_uart_publisher/share/encoder_uart_publisher/hook/ament_prefix_path.sh'
[0.253s] INFO:colcon.colcon_core.shell:Skip shell extension 'powershell' for command environment: Not usable outside of PowerShell
[0.253s] DEBUG:colcon.colcon_core.shell:Skip shell extension 'dsv' for command environment
[0.457s] INFO:colcon.colcon_core.task.python.build:Building Python package in '/home/pyo/Workspace/turtlebot_ws/src/encoder_uart_publisher'
[0.458s] INFO:colcon.colcon_core.shell:Skip shell extension 'powershell' for command environment: Not usable outside of PowerShell
[0.458s] DEBUG:colcon.colcon_core.shell:Skip shell extension 'dsv' for command environment
[0.768s] DEBUG:colcon.colcon_core.event_handler.log_command:Invoking command in '/home/pyo/Workspace/turtlebot_ws/src/encoder_uart_publisher': PYTHONPATH=/home/pyo/Workspace/turtlebot_ws/build/encoder_uart_publisher/prefix_override:/usr/lib/python3/dist-packages/colcon_core/task/python/colcon_distutils_commands:/home/pyo/Workspace/turtlebot_ws/install/encoder_uart_publisher/lib/python3.10/site-packages:${PYTHONPATH} /usr/bin/python3 -W ignore:setup.py install is deprecated -W ignore:easy_install command is deprecated setup.py egg_info --egg-base ../../build/encoder_uart_publisher build --build-base /home/pyo/Workspace/turtlebot_ws/build/encoder_uart_publisher/build install --record /home/pyo/Workspace/turtlebot_ws/build/encoder_uart_publisher/install.log --single-version-externally-managed install_data
[0.997s] DEBUG:colcon.colcon_core.event_handler.log_command:Invoked command in '/home/pyo/Workspace/turtlebot_ws/src/encoder_uart_publisher' returned '0': PYTHONPATH=/home/pyo/Workspace/turtlebot_ws/build/encoder_uart_publisher/prefix_override:/usr/lib/python3/dist-packages/colcon_core/task/python/colcon_distutils_commands:/home/pyo/Workspace/turtlebot_ws/install/encoder_uart_publisher/lib/python3.10/site-packages:${PYTHONPATH} /usr/bin/python3 -W ignore:setup.py install is deprecated -W ignore:easy_install command is deprecated setup.py egg_info --egg-base ../../build/encoder_uart_publisher build --build-base /home/pyo/Workspace/turtlebot_ws/build/encoder_uart_publisher/build install --record /home/pyo/Workspace/turtlebot_ws/build/encoder_uart_publisher/install.log --single-version-externally-managed install_data
[1.001s] Level 1:colcon.colcon_core.environment:checking '/home/pyo/Workspace/turtlebot_ws/install/encoder_uart_publisher' for CMake module files
[1.001s] Level 1:colcon.colcon_core.environment:checking '/home/pyo/Workspace/turtlebot_ws/install/encoder_uart_publisher' for CMake config files
[1.002s] Level 1:colcon.colcon_core.environment:checking '/home/pyo/Workspace/turtlebot_ws/install/encoder_uart_publisher/lib'
[1.002s] Level 1:colcon.colcon_core.environment:checking '/home/pyo/Workspace/turtlebot_ws/install/encoder_uart_publisher/bin'
[1.002s] Level 1:colcon.colcon_core.environment:checking '/home/pyo/Workspace/turtlebot_ws/install/encoder_uart_publisher/lib/pkgconfig/encoder_uart_publisher.pc'
[1.002s] Level 1:colcon.colcon_core.environment:checking '/home/pyo/Workspace/turtlebot_ws/install/encoder_uart_publisher/lib/python3.10/site-packages'
[1.002s] Level 1:colcon.colcon_core.shell:create_environment_hook('encoder_uart_publisher', 'pythonpath')
[1.002s] INFO:colcon.colcon_core.shell:Creating environment hook '/home/pyo/Workspace/turtlebot_ws/install/encoder_uart_publisher/share/encoder_uart_publisher/hook/pythonpath.ps1'
[1.003s] INFO:colcon.colcon_core.shell:Creating environment descriptor '/home/pyo/Workspace/turtlebot_ws/install/encoder_uart_publisher/share/encoder_uart_publisher/hook/pythonpath.dsv'
[1.003s] INFO:colcon.colcon_core.shell:Creating environment hook '/home/pyo/Workspace/turtlebot_ws/install/encoder_uart_publisher/share/encoder_uart_publisher/hook/pythonpath.sh'
[1.004s] Level 1:colcon.colcon_core.environment:checking '/home/pyo/Workspace/turtlebot_ws/install/encoder_uart_publisher/bin'
[1.004s] Level 1:colcon.colcon_core.environment:create_environment_scripts_only(encoder_uart_publisher)
[1.004s] INFO:colcon.colcon_core.shell:Creating package script '/home/pyo/Workspace/turtlebot_ws/install/encoder_uart_publisher/share/encoder_uart_publisher/package.ps1'
[1.005s] INFO:colcon.colcon_core.shell:Creating package descriptor '/home/pyo/Workspace/turtlebot_ws/install/encoder_uart_publisher/share/encoder_uart_publisher/package.dsv'
[1.005s] INFO:colcon.colcon_core.shell:Creating package script '/home/pyo/Workspace/turtlebot_ws/install/encoder_uart_publisher/share/encoder_uart_publisher/package.sh'
[1.006s] INFO:colcon.colcon_core.shell:Creating package script '/home/pyo/Workspace/turtlebot_ws/install/encoder_uart_publisher/share/encoder_uart_publisher/package.bash'
[1.007s] INFO:colcon.colcon_core.shell:Creating package script '/home/pyo/Workspace/turtlebot_ws/install/encoder_uart_publisher/share/encoder_uart_publisher/package.zsh'
[1.007s] Level 1:colcon.colcon_core.environment:create_file_with_runtime_dependencies(/home/pyo/Workspace/turtlebot_ws/install/encoder_uart_publisher/share/colcon-core/packages/encoder_uart_publisher)
[1.008s] DEBUG:colcon.colcon_parallel_executor.executor.parallel:closing loop
[1.008s] DEBUG:colcon.colcon_parallel_executor.executor.parallel:loop closed
[1.008s] DEBUG:colcon.colcon_parallel_executor.executor.parallel:run_until_complete finished with '0'
[1.008s] DEBUG:colcon.colcon_core.event_reactor:joining thread
[1.013s] INFO:colcon.colcon_core.plugin_system:Skipping extension 'colcon_notification.desktop_notification.terminal_notifier': Not used on non-Darwin systems
[1.013s] INFO:colcon.colcon_core.plugin_system:Skipping extension 'colcon_notification.desktop_notification.win32': Not used on non-Windows systems
[1.013s] INFO:colcon.colcon_notification.desktop_notification:Sending desktop notification using 'notify2'
[1.029s] DEBUG:colcon.colcon_core.event_reactor:joined thread
[1.030s] INFO:colcon.colcon_core.shell:Creating prefix script '/home/pyo/Workspace/turtlebot_ws/install/local_setup.ps1'
[1.031s] INFO:colcon.colcon_core.shell:Creating prefix util module '/home/pyo/Workspace/turtlebot_ws/install/_local_setup_util_ps1.py'
[1.032s] INFO:colcon.colcon_core.shell:Creating prefix chain script '/home/pyo/Workspace/turtlebot_ws/install/setup.ps1'
[1.033s] INFO:colcon.colcon_core.shell:Creating prefix script '/home/pyo/Workspace/turtlebot_ws/install/local_setup.sh'
[1.034s] INFO:colcon.colcon_core.shell:Creating prefix util module '/home/pyo/Workspace/turtlebot_ws/install/_local_setup_util_sh.py'
[1.034s] INFO:colcon.colcon_core.shell:Creating prefix chain script '/home/pyo/Workspace/turtlebot_ws/install/setup.sh'
[1.036s] INFO:colcon.colcon_core.shell:Creating prefix script '/home/pyo/Workspace/turtlebot_ws/install/local_setup.bash'
[1.036s] INFO:colcon.colcon_core.shell:Creating prefix chain script '/home/pyo/Workspace/turtlebot_ws/install/setup.bash'
[1.038s] INFO:colcon.colcon_core.shell:Creating prefix script '/home/pyo/Workspace/turtlebot_ws/install/local_setup.zsh'
[1.038s] INFO:colcon.colcon_core.shell:Creating prefix chain script '/home/pyo/Workspace/turtlebot_ws/install/setup.zsh'
