-- Install configuration: ""
-- Up-to-date: /home/pyo/Workspace/turtlebot_ws/install/my_robot_description/share/my_robot_description/launch
-- Up-to-date: /home/pyo/Workspace/turtlebot_ws/install/my_robot_description/share/my_robot_description/launch/display.launch.py
-- Up-to-date: /home/pyo/Workspace/turtlebot_ws/install/my_robot_description/share/my_robot_description/urdf
-- Up-to-date: /home/pyo/Workspace/turtlebot_ws/install/my_robot_description/share/my_robot_description/urdf/config.json
-- Installing: /home/pyo/Workspace/turtlebot_ws/install/my_robot_description/share/my_robot_description/urdf/robot.urdf
-- Up-to-date: /home/pyo/Workspace/turtlebot_ws/install/my_robot_description/share/my_robot_description/urdf/assets
-- Up-to-date: /home/pyo/Workspace/turtlebot_ws/install/my_robot_description/share/my_robot_description/urdf/assets/shaft_coupler__jgb37_520.stl
-- Up-to-date: /home/pyo/Workspace/turtlebot_ws/install/my_robot_description/share/my_robot_description/urdf/assets/part_1__2.part
-- Up-to-date: /home/pyo/Workspace/turtlebot_ws/install/my_robot_description/share/my_robot_description/urdf/assets/geared_body__motor__jgb37_520.stl
-- Up-to-date: /home/pyo/Workspace/turtlebot_ws/install/my_robot_description/share/my_robot_description/urdf/assets/part_1.part
-- Up-to-date: /home/pyo/Workspace/turtlebot_ws/install/my_robot_description/share/my_robot_description/urdf/assets/plastic_cover__dc_motor__jgb37_520.stl
-- Up-to-date: /home/pyo/Workspace/turtlebot_ws/install/my_robot_description/share/my_robot_description/urdf/assets/plastic_cover__dc_motor__jgb37_520.part
-- Up-to-date: /home/pyo/Workspace/turtlebot_ws/install/my_robot_description/share/my_robot_description/urdf/assets/part_1__5.stl
-- Up-to-date: /home/pyo/Workspace/turtlebot_ws/install/my_robot_description/share/my_robot_description/urdf/assets/dc_motor__jgb37_520.part
-- Up-to-date: /home/pyo/Workspace/turtlebot_ws/install/my_robot_description/share/my_robot_description/urdf/assets/shaft_coupler__jgb37_520.part
-- Up-to-date: /home/pyo/Workspace/turtlebot_ws/install/my_robot_description/share/my_robot_description/urdf/assets/coupling_bracket__geared_body_to_dc_motor__jgb37_520.stl
-- Up-to-date: /home/pyo/Workspace/turtlebot_ws/install/my_robot_description/share/my_robot_description/urdf/assets/part_1__4.stl
-- Up-to-date: /home/pyo/Workspace/turtlebot_ws/install/my_robot_description/share/my_robot_description/urdf/assets/part_1__7.stl
-- Up-to-date: /home/pyo/Workspace/turtlebot_ws/install/my_robot_description/share/my_robot_description/urdf/assets/part_1__2.stl
-- Up-to-date: /home/pyo/Workspace/turtlebot_ws/install/my_robot_description/share/my_robot_description/urdf/assets/part_1.stl
-- Up-to-date: /home/pyo/Workspace/turtlebot_ws/install/my_robot_description/share/my_robot_description/urdf/assets/part_1__3.stl
-- Up-to-date: /home/pyo/Workspace/turtlebot_ws/install/my_robot_description/share/my_robot_description/urdf/assets/part_1__4.part
-- Up-to-date: /home/pyo/Workspace/turtlebot_ws/install/my_robot_description/share/my_robot_description/urdf/assets/motor_shaft__jgb37_520.part
-- Up-to-date: /home/pyo/Workspace/turtlebot_ws/install/my_robot_description/share/my_robot_description/urdf/assets/part_1__6.part
-- Up-to-date: /home/pyo/Workspace/turtlebot_ws/install/my_robot_description/share/my_robot_description/urdf/assets/part_1__7.part
-- Up-to-date: /home/pyo/Workspace/turtlebot_ws/install/my_robot_description/share/my_robot_description/urdf/assets/part_1__3.part
-- Up-to-date: /home/pyo/Workspace/turtlebot_ws/install/my_robot_description/share/my_robot_description/urdf/assets/part_1__5.part
-- Up-to-date: /home/pyo/Workspace/turtlebot_ws/install/my_robot_description/share/my_robot_description/urdf/assets/dc_motor__jgb37_520.stl
-- Up-to-date: /home/pyo/Workspace/turtlebot_ws/install/my_robot_description/share/my_robot_description/urdf/assets/motor_shaft__jgb37_520.stl
-- Up-to-date: /home/pyo/Workspace/turtlebot_ws/install/my_robot_description/share/my_robot_description/urdf/assets/part_1__6.stl
-- Up-to-date: /home/pyo/Workspace/turtlebot_ws/install/my_robot_description/share/my_robot_description/urdf/assets/geared_body__motor__jgb37_520.part
-- Up-to-date: /home/pyo/Workspace/turtlebot_ws/install/my_robot_description/share/my_robot_description/urdf/assets/coupling_bracket__geared_body_to_dc_motor__jgb37_520.part
-- Up-to-date: /home/pyo/Workspace/turtlebot_ws/install/my_robot_description/share/ament_index/resource_index/package_run_dependencies/my_robot_description
-- Up-to-date: /home/pyo/Workspace/turtlebot_ws/install/my_robot_description/share/ament_index/resource_index/parent_prefix_path/my_robot_description
-- Up-to-date: /home/pyo/Workspace/turtlebot_ws/install/my_robot_description/share/my_robot_description/environment/ament_prefix_path.sh
-- Up-to-date: /home/pyo/Workspace/turtlebot_ws/install/my_robot_description/share/my_robot_description/environment/ament_prefix_path.dsv
-- Up-to-date: /home/pyo/Workspace/turtlebot_ws/install/my_robot_description/share/my_robot_description/environment/path.sh
-- Up-to-date: /home/pyo/Workspace/turtlebot_ws/install/my_robot_description/share/my_robot_description/environment/path.dsv
-- Up-to-date: /home/pyo/Workspace/turtlebot_ws/install/my_robot_description/share/my_robot_description/local_setup.bash
-- Up-to-date: /home/pyo/Workspace/turtlebot_ws/install/my_robot_description/share/my_robot_description/local_setup.sh
-- Up-to-date: /home/pyo/Workspace/turtlebot_ws/install/my_robot_description/share/my_robot_description/local_setup.zsh
-- Up-to-date: /home/pyo/Workspace/turtlebot_ws/install/my_robot_description/share/my_robot_description/local_setup.dsv
-- Installing: /home/pyo/Workspace/turtlebot_ws/install/my_robot_description/share/my_robot_description/package.dsv
-- Up-to-date: /home/pyo/Workspace/turtlebot_ws/install/my_robot_description/share/ament_index/resource_index/packages/my_robot_description
-- Up-to-date: /home/pyo/Workspace/turtlebot_ws/install/my_robot_description/share/my_robot_description/cmake/my_robot_descriptionConfig.cmake
-- Up-to-date: /home/pyo/Workspace/turtlebot_ws/install/my_robot_description/share/my_robot_description/cmake/my_robot_descriptionConfig-version.cmake
-- Up-to-date: /home/pyo/Workspace/turtlebot_ws/install/my_robot_description/share/my_robot_description/package.xml
