-- The C compiler identification is GNU 11.4.0
-- The CXX compiler identification is GNU 11.4.0
-- Detecting C compiler ABI info
-- Detecting C compiler ABI info - done
-- Check for working C compiler: /usr/bin/cc - skipped
-- Detecting C compile features
-- Detecting C compile features - done
-- Detecting CXX compiler ABI info
-- Detecting CXX compiler ABI info - done
-- Check for working CXX compiler: /usr/bin/c++ - skipped
-- Detecting CXX compile features
-- Detecting CXX compile features - done
-- Found ament_cmake: 1.3.11 (/opt/ros/humble/share/ament_cmake/cmake)
-- Found Python3: /usr/bin/python3 (found version "3.10.12") found components: Interpreter 
-- Found ament_lint_auto: 0.12.12 (/opt/ros/humble/share/ament_lint_auto/cmake)
-- Added test 'flake8' to check Python code syntax and style conventions
-- Added test 'lint_cmake' to check CMake code style
-- Added test 'pep257' to check Python code against some of the docstring style conventions in PEP 257
-- Added test 'xmllint' to check XML markup files
-- Configuring done
-- Generating done
-- Build files have been written to: /home/pyo/Workspace/turtlebot_ws/build/my_robot_description
-- Install configuration: ""
-- Installing: /home/pyo/Workspace/turtlebot_ws/install/my_robot_description/share/my_robot_description/launch
-- Installing: /home/pyo/Workspace/turtlebot_ws/install/my_robot_description/share/my_robot_description/launch/display.launch.py
-- Installing: /home/pyo/Workspace/turtlebot_ws/install/my_robot_description/share/my_robot_description/urdf
-- Installing: /home/pyo/Workspace/turtlebot_ws/install/my_robot_description/share/my_robot_description/urdf/config.json
-- Installing: /home/pyo/Workspace/turtlebot_ws/install/my_robot_description/share/my_robot_description/urdf/robot.urdf
-- Installing: /home/pyo/Workspace/turtlebot_ws/install/my_robot_description/share/my_robot_description/urdf/assets
-- Installing: /home/pyo/Workspace/turtlebot_ws/install/my_robot_description/share/my_robot_description/urdf/assets/shaft_coupler__jgb37_520.stl
-- Installing: /home/pyo/Workspace/turtlebot_ws/install/my_robot_description/share/my_robot_description/urdf/assets/part_1__2.part
-- Installing: /home/pyo/Workspace/turtlebot_ws/install/my_robot_description/share/my_robot_description/urdf/assets/geared_body__motor__jgb37_520.stl
-- Installing: /home/pyo/Workspace/turtlebot_ws/install/my_robot_description/share/my_robot_description/urdf/assets/part_1.part
-- Installing: /home/pyo/Workspace/turtlebot_ws/install/my_robot_description/share/my_robot_description/urdf/assets/plastic_cover__dc_motor__jgb37_520.stl
-- Installing: /home/pyo/Workspace/turtlebot_ws/install/my_robot_description/share/my_robot_description/urdf/assets/plastic_cover__dc_motor__jgb37_520.part
-- Installing: /home/pyo/Workspace/turtlebot_ws/install/my_robot_description/share/my_robot_description/urdf/assets/part_1__5.stl
-- Installing: /home/pyo/Workspace/turtlebot_ws/install/my_robot_description/share/my_robot_description/urdf/assets/dc_motor__jgb37_520.part
-- Installing: /home/pyo/Workspace/turtlebot_ws/install/my_robot_description/share/my_robot_description/urdf/assets/shaft_coupler__jgb37_520.part
-- Installing: /home/pyo/Workspace/turtlebot_ws/install/my_robot_description/share/my_robot_description/urdf/assets/coupling_bracket__geared_body_to_dc_motor__jgb37_520.stl
-- Installing: /home/pyo/Workspace/turtlebot_ws/install/my_robot_description/share/my_robot_description/urdf/assets/part_1__4.stl
-- Installing: /home/pyo/Workspace/turtlebot_ws/install/my_robot_description/share/my_robot_description/urdf/assets/part_1__7.stl
-- Installing: /home/pyo/Workspace/turtlebot_ws/install/my_robot_description/share/my_robot_description/urdf/assets/part_1__2.stl
-- Installing: /home/pyo/Workspace/turtlebot_ws/install/my_robot_description/share/my_robot_description/urdf/assets/part_1.stl
-- Installing: /home/pyo/Workspace/turtlebot_ws/install/my_robot_description/share/my_robot_description/urdf/assets/part_1__3.stl
-- Installing: /home/pyo/Workspace/turtlebot_ws/install/my_robot_description/share/my_robot_description/urdf/assets/part_1__4.part
-- Installing: /home/pyo/Workspace/turtlebot_ws/install/my_robot_description/share/my_robot_description/urdf/assets/motor_shaft__jgb37_520.part
-- Installing: /home/pyo/Workspace/turtlebot_ws/install/my_robot_description/share/my_robot_description/urdf/assets/part_1__6.part
-- Installing: /home/pyo/Workspace/turtlebot_ws/install/my_robot_description/share/my_robot_description/urdf/assets/part_1__7.part
-- Installing: /home/pyo/Workspace/turtlebot_ws/install/my_robot_description/share/my_robot_description/urdf/assets/part_1__3.part
-- Installing: /home/pyo/Workspace/turtlebot_ws/install/my_robot_description/share/my_robot_description/urdf/assets/part_1__5.part
-- Installing: /home/pyo/Workspace/turtlebot_ws/install/my_robot_description/share/my_robot_description/urdf/assets/dc_motor__jgb37_520.stl
-- Installing: /home/pyo/Workspace/turtlebot_ws/install/my_robot_description/share/my_robot_description/urdf/assets/motor_shaft__jgb37_520.stl
-- Installing: /home/pyo/Workspace/turtlebot_ws/install/my_robot_description/share/my_robot_description/urdf/assets/part_1__6.stl
-- Installing: /home/pyo/Workspace/turtlebot_ws/install/my_robot_description/share/my_robot_description/urdf/assets/geared_body__motor__jgb37_520.part
-- Installing: /home/pyo/Workspace/turtlebot_ws/install/my_robot_description/share/my_robot_description/urdf/assets/coupling_bracket__geared_body_to_dc_motor__jgb37_520.part
-- Installing: /home/pyo/Workspace/turtlebot_ws/install/my_robot_description/share/ament_index/resource_index/package_run_dependencies/my_robot_description
-- Installing: /home/pyo/Workspace/turtlebot_ws/install/my_robot_description/share/ament_index/resource_index/parent_prefix_path/my_robot_description
-- Installing: /home/pyo/Workspace/turtlebot_ws/install/my_robot_description/share/my_robot_description/environment/ament_prefix_path.sh
-- Installing: /home/pyo/Workspace/turtlebot_ws/install/my_robot_description/share/my_robot_description/environment/ament_prefix_path.dsv
-- Installing: /home/pyo/Workspace/turtlebot_ws/install/my_robot_description/share/my_robot_description/environment/path.sh
-- Installing: /home/pyo/Workspace/turtlebot_ws/install/my_robot_description/share/my_robot_description/environment/path.dsv
-- Installing: /home/pyo/Workspace/turtlebot_ws/install/my_robot_description/share/my_robot_description/local_setup.bash
-- Installing: /home/pyo/Workspace/turtlebot_ws/install/my_robot_description/share/my_robot_description/local_setup.sh
-- Installing: /home/pyo/Workspace/turtlebot_ws/install/my_robot_description/share/my_robot_description/local_setup.zsh
-- Installing: /home/pyo/Workspace/turtlebot_ws/install/my_robot_description/share/my_robot_description/local_setup.dsv
-- Installing: /home/pyo/Workspace/turtlebot_ws/install/my_robot_description/share/my_robot_description/package.dsv
-- Installing: /home/pyo/Workspace/turtlebot_ws/install/my_robot_description/share/ament_index/resource_index/packages/my_robot_description
-- Installing: /home/pyo/Workspace/turtlebot_ws/install/my_robot_description/share/my_robot_description/cmake/my_robot_descriptionConfig.cmake
-- Installing: /home/pyo/Workspace/turtlebot_ws/install/my_robot_description/share/my_robot_description/cmake/my_robot_descriptionConfig-version.cmake
-- Installing: /home/pyo/Workspace/turtlebot_ws/install/my_robot_description/share/my_robot_description/package.xml
