[0.164s] Invoking command in '/home/pyo/Workspace/turtlebot_ws/build/my_robot_description': CMAKE_PREFIX_PATH=${CMAKE_PREFIX_PATH}:/opt/ros/humble /usr/bin/cmake /home/pyo/Workspace/turtlebot_ws/src/my_robot_description -DCMAKE_INSTALL_PREFIX=/home/pyo/Workspace/turtlebot_ws/install/my_robot_description
[0.240s] -- The C compiler identification is GNU 11.4.0
[0.289s] -- The CXX compiler identification is GNU 11.4.0
[0.296s] -- Detecting C compiler ABI info
[0.354s] -- Detecting C compiler ABI info - done
[0.360s] -- Check for working C compiler: /usr/bin/cc - skipped
[0.360s] -- Detecting C compile features
[0.360s] -- Detecting C compile features - done
[0.363s] -- Detecting CXX compiler ABI info
[0.427s] -- Detecting CXX compiler ABI info - done
[0.431s] -- Check for working CXX compiler: /usr/bin/c++ - skipped
[0.432s] -- Detecting CXX compile features
[0.432s] -- Detecting CXX compile features - done
[0.435s] -- Found ament_cmake: 1.3.11 (/opt/ros/humble/share/ament_cmake/cmake)
[0.540s] -- Found Python3: /usr/bin/python3 (found version "3.10.12") found components: Interpreter 
[0.611s] -- Found ament_lint_auto: 0.12.12 (/opt/ros/humble/share/ament_lint_auto/cmake)
[0.670s] -- Added test 'flake8' to check Python code syntax and style conventions
[0.671s] -- Added test 'lint_cmake' to check CMake code style
[0.671s] -- Added test 'pep257' to check Python code against some of the docstring style conventions in PEP 257
[0.673s] -- Added test 'xmllint' to check XML markup files
[0.673s] -- Configuring done
[0.675s] -- Generating done
[0.676s] -- Build files have been written to: /home/pyo/Workspace/turtlebot_ws/build/my_robot_description
[0.680s] Invoked command in '/home/pyo/Workspace/turtlebot_ws/build/my_robot_description' returned '0': CMAKE_PREFIX_PATH=${CMAKE_PREFIX_PATH}:/opt/ros/humble /usr/bin/cmake /home/pyo/Workspace/turtlebot_ws/src/my_robot_description -DCMAKE_INSTALL_PREFIX=/home/pyo/Workspace/turtlebot_ws/install/my_robot_description
[0.681s] Invoking command in '/home/pyo/Workspace/turtlebot_ws/build/my_robot_description': CMAKE_PREFIX_PATH=${CMAKE_PREFIX_PATH}:/opt/ros/humble /usr/bin/cmake --build /home/pyo/Workspace/turtlebot_ws/build/my_robot_description -- -j18 -l18
[0.710s] Invoked command in '/home/pyo/Workspace/turtlebot_ws/build/my_robot_description' returned '0': CMAKE_PREFIX_PATH=${CMAKE_PREFIX_PATH}:/opt/ros/humble /usr/bin/cmake --build /home/pyo/Workspace/turtlebot_ws/build/my_robot_description -- -j18 -l18
[0.717s] Invoking command in '/home/pyo/Workspace/turtlebot_ws/build/my_robot_description': CMAKE_PREFIX_PATH=${CMAKE_PREFIX_PATH}:/opt/ros/humble /usr/bin/cmake --install /home/pyo/Workspace/turtlebot_ws/build/my_robot_description
[0.723s] -- Install configuration: ""
[0.723s] -- Installing: /home/pyo/Workspace/turtlebot_ws/install/my_robot_description/share/my_robot_description/launch
[0.723s] -- Installing: /home/pyo/Workspace/turtlebot_ws/install/my_robot_description/share/my_robot_description/launch/display.launch.py
[0.723s] -- Installing: /home/pyo/Workspace/turtlebot_ws/install/my_robot_description/share/my_robot_description/urdf
[0.723s] -- Installing: /home/pyo/Workspace/turtlebot_ws/install/my_robot_description/share/my_robot_description/urdf/config.json
[0.723s] -- Installing: /home/pyo/Workspace/turtlebot_ws/install/my_robot_description/share/my_robot_description/urdf/robot.urdf
[0.723s] -- Installing: /home/pyo/Workspace/turtlebot_ws/install/my_robot_description/share/my_robot_description/urdf/assets
[0.723s] -- Installing: /home/pyo/Workspace/turtlebot_ws/install/my_robot_description/share/my_robot_description/urdf/assets/shaft_coupler__jgb37_520.stl
[0.723s] -- Installing: /home/pyo/Workspace/turtlebot_ws/install/my_robot_description/share/my_robot_description/urdf/assets/part_1__2.part
[0.723s] -- Installing: /home/pyo/Workspace/turtlebot_ws/install/my_robot_description/share/my_robot_description/urdf/assets/geared_body__motor__jgb37_520.stl
[0.724s] -- Installing: /home/pyo/Workspace/turtlebot_ws/install/my_robot_description/share/my_robot_description/urdf/assets/part_1.part
[0.724s] -- Installing: /home/pyo/Workspace/turtlebot_ws/install/my_robot_description/share/my_robot_description/urdf/assets/plastic_cover__dc_motor__jgb37_520.stl
[0.725s] -- Installing: /home/pyo/Workspace/turtlebot_ws/install/my_robot_description/share/my_robot_description/urdf/assets/plastic_cover__dc_motor__jgb37_520.part
[0.725s] -- Installing: /home/pyo/Workspace/turtlebot_ws/install/my_robot_description/share/my_robot_description/urdf/assets/part_1__5.stl
[0.725s] -- Installing: /home/pyo/Workspace/turtlebot_ws/install/my_robot_description/share/my_robot_description/urdf/assets/dc_motor__jgb37_520.part
[0.725s] -- Installing: /home/pyo/Workspace/turtlebot_ws/install/my_robot_description/share/my_robot_description/urdf/assets/shaft_coupler__jgb37_520.part
[0.725s] -- Installing: /home/pyo/Workspace/turtlebot_ws/install/my_robot_description/share/my_robot_description/urdf/assets/coupling_bracket__geared_body_to_dc_motor__jgb37_520.stl
[0.725s] -- Installing: /home/pyo/Workspace/turtlebot_ws/install/my_robot_description/share/my_robot_description/urdf/assets/part_1__4.stl
[0.725s] -- Installing: /home/pyo/Workspace/turtlebot_ws/install/my_robot_description/share/my_robot_description/urdf/assets/part_1__7.stl
[0.726s] -- Installing: /home/pyo/Workspace/turtlebot_ws/install/my_robot_description/share/my_robot_description/urdf/assets/part_1__2.stl
[0.726s] -- Installing: /home/pyo/Workspace/turtlebot_ws/install/my_robot_description/share/my_robot_description/urdf/assets/part_1.stl
[0.726s] -- Installing: /home/pyo/Workspace/turtlebot_ws/install/my_robot_description/share/my_robot_description/urdf/assets/part_1__3.stl
[0.726s] -- Installing: /home/pyo/Workspace/turtlebot_ws/install/my_robot_description/share/my_robot_description/urdf/assets/part_1__4.part
[0.726s] -- Installing: /home/pyo/Workspace/turtlebot_ws/install/my_robot_description/share/my_robot_description/urdf/assets/motor_shaft__jgb37_520.part
[0.726s] -- Installing: /home/pyo/Workspace/turtlebot_ws/install/my_robot_description/share/my_robot_description/urdf/assets/part_1__6.part
[0.726s] -- Installing: /home/pyo/Workspace/turtlebot_ws/install/my_robot_description/share/my_robot_description/urdf/assets/part_1__7.part
[0.726s] -- Installing: /home/pyo/Workspace/turtlebot_ws/install/my_robot_description/share/my_robot_description/urdf/assets/part_1__3.part
[0.726s] -- Installing: /home/pyo/Workspace/turtlebot_ws/install/my_robot_description/share/my_robot_description/urdf/assets/part_1__5.part
[0.726s] -- Installing: /home/pyo/Workspace/turtlebot_ws/install/my_robot_description/share/my_robot_description/urdf/assets/dc_motor__jgb37_520.stl
[0.727s] -- Installing: /home/pyo/Workspace/turtlebot_ws/install/my_robot_description/share/my_robot_description/urdf/assets/motor_shaft__jgb37_520.stl
[0.727s] -- Installing: /home/pyo/Workspace/turtlebot_ws/install/my_robot_description/share/my_robot_description/urdf/assets/part_1__6.stl
[0.727s] -- Installing: /home/pyo/Workspace/turtlebot_ws/install/my_robot_description/share/my_robot_description/urdf/assets/geared_body__motor__jgb37_520.part
[0.727s] -- Installing: /home/pyo/Workspace/turtlebot_ws/install/my_robot_description/share/my_robot_description/urdf/assets/coupling_bracket__geared_body_to_dc_motor__jgb37_520.part
[0.727s] -- Installing: /home/pyo/Workspace/turtlebot_ws/install/my_robot_description/share/ament_index/resource_index/package_run_dependencies/my_robot_description
[0.727s] -- Installing: /home/pyo/Workspace/turtlebot_ws/install/my_robot_description/share/ament_index/resource_index/parent_prefix_path/my_robot_description
[0.727s] -- Installing: /home/pyo/Workspace/turtlebot_ws/install/my_robot_description/share/my_robot_description/environment/ament_prefix_path.sh
[0.727s] -- Installing: /home/pyo/Workspace/turtlebot_ws/install/my_robot_description/share/my_robot_description/environment/ament_prefix_path.dsv
[0.727s] -- Installing: /home/pyo/Workspace/turtlebot_ws/install/my_robot_description/share/my_robot_description/environment/path.sh
[0.727s] -- Installing: /home/pyo/Workspace/turtlebot_ws/install/my_robot_description/share/my_robot_description/environment/path.dsv
[0.728s] -- Installing: /home/pyo/Workspace/turtlebot_ws/install/my_robot_description/share/my_robot_description/local_setup.bash
[0.728s] -- Installing: /home/pyo/Workspace/turtlebot_ws/install/my_robot_description/share/my_robot_description/local_setup.sh
[0.728s] -- Installing: /home/pyo/Workspace/turtlebot_ws/install/my_robot_description/share/my_robot_description/local_setup.zsh
[0.728s] -- Installing: /home/pyo/Workspace/turtlebot_ws/install/my_robot_description/share/my_robot_description/local_setup.dsv
[0.728s] -- Installing: /home/pyo/Workspace/turtlebot_ws/install/my_robot_description/share/my_robot_description/package.dsv
[0.728s] -- Installing: /home/pyo/Workspace/turtlebot_ws/install/my_robot_description/share/ament_index/resource_index/packages/my_robot_description
[0.728s] -- Installing: /home/pyo/Workspace/turtlebot_ws/install/my_robot_description/share/my_robot_description/cmake/my_robot_descriptionConfig.cmake
[0.728s] -- Installing: /home/pyo/Workspace/turtlebot_ws/install/my_robot_description/share/my_robot_description/cmake/my_robot_descriptionConfig-version.cmake
[0.728s] -- Installing: /home/pyo/Workspace/turtlebot_ws/install/my_robot_description/share/my_robot_description/package.xml
[0.730s] Invoked command in '/home/pyo/Workspace/turtlebot_ws/build/my_robot_description' returned '0': CMAKE_PREFIX_PATH=${CMAKE_PREFIX_PATH}:/opt/ros/humble /usr/bin/cmake --install /home/pyo/Workspace/turtlebot_ws/build/my_robot_description
