[0.109s] DEBUG:colcon:Command line arguments: ['/usr/bin/colcon', 'build', '--packages-select', 'keyboard_sim']
[0.109s] DEBUG:colcon:Parsed command line arguments: Namespace(log_base=None, log_level=None, verb_name='build', build_base='build', install_base='install', merge_install=False, symlink_install=False, test_result_base=None, continue_on_error=False, executor='parallel', parallel_workers=18, event_handlers=None, ignore_user_meta=False, metas=['./colcon.meta'], base_paths=['.'], packages_ignore=None, packages_ignore_regex=None, paths=None, packages_up_to=None, packages_up_to_regex=None, packages_above=None, packages_above_and_dependencies=None, packages_above_depth=None, packages_select_by_dep=None, packages_skip_by_dep=None, packages_skip_up_to=None, packages_select_build_failed=False, packages_skip_build_finished=False, packages_select_test_failures=False, packages_skip_test_passed=False, packages_select=['keyboard_sim'], packages_skip=None, packages_select_regex=None, packages_skip_regex=None, packages_start=None, packages_end=None, allow_overriding=[], cmake_args=None, cmake_target=None, cmake_target_skip_unavailable=False, cmake_clean_cache=False, cmake_clean_first=False, cmake_force_configure=False, ament_cmake_args=None, catkin_cmake_args=None, catkin_skip_building_tests=False, mixin_files=None, mixin=None, verb_parser=<colcon_mixin.mixin.mixin_argument.MixinArgumentDecorator object at 0x74190c552740>, verb_extension=<colcon_core.verb.build.BuildVerb object at 0x74190c667700>, main=<bound method BuildVerb.main of <colcon_core.verb.build.BuildVerb object at 0x74190c667700>>, mixin_verb=('build',))
[0.273s] Level 1:colcon.colcon_core.package_discovery:discover_packages(colcon_meta) check parameters
[0.273s] Level 1:colcon.colcon_core.package_discovery:discover_packages(recursive) check parameters
[0.273s] Level 1:colcon.colcon_core.package_discovery:discover_packages(ignore) check parameters
[0.273s] Level 1:colcon.colcon_core.package_discovery:discover_packages(path) check parameters
[0.273s] Level 1:colcon.colcon_core.package_discovery:discover_packages(colcon_meta) discover
[0.273s] Level 1:colcon.colcon_core.package_discovery:discover_packages(recursive) discover
[0.273s] INFO:colcon.colcon_core.package_discovery:Crawling recursively for packages in '/home/pyo/Workspace/turtlebot_ws'
[0.273s] Level 1:colcon.colcon_core.package_identification:_identify(.) by extensions ['ignore', 'ignore_ament_install']
[0.273s] Level 1:colcon.colcon_core.package_identification:_identify(.) by extension 'ignore'
[0.273s] Level 1:colcon.colcon_core.package_identification:_identify(.) by extension 'ignore_ament_install'
[0.274s] Level 1:colcon.colcon_core.package_identification:_identify(.) by extensions ['colcon_pkg']
[0.274s] Level 1:colcon.colcon_core.package_identification:_identify(.) by extension 'colcon_pkg'
[0.274s] Level 1:colcon.colcon_core.package_identification:_identify(.) by extensions ['colcon_meta']
[0.274s] Level 1:colcon.colcon_core.package_identification:_identify(.) by extension 'colcon_meta'
[0.274s] Level 1:colcon.colcon_core.package_identification:_identify(.) by extensions ['ros']
[0.274s] Level 1:colcon.colcon_core.package_identification:_identify(.) by extension 'ros'
[0.285s] Level 1:colcon.colcon_core.package_identification:_identify(.) by extensions ['cmake', 'python']
[0.285s] Level 1:colcon.colcon_core.package_identification:_identify(.) by extension 'cmake'
[0.285s] Level 1:colcon.colcon_core.package_identification:_identify(.) by extension 'python'
[0.285s] Level 1:colcon.colcon_core.package_identification:_identify(.) by extensions ['python_setup_py']
[0.285s] Level 1:colcon.colcon_core.package_identification:_identify(.) by extension 'python_setup_py'
[0.285s] Level 1:colcon.colcon_core.package_identification:_identify(build) by extensions ['ignore', 'ignore_ament_install']
[0.285s] Level 1:colcon.colcon_core.package_identification:_identify(build) by extension 'ignore'
[0.285s] Level 1:colcon.colcon_core.package_identification:_identify(build) ignored
[0.285s] Level 1:colcon.colcon_core.package_identification:_identify(install) by extensions ['ignore', 'ignore_ament_install']
[0.285s] Level 1:colcon.colcon_core.package_identification:_identify(install) by extension 'ignore'
[0.285s] Level 1:colcon.colcon_core.package_identification:_identify(install) ignored
[0.286s] Level 1:colcon.colcon_core.package_identification:_identify(log) by extensions ['ignore', 'ignore_ament_install']
[0.286s] Level 1:colcon.colcon_core.package_identification:_identify(log) by extension 'ignore'
[0.286s] Level 1:colcon.colcon_core.package_identification:_identify(log) ignored
[0.286s] Level 1:colcon.colcon_core.package_identification:_identify(src) by extensions ['ignore', 'ignore_ament_install']
[0.286s] Level 1:colcon.colcon_core.package_identification:_identify(src) by extension 'ignore'
[0.286s] Level 1:colcon.colcon_core.package_identification:_identify(src) by extension 'ignore_ament_install'
[0.286s] Level 1:colcon.colcon_core.package_identification:_identify(src) by extensions ['colcon_pkg']
[0.286s] Level 1:colcon.colcon_core.package_identification:_identify(src) by extension 'colcon_pkg'
[0.286s] Level 1:colcon.colcon_core.package_identification:_identify(src) by extensions ['colcon_meta']
[0.286s] Level 1:colcon.colcon_core.package_identification:_identify(src) by extension 'colcon_meta'
[0.286s] Level 1:colcon.colcon_core.package_identification:_identify(src) by extensions ['ros']
[0.286s] Level 1:colcon.colcon_core.package_identification:_identify(src) by extension 'ros'
[0.286s] Level 1:colcon.colcon_core.package_identification:_identify(src) by extensions ['cmake', 'python']
[0.286s] Level 1:colcon.colcon_core.package_identification:_identify(src) by extension 'cmake'
[0.286s] Level 1:colcon.colcon_core.package_identification:_identify(src) by extension 'python'
[0.286s] Level 1:colcon.colcon_core.package_identification:_identify(src) by extensions ['python_setup_py']
[0.286s] Level 1:colcon.colcon_core.package_identification:_identify(src) by extension 'python_setup_py'
[0.286s] Level 1:colcon.colcon_core.package_identification:_identify(src/encoder_odometry) by extensions ['ignore', 'ignore_ament_install']
[0.286s] Level 1:colcon.colcon_core.package_identification:_identify(src/encoder_odometry) by extension 'ignore'
[0.286s] Level 1:colcon.colcon_core.package_identification:_identify(src/encoder_odometry) by extension 'ignore_ament_install'
[0.286s] Level 1:colcon.colcon_core.package_identification:_identify(src/encoder_odometry) by extensions ['colcon_pkg']
[0.286s] Level 1:colcon.colcon_core.package_identification:_identify(src/encoder_odometry) by extension 'colcon_pkg'
[0.286s] Level 1:colcon.colcon_core.package_identification:_identify(src/encoder_odometry) by extensions ['colcon_meta']
[0.286s] Level 1:colcon.colcon_core.package_identification:_identify(src/encoder_odometry) by extension 'colcon_meta'
[0.287s] Level 1:colcon.colcon_core.package_identification:_identify(src/encoder_odometry) by extensions ['ros']
[0.287s] Level 1:colcon.colcon_core.package_identification:_identify(src/encoder_odometry) by extension 'ros'
[0.289s] DEBUG:colcon.colcon_core.package_identification:Package 'src/encoder_odometry' with type 'ros.ament_python' and name 'encoder_odometry'
[0.289s] Level 1:colcon.colcon_core.package_identification:_identify(src/keyboard_sim) by extensions ['ignore', 'ignore_ament_install']
[0.289s] Level 1:colcon.colcon_core.package_identification:_identify(src/keyboard_sim) by extension 'ignore'
[0.289s] Level 1:colcon.colcon_core.package_identification:_identify(src/keyboard_sim) by extension 'ignore_ament_install'
[0.290s] Level 1:colcon.colcon_core.package_identification:_identify(src/keyboard_sim) by extensions ['colcon_pkg']
[0.290s] Level 1:colcon.colcon_core.package_identification:_identify(src/keyboard_sim) by extension 'colcon_pkg'
[0.290s] Level 1:colcon.colcon_core.package_identification:_identify(src/keyboard_sim) by extensions ['colcon_meta']
[0.290s] Level 1:colcon.colcon_core.package_identification:_identify(src/keyboard_sim) by extension 'colcon_meta'
[0.290s] Level 1:colcon.colcon_core.package_identification:_identify(src/keyboard_sim) by extensions ['ros']
[0.290s] Level 1:colcon.colcon_core.package_identification:_identify(src/keyboard_sim) by extension 'ros'
[0.290s] DEBUG:colcon.colcon_core.package_identification:Package 'src/keyboard_sim' with type 'ros.catkin' and name 'keyboard_sim'
[0.290s] Level 1:colcon.colcon_core.package_identification:_identify(src/my_robot_description) by extensions ['ignore', 'ignore_ament_install']
[0.290s] Level 1:colcon.colcon_core.package_identification:_identify(src/my_robot_description) by extension 'ignore'
[0.290s] Level 1:colcon.colcon_core.package_identification:_identify(src/my_robot_description) by extension 'ignore_ament_install'
[0.291s] Level 1:colcon.colcon_core.package_identification:_identify(src/my_robot_description) by extensions ['colcon_pkg']
[0.291s] Level 1:colcon.colcon_core.package_identification:_identify(src/my_robot_description) by extension 'colcon_pkg'
[0.291s] Level 1:colcon.colcon_core.package_identification:_identify(src/my_robot_description) by extensions ['colcon_meta']
[0.291s] Level 1:colcon.colcon_core.package_identification:_identify(src/my_robot_description) by extension 'colcon_meta'
[0.291s] Level 1:colcon.colcon_core.package_identification:_identify(src/my_robot_description) by extensions ['ros']
[0.291s] Level 1:colcon.colcon_core.package_identification:_identify(src/my_robot_description) by extension 'ros'
[0.292s] DEBUG:colcon.colcon_core.package_identification:Package 'src/my_robot_description' with type 'ros.ament_cmake' and name 'my_robot_description'
[0.292s] Level 1:colcon.colcon_core.package_discovery:discover_packages(recursive) using defaults
[0.292s] Level 1:colcon.colcon_core.package_discovery:discover_packages(ignore) discover
[0.292s] Level 1:colcon.colcon_core.package_discovery:discover_packages(ignore) using defaults
[0.292s] Level 1:colcon.colcon_core.package_discovery:discover_packages(path) discover
[0.292s] Level 1:colcon.colcon_core.package_discovery:discover_packages(path) using defaults
[0.324s] INFO:colcon.colcon_core.package_selection:Skipping not selected package 'encoder_odometry' in 'src/encoder_odometry'
[0.324s] INFO:colcon.colcon_core.package_selection:Skipping not selected package 'my_robot_description' in 'src/my_robot_description'
[0.324s] Level 1:colcon.colcon_core.package_discovery:discover_packages(prefix_path) check parameters
[0.324s] Level 1:colcon.colcon_core.package_discovery:discover_packages(prefix_path) discover
[0.326s] DEBUG:colcon.colcon_installed_package_information.package_discovery:Found 9 installed packages in /home/pyo/opx_robot_ws/install
[0.328s] DEBUG:colcon.colcon_installed_package_information.package_discovery:Found 364 installed packages in /opt/ros/humble
[0.337s] Level 1:colcon.colcon_core.package_discovery:discover_packages(prefix_path) using defaults
[0.380s] Level 5:colcon.colcon_core.verb:set package 'keyboard_sim' build argument 'cmake_args' from command line to 'None'
[0.380s] Level 5:colcon.colcon_core.verb:set package 'keyboard_sim' build argument 'cmake_target' from command line to 'None'
[0.380s] Level 5:colcon.colcon_core.verb:set package 'keyboard_sim' build argument 'cmake_target_skip_unavailable' from command line to 'False'
[0.380s] Level 5:colcon.colcon_core.verb:set package 'keyboard_sim' build argument 'cmake_clean_cache' from command line to 'False'
[0.380s] Level 5:colcon.colcon_core.verb:set package 'keyboard_sim' build argument 'cmake_clean_first' from command line to 'False'
[0.380s] Level 5:colcon.colcon_core.verb:set package 'keyboard_sim' build argument 'cmake_force_configure' from command line to 'False'
[0.380s] Level 5:colcon.colcon_core.verb:set package 'keyboard_sim' build argument 'ament_cmake_args' from command line to 'None'
[0.380s] Level 5:colcon.colcon_core.verb:set package 'keyboard_sim' build argument 'catkin_cmake_args' from command line to 'None'
[0.380s] Level 5:colcon.colcon_core.verb:set package 'keyboard_sim' build argument 'catkin_skip_building_tests' from command line to 'False'
[0.380s] DEBUG:colcon.colcon_core.verb:Building package 'keyboard_sim' with the following arguments: {'ament_cmake_args': None, 'build_base': '/home/pyo/Workspace/turtlebot_ws/build/keyboard_sim', 'catkin_cmake_args': None, 'catkin_skip_building_tests': False, 'cmake_args': None, 'cmake_clean_cache': False, 'cmake_clean_first': False, 'cmake_force_configure': False, 'cmake_target': None, 'cmake_target_skip_unavailable': False, 'install_base': '/home/pyo/Workspace/turtlebot_ws/install/keyboard_sim', 'merge_install': False, 'path': '/home/pyo/Workspace/turtlebot_ws/src/keyboard_sim', 'symlink_install': False, 'test_result_base': None}
[0.381s] INFO:colcon.colcon_core.executor:Executing jobs using 'parallel' executor
[0.382s] DEBUG:colcon.colcon_parallel_executor.executor.parallel:run_until_complete
[0.383s] INFO:colcon.colcon_ros.task.catkin.build:Building ROS package in '/home/pyo/Workspace/turtlebot_ws/src/keyboard_sim' with build type 'catkin'
[0.383s] INFO:colcon.colcon_cmake.task.cmake.build:Building CMake package in '/home/pyo/Workspace/turtlebot_ws/src/keyboard_sim'
[0.386s] INFO:colcon.colcon_core.plugin_system:Skipping extension 'colcon_core.shell.bat': Not used on non-Windows systems
[0.386s] INFO:colcon.colcon_core.shell:Skip shell extension 'powershell' for command environment: Not usable outside of PowerShell
[0.386s] DEBUG:colcon.colcon_core.shell:Skip shell extension 'dsv' for command environment
[0.397s] DEBUG:colcon.colcon_core.event_handler.log_command:Invoking command in '/home/pyo/Workspace/turtlebot_ws/build/keyboard_sim': /usr/bin/cmake /home/pyo/Workspace/turtlebot_ws/src/keyboard_sim -DCATKIN_INSTALL_INTO_PREFIX_ROOT=0 -DCMAKE_INSTALL_PREFIX=/home/pyo/Workspace/turtlebot_ws/install/keyboard_sim
[1.241s] DEBUG:colcon.colcon_core.event_handler.log_command:Invoked command in '/home/pyo/Workspace/turtlebot_ws/build/keyboard_sim' returned '0': /usr/bin/cmake /home/pyo/Workspace/turtlebot_ws/src/keyboard_sim -DCATKIN_INSTALL_INTO_PREFIX_ROOT=0 -DCMAKE_INSTALL_PREFIX=/home/pyo/Workspace/turtlebot_ws/install/keyboard_sim
[1.244s] DEBUG:colcon.colcon_core.event_handler.log_command:Invoking command in '/home/pyo/Workspace/turtlebot_ws/build/keyboard_sim': /usr/bin/cmake --build /home/pyo/Workspace/turtlebot_ws/build/keyboard_sim -- -j18 -l18
[1.297s] DEBUG:colcon.colcon_core.event_handler.log_command:Invoked command in '/home/pyo/Workspace/turtlebot_ws/build/keyboard_sim' returned '0': /usr/bin/cmake --build /home/pyo/Workspace/turtlebot_ws/build/keyboard_sim -- -j18 -l18
[1.311s] DEBUG:colcon.colcon_core.event_handler.log_command:Invoking command in '/home/pyo/Workspace/turtlebot_ws/build/keyboard_sim': /usr/bin/cmake --install /home/pyo/Workspace/turtlebot_ws/build/keyboard_sim
[1.326s] DEBUG:colcon.colcon_core.event_handler.log_command:Invoked command in '/home/pyo/Workspace/turtlebot_ws/build/keyboard_sim' returned '0': /usr/bin/cmake --install /home/pyo/Workspace/turtlebot_ws/build/keyboard_sim
[1.327s] Level 1:colcon.colcon_core.shell:create_environment_hook('keyboard_sim', 'ros_package_path')
[1.327s] INFO:colcon.colcon_core.shell:Creating environment hook '/home/pyo/Workspace/turtlebot_ws/install/keyboard_sim/share/keyboard_sim/hook/ros_package_path.ps1'
[1.328s] INFO:colcon.colcon_core.shell:Creating environment descriptor '/home/pyo/Workspace/turtlebot_ws/install/keyboard_sim/share/keyboard_sim/hook/ros_package_path.dsv'
[1.329s] INFO:colcon.colcon_core.shell:Creating environment hook '/home/pyo/Workspace/turtlebot_ws/install/keyboard_sim/share/keyboard_sim/hook/ros_package_path.sh'
[1.329s] Level 1:colcon.colcon_core.shell:create_environment_hook('keyboard_sim', 'pkg_config_path')
[1.330s] INFO:colcon.colcon_core.shell:Creating environment hook '/home/pyo/Workspace/turtlebot_ws/install/keyboard_sim/share/keyboard_sim/hook/pkg_config_path.ps1'
[1.330s] INFO:colcon.colcon_core.shell:Creating environment descriptor '/home/pyo/Workspace/turtlebot_ws/install/keyboard_sim/share/keyboard_sim/hook/pkg_config_path.dsv'
[1.330s] INFO:colcon.colcon_core.shell:Creating environment hook '/home/pyo/Workspace/turtlebot_ws/install/keyboard_sim/share/keyboard_sim/hook/pkg_config_path.sh'
[1.333s] Level 1:colcon.colcon_core.shell:create_environment_hook('keyboard_sim', 'pkg_config_path_multiarch')
[1.333s] INFO:colcon.colcon_core.shell:Creating environment hook '/home/pyo/Workspace/turtlebot_ws/install/keyboard_sim/share/keyboard_sim/hook/pkg_config_path_multiarch.ps1'
[1.334s] INFO:colcon.colcon_core.shell:Creating environment descriptor '/home/pyo/Workspace/turtlebot_ws/install/keyboard_sim/share/keyboard_sim/hook/pkg_config_path_multiarch.dsv'
[1.334s] INFO:colcon.colcon_core.shell:Creating environment hook '/home/pyo/Workspace/turtlebot_ws/install/keyboard_sim/share/keyboard_sim/hook/pkg_config_path_multiarch.sh'
[1.336s] Level 1:colcon.colcon_core.environment:create_environment_scripts_only(keyboard_sim)
[1.339s] Level 1:colcon.colcon_core.environment:checking '/home/pyo/Workspace/turtlebot_ws/install/keyboard_sim' for CMake module files
[1.340s] Level 1:colcon.colcon_core.environment:checking '/home/pyo/Workspace/turtlebot_ws/install/keyboard_sim' for CMake config files
[1.340s] Level 1:colcon.colcon_core.shell:create_environment_hook('keyboard_sim', 'cmake_prefix_path')
[1.340s] INFO:colcon.colcon_core.shell:Creating environment hook '/home/pyo/Workspace/turtlebot_ws/install/keyboard_sim/share/keyboard_sim/hook/cmake_prefix_path.ps1'
[1.341s] INFO:colcon.colcon_core.shell:Creating environment descriptor '/home/pyo/Workspace/turtlebot_ws/install/keyboard_sim/share/keyboard_sim/hook/cmake_prefix_path.dsv'
[1.341s] INFO:colcon.colcon_core.shell:Creating environment hook '/home/pyo/Workspace/turtlebot_ws/install/keyboard_sim/share/keyboard_sim/hook/cmake_prefix_path.sh'
[1.342s] Level 1:colcon.colcon_core.environment:checking '/home/pyo/Workspace/turtlebot_ws/install/keyboard_sim/bin'
[1.342s] Level 1:colcon.colcon_core.environment:checking '/home/pyo/Workspace/turtlebot_ws/install/keyboard_sim/lib/pkgconfig/keyboard_sim.pc'
[1.342s] Level 1:colcon.colcon_core.environment:checking '/home/pyo/Workspace/turtlebot_ws/install/keyboard_sim/lib/python3.10/site-packages'
[1.342s] Level 1:colcon.colcon_core.environment:checking '/home/pyo/Workspace/turtlebot_ws/install/keyboard_sim/bin'
[1.343s] INFO:colcon.colcon_core.shell:Creating package script '/home/pyo/Workspace/turtlebot_ws/install/keyboard_sim/share/keyboard_sim/package.ps1'
[1.344s] INFO:colcon.colcon_core.shell:Creating package descriptor '/home/pyo/Workspace/turtlebot_ws/install/keyboard_sim/share/keyboard_sim/package.dsv'
[1.345s] INFO:colcon.colcon_core.shell:Creating package script '/home/pyo/Workspace/turtlebot_ws/install/keyboard_sim/share/keyboard_sim/package.sh'
[1.346s] INFO:colcon.colcon_core.shell:Creating package script '/home/pyo/Workspace/turtlebot_ws/install/keyboard_sim/share/keyboard_sim/package.bash'
[1.346s] INFO:colcon.colcon_core.shell:Creating package script '/home/pyo/Workspace/turtlebot_ws/install/keyboard_sim/share/keyboard_sim/package.zsh'
[1.347s] Level 1:colcon.colcon_core.environment:create_file_with_runtime_dependencies(/home/pyo/Workspace/turtlebot_ws/install/keyboard_sim/share/colcon-core/packages/keyboard_sim)
[1.348s] DEBUG:colcon.colcon_parallel_executor.executor.parallel:closing loop
[1.348s] DEBUG:colcon.colcon_parallel_executor.executor.parallel:loop closed
[1.348s] DEBUG:colcon.colcon_parallel_executor.executor.parallel:run_until_complete finished with '0'
[1.348s] DEBUG:colcon.colcon_core.event_reactor:joining thread
[1.355s] INFO:colcon.colcon_core.plugin_system:Skipping extension 'colcon_notification.desktop_notification.terminal_notifier': Not used on non-Darwin systems
[1.355s] INFO:colcon.colcon_core.plugin_system:Skipping extension 'colcon_notification.desktop_notification.win32': Not used on non-Windows systems
[1.355s] INFO:colcon.colcon_notification.desktop_notification:Sending desktop notification using 'notify2'
[1.371s] DEBUG:colcon.colcon_core.event_reactor:joined thread
[1.372s] INFO:colcon.colcon_core.shell:Creating prefix script '/home/pyo/Workspace/turtlebot_ws/install/local_setup.ps1'
[1.374s] INFO:colcon.colcon_core.shell:Creating prefix util module '/home/pyo/Workspace/turtlebot_ws/install/_local_setup_util_ps1.py'
[1.377s] INFO:colcon.colcon_core.shell:Creating prefix chain script '/home/pyo/Workspace/turtlebot_ws/install/setup.ps1'
[1.378s] INFO:colcon.colcon_core.shell:Creating prefix script '/home/pyo/Workspace/turtlebot_ws/install/local_setup.sh'
[1.379s] INFO:colcon.colcon_core.shell:Creating prefix util module '/home/pyo/Workspace/turtlebot_ws/install/_local_setup_util_sh.py'
[1.380s] INFO:colcon.colcon_core.shell:Creating prefix chain script '/home/pyo/Workspace/turtlebot_ws/install/setup.sh'
[1.381s] INFO:colcon.colcon_core.shell:Creating prefix script '/home/pyo/Workspace/turtlebot_ws/install/local_setup.bash'
[1.382s] INFO:colcon.colcon_core.shell:Creating prefix chain script '/home/pyo/Workspace/turtlebot_ws/install/setup.bash'
[1.383s] INFO:colcon.colcon_core.shell:Creating prefix script '/home/pyo/Workspace/turtlebot_ws/install/local_setup.zsh'
[1.384s] INFO:colcon.colcon_core.shell:Creating prefix chain script '/home/pyo/Workspace/turtlebot_ws/install/setup.zsh'
