[0.773s] Invoking command in '/home/pyo/Workspace/turtlebot_ws/src/bridge_uart': PYTHONPATH=/home/pyo/Workspace/turtlebot_ws/build/bridge_uart/prefix_override:/usr/lib/python3/dist-packages/colcon_core/task/python/colcon_distutils_commands:/home/pyo/Workspace/turtlebot_ws/install/bridge_uart/lib/python3.10/site-packages:${PYTHONPATH} /usr/bin/python3 -W ignore:setup.py install is deprecated -W ignore:easy_install command is deprecated setup.py egg_info --egg-base ../../build/bridge_uart build --build-base /home/pyo/Workspace/turtlebot_ws/build/bridge_uart/build install --record /home/pyo/Workspace/turtlebot_ws/build/bridge_uart/install.log --single-version-externally-managed install_data
[0.940s] running egg_info
[0.941s] creating ../../build/bridge_uart/bridge_uart.egg-info
[0.941s] writing ../../build/bridge_uart/bridge_uart.egg-info/PKG-INFO
[0.941s] writing dependency_links to ../../build/bridge_uart/bridge_uart.egg-info/dependency_links.txt
[0.941s] writing entry points to ../../build/bridge_uart/bridge_uart.egg-info/entry_points.txt
[0.941s] writing requirements to ../../build/bridge_uart/bridge_uart.egg-info/requires.txt
[0.941s] writing top-level names to ../../build/bridge_uart/bridge_uart.egg-info/top_level.txt
[0.942s] writing manifest file '../../build/bridge_uart/bridge_uart.egg-info/SOURCES.txt'
[0.943s] reading manifest file '../../build/bridge_uart/bridge_uart.egg-info/SOURCES.txt'
[0.943s] writing manifest file '../../build/bridge_uart/bridge_uart.egg-info/SOURCES.txt'
[0.944s] running build
[0.944s] running build_py
[0.944s] creating /home/pyo/Workspace/turtlebot_ws/build/bridge_uart/build
[0.944s] creating /home/pyo/Workspace/turtlebot_ws/build/bridge_uart/build/lib
[0.944s] creating /home/pyo/Workspace/turtlebot_ws/build/bridge_uart/build/lib/bridge_uart
[0.944s] copying bridge_uart/cmdvel_to_uart.py -> /home/pyo/Workspace/turtlebot_ws/build/bridge_uart/build/lib/bridge_uart
[0.944s] copying bridge_uart/__init__.py -> /home/pyo/Workspace/turtlebot_ws/build/bridge_uart/build/lib/bridge_uart
[0.944s] running install
[0.945s] running install_lib
[0.945s] creating /home/pyo/Workspace/turtlebot_ws/install/bridge_uart/lib/python3.10/site-packages/bridge_uart
[0.945s] copying /home/pyo/Workspace/turtlebot_ws/build/bridge_uart/build/lib/bridge_uart/cmdvel_to_uart.py -> /home/pyo/Workspace/turtlebot_ws/install/bridge_uart/lib/python3.10/site-packages/bridge_uart
[0.945s] copying /home/pyo/Workspace/turtlebot_ws/build/bridge_uart/build/lib/bridge_uart/__init__.py -> /home/pyo/Workspace/turtlebot_ws/install/bridge_uart/lib/python3.10/site-packages/bridge_uart
[0.945s] byte-compiling /home/pyo/Workspace/turtlebot_ws/install/bridge_uart/lib/python3.10/site-packages/bridge_uart/cmdvel_to_uart.py to cmdvel_to_uart.cpython-310.pyc
[0.945s] byte-compiling /home/pyo/Workspace/turtlebot_ws/install/bridge_uart/lib/python3.10/site-packages/bridge_uart/__init__.py to __init__.cpython-310.pyc
[0.945s] running install_data
[0.946s] creating /home/pyo/Workspace/turtlebot_ws/install/bridge_uart/share/ament_index
[0.946s] creating /home/pyo/Workspace/turtlebot_ws/install/bridge_uart/share/ament_index/resource_index
[0.946s] creating /home/pyo/Workspace/turtlebot_ws/install/bridge_uart/share/ament_index/resource_index/packages
[0.946s] copying resource/bridge_uart -> /home/pyo/Workspace/turtlebot_ws/install/bridge_uart/share/ament_index/resource_index/packages
[0.946s] copying package.xml -> /home/pyo/Workspace/turtlebot_ws/install/bridge_uart/share/bridge_uart
[0.947s] running install_egg_info
[0.948s] Copying ../../build/bridge_uart/bridge_uart.egg-info to /home/pyo/Workspace/turtlebot_ws/install/bridge_uart/lib/python3.10/site-packages/bridge_uart-0.0.0-py3.10.egg-info
[0.948s] running install_scripts
[0.961s] Installing cmdvel_to_uart script to /home/pyo/Workspace/turtlebot_ws/install/bridge_uart/lib/bridge_uart
[0.962s] writing list of installed files to '/home/pyo/Workspace/turtlebot_ws/build/bridge_uart/install.log'
[0.978s] Invoked command in '/home/pyo/Workspace/turtlebot_ws/src/bridge_uart' returned '0': PYTHONPATH=/home/pyo/Workspace/turtlebot_ws/build/bridge_uart/prefix_override:/usr/lib/python3/dist-packages/colcon_core/task/python/colcon_distutils_commands:/home/pyo/Workspace/turtlebot_ws/install/bridge_uart/lib/python3.10/site-packages:${PYTHONPATH} /usr/bin/python3 -W ignore:setup.py install is deprecated -W ignore:easy_install command is deprecated setup.py egg_info --egg-base ../../build/bridge_uart build --build-base /home/pyo/Workspace/turtlebot_ws/build/bridge_uart/build install --record /home/pyo/Workspace/turtlebot_ws/build/bridge_uart/install.log --single-version-externally-managed install_data
